<?xml version="1.0" encoding="UTF-8"?>
<robot generator="Robot 4.0b1 (Python 3.9.1 on win32)" generated="20201222 16:18:28.583" rpa="false">
<suite id="s1" name="Tests" source="C:\Samuel\Robot_Framework_Examples\Tests">
<suite id="s1-s1" name="Web" source="C:\Samuel\Robot_Framework_Examples\Tests\Web">
<suite id="s1-s1-s1" name="Seleniumeasy" source="C:\Samuel\Robot_Framework_Examples\Tests\Web\seleniumeasy.robot">
<kw name="Open Page and Close Pop Up" type="setup">
<kw name="Open Web Page">
<kw name="Open Browser" library="SeleniumLibrary">
<doc>Opens a new browser instance to the optional ``url``.</doc>
<arguments>
<arg>${url}</arg>
<arg>${browser}</arg>
</arguments>
<msg timestamp="20201222 16:18:29.055" level="INFO">Opening browser 'chrome' to base url 'https://www.seleniumeasy.com/test/'.</msg>
<status status="PASS" starttime="20201222 16:18:29.054" endtime="20201222 16:18:35.835"></status>
</kw>
<kw name="Maximize Browser Window" library="SeleniumLibrary">
<doc>Maximizes current browser window.</doc>
<status status="PASS" starttime="20201222 16:18:35.835" endtime="20201222 16:18:36.058"></status>
</kw>
<status status="PASS" starttime="20201222 16:18:29.054" endtime="20201222 16:18:36.059"></status>
</kw>
<kw name="Close the Pop Up">
<kw name="Wait Until Element Is Visible" library="SeleniumLibrary">
<doc>Waits until the element ``locator`` is visible.</doc>
<arguments>
<arg>${pop_up_no_button}</arg>
</arguments>
<status status="PASS" starttime="20201222 16:18:36.059" endtime="20201222 16:18:36.159"></status>
</kw>
<kw name="Click Element" library="SeleniumLibrary">
<doc>Click the element identified by ``locator``.</doc>
<arguments>
<arg>${pop_up_no_button}</arg>
</arguments>
<msg timestamp="20201222 16:18:36.159" level="INFO">Clicking element '//div//a[@class='at-cv-button at-cv-lightbox-yesno at-cm-no-button']'.</msg>
<status status="PASS" starttime="20201222 16:18:36.159" endtime="20201222 16:18:36.239"></status>
</kw>
<status status="PASS" starttime="20201222 16:18:36.059" endtime="20201222 16:18:36.239"></status>
</kw>
<status status="PASS" starttime="20201222 16:18:29.054" endtime="20201222 16:18:36.239"></status>
</kw>
<test id="s1-s1-s1-t1" name="Checkbox">
<kw name="Open Checkbox Menu">
<kw name="Click Element" library="SeleniumLibrary">
<doc>Click the element identified by ``locator``.</doc>
<arguments>
<arg>${input_forms}</arg>
</arguments>
<msg timestamp="20201222 16:18:36.241" level="INFO">Clicking element '//li[@class='tree-branch']//a[text()='Input Forms']'.</msg>
<status status="PASS" starttime="20201222 16:18:36.241" endtime="20201222 16:18:36.323"></status>
</kw>
<kw name="Click Element" library="SeleniumLibrary">
<doc>Click the element identified by ``locator``.</doc>
<arguments>
<arg>${checkbox_demo}</arg>
</arguments>
<msg timestamp="20201222 16:18:36.324" level="INFO">Clicking element '//li[@class='tree-branch']//a[text()='Checkbox Demo']'.</msg>
<status status="PASS" starttime="20201222 16:18:36.324" endtime="20201222 16:18:37.056"></status>
</kw>
<kw name="Scroll Element Into View" library="SeleniumLibrary">
<doc>Scrolls the element identified by ``locator`` into view.</doc>
<arguments>
<arg>${check_button}</arg>
</arguments>
<status status="PASS" starttime="20201222 16:18:37.056" endtime="20201222 16:18:37.347"></status>
</kw>
<kw name="Capture Page Screenshot" library="SeleniumLibrary">
<doc>Takes a screenshot of the current page and embeds it into a log file.</doc>
<msg timestamp="20201222 16:18:37.751" level="INFO" html="yes">&lt;/td&gt;&lt;/tr&gt;&lt;tr&gt;&lt;td colspan="3"&gt;&lt;a href="selenium-screenshot-1.png"&gt;&lt;img src="selenium-screenshot-1.png" width="800px"&gt;&lt;/a&gt;</msg>
<status status="PASS" starttime="20201222 16:18:37.348" endtime="20201222 16:18:37.751"></status>
</kw>
<status status="PASS" starttime="20201222 16:18:36.241" endtime="20201222 16:18:37.751"></status>
</kw>
<kw name="Click Random Checkbox">
<kw name="Generate Random Number" library="Keywords">
<arguments>
<arg>1</arg>
<arg>4</arg>
</arguments>
<assign>
<var>${number}</var>
</assign>
<msg timestamp="20201222 16:18:37.752" level="INFO">generated the number: 2</msg>
<msg timestamp="20201222 16:18:37.753" level="INFO">${number} = 2</msg>
<status status="PASS" starttime="20201222 16:18:37.752" endtime="20201222 16:18:37.753"></status>
</kw>
<kw name="Replace Variables" library="BuiltIn">
<doc>Replaces variables in the given text with their current values.</doc>
<arguments>
<arg>${checkbox}</arg>
</arguments>
<assign>
<var>${checkbox_number}</var>
</assign>
<msg timestamp="20201222 16:18:37.753" level="INFO">${checkbox_number} = //input[@class='cb1-element'][following-sibling::text()='Option 2']</msg>
<status status="PASS" starttime="20201222 16:18:37.753" endtime="20201222 16:18:37.753"></status>
</kw>
<kw name="Select Checkbox" library="SeleniumLibrary">
<doc>Selects the checkbox identified by ``locator``.</doc>
<arguments>
<arg>${checkbox_number}</arg>
</arguments>
<msg timestamp="20201222 16:18:37.753" level="INFO">Selecting checkbox '//input[@class='cb1-element'][following-sibling::text()='Option 2']'.</msg>
<status status="PASS" starttime="20201222 16:18:37.753" endtime="20201222 16:18:37.842"></status>
</kw>
<kw name="Capture Page Screenshot" library="SeleniumLibrary">
<doc>Takes a screenshot of the current page and embeds it into a log file.</doc>
<msg timestamp="20201222 16:18:38.251" level="INFO" html="yes">&lt;/td&gt;&lt;/tr&gt;&lt;tr&gt;&lt;td colspan="3"&gt;&lt;a href="selenium-screenshot-2.png"&gt;&lt;img src="selenium-screenshot-2.png" width="800px"&gt;&lt;/a&gt;</msg>
<status status="PASS" starttime="20201222 16:18:37.843" endtime="20201222 16:18:38.251"></status>
</kw>
<kw name="Checkbox Should Be Selected" library="SeleniumLibrary">
<doc>Verifies checkbox ``locator`` is selected/checked.</doc>
<arguments>
<arg>${checkbox_number}</arg>
</arguments>
<msg timestamp="20201222 16:18:38.252" level="INFO">Verifying checkbox '//input[@class='cb1-element'][following-sibling::text()='Option 2']' is selected.</msg>
<status status="PASS" starttime="20201222 16:18:38.252" endtime="20201222 16:18:38.283"></status>
</kw>
<status status="PASS" starttime="20201222 16:18:37.752" endtime="20201222 16:18:38.283"></status>
</kw>
<kw name="Click Check All">
<kw name="Click Button" library="SeleniumLibrary">
<doc>Clicks the button identified by ``locator``.</doc>
<arguments>
<arg>${check_button}</arg>
</arguments>
<msg timestamp="20201222 16:18:38.285" level="INFO">Clicking button 'id=check1'.</msg>
<status status="PASS" starttime="20201222 16:18:38.284" endtime="20201222 16:18:38.353"></status>
</kw>
<status status="PASS" starttime="20201222 16:18:38.284" endtime="20201222 16:18:38.353"></status>
</kw>
<kw name="Verify All Checkbox Check">
<kw name="Capture Page Screenshot" library="SeleniumLibrary">
<doc>Takes a screenshot of the current page and embeds it into a log file.</doc>
<msg timestamp="20201222 16:18:38.753" level="INFO" html="yes">&lt;/td&gt;&lt;/tr&gt;&lt;tr&gt;&lt;td colspan="3"&gt;&lt;a href="selenium-screenshot-3.png"&gt;&lt;img src="selenium-screenshot-3.png" width="800px"&gt;&lt;/a&gt;</msg>
<status status="PASS" starttime="20201222 16:18:38.355" endtime="20201222 16:18:38.753"></status>
</kw>
<kw name="${number} IN RANGE [ 1 | 5 ]" type="for">
<kw name="${number} = 1" type="foritem">
<kw name="Replace Variables" library="BuiltIn">
<doc>Replaces variables in the given text with their current values.</doc>
<arguments>
<arg>${checkbox}</arg>
</arguments>
<assign>
<var>${checkbox_number}</var>
</assign>
<msg timestamp="20201222 16:18:38.759" level="INFO">${checkbox_number} = //input[@class='cb1-element'][following-sibling::text()='Option 1']</msg>
<status status="PASS" starttime="20201222 16:18:38.758" endtime="20201222 16:18:38.759"></status>
</kw>
<kw name="Checkbox Should Be Selected" library="SeleniumLibrary">
<doc>Verifies checkbox ``locator`` is selected/checked.</doc>
<arguments>
<arg>${checkbox_number}</arg>
</arguments>
<msg timestamp="20201222 16:18:38.760" level="INFO">Verifying checkbox '//input[@class='cb1-element'][following-sibling::text()='Option 1']' is selected.</msg>
<status status="PASS" starttime="20201222 16:18:38.760" endtime="20201222 16:18:38.846"></status>
</kw>
<status status="PASS" starttime="20201222 16:18:38.754" endtime="20201222 16:18:38.846"></status>
</kw>
<kw name="${number} = 2" type="foritem">
<kw name="Replace Variables" library="BuiltIn">
<doc>Replaces variables in the given text with their current values.</doc>
<arguments>
<arg>${checkbox}</arg>
</arguments>
<assign>
<var>${checkbox_number}</var>
</assign>
<msg timestamp="20201222 16:18:38.847" level="INFO">${checkbox_number} = //input[@class='cb1-element'][following-sibling::text()='Option 2']</msg>
<status status="PASS" starttime="20201222 16:18:38.847" endtime="20201222 16:18:38.848"></status>
</kw>
<kw name="Checkbox Should Be Selected" library="SeleniumLibrary">
<doc>Verifies checkbox ``locator`` is selected/checked.</doc>
<arguments>
<arg>${checkbox_number}</arg>
</arguments>
<msg timestamp="20201222 16:18:38.848" level="INFO">Verifying checkbox '//input[@class='cb1-element'][following-sibling::text()='Option 2']' is selected.</msg>
<status status="PASS" starttime="20201222 16:18:38.848" endtime="20201222 16:18:38.880"></status>
</kw>
<status status="PASS" starttime="20201222 16:18:38.847" endtime="20201222 16:18:38.880"></status>
</kw>
<kw name="${number} = 3" type="foritem">
<kw name="Replace Variables" library="BuiltIn">
<doc>Replaces variables in the given text with their current values.</doc>
<arguments>
<arg>${checkbox}</arg>
</arguments>
<assign>
<var>${checkbox_number}</var>
</assign>
<msg timestamp="20201222 16:18:38.880" level="INFO">${checkbox_number} = //input[@class='cb1-element'][following-sibling::text()='Option 3']</msg>
<status status="PASS" starttime="20201222 16:18:38.880" endtime="20201222 16:18:38.880"></status>
</kw>
<kw name="Checkbox Should Be Selected" library="SeleniumLibrary">
<doc>Verifies checkbox ``locator`` is selected/checked.</doc>
<arguments>
<arg>${checkbox_number}</arg>
</arguments>
<msg timestamp="20201222 16:18:38.881" level="INFO">Verifying checkbox '//input[@class='cb1-element'][following-sibling::text()='Option 3']' is selected.</msg>
<status status="PASS" starttime="20201222 16:18:38.881" endtime="20201222 16:18:38.920"></status>
</kw>
<status status="PASS" starttime="20201222 16:18:38.880" endtime="20201222 16:18:38.920"></status>
</kw>
<kw name="${number} = 4" type="foritem">
<kw name="Replace Variables" library="BuiltIn">
<doc>Replaces variables in the given text with their current values.</doc>
<arguments>
<arg>${checkbox}</arg>
</arguments>
<assign>
<var>${checkbox_number}</var>
</assign>
<msg timestamp="20201222 16:18:38.921" level="INFO">${checkbox_number} = //input[@class='cb1-element'][following-sibling::text()='Option 4']</msg>
<status status="PASS" starttime="20201222 16:18:38.921" endtime="20201222 16:18:38.921"></status>
</kw>
<kw name="Checkbox Should Be Selected" library="SeleniumLibrary">
<doc>Verifies checkbox ``locator`` is selected/checked.</doc>
<arguments>
<arg>${checkbox_number}</arg>
</arguments>
<msg timestamp="20201222 16:18:38.922" level="INFO">Verifying checkbox '//input[@class='cb1-element'][following-sibling::text()='Option 4']' is selected.</msg>
<status status="PASS" starttime="20201222 16:18:38.921" endtime="20201222 16:18:38.958"></status>
</kw>
<status status="PASS" starttime="20201222 16:18:38.920" endtime="20201222 16:18:38.958"></status>
</kw>
<status status="PASS" starttime="20201222 16:18:38.754" endtime="20201222 16:18:38.958"></status>
</kw>
<status status="PASS" starttime="20201222 16:18:38.354" endtime="20201222 16:18:38.958"></status>
</kw>
<kw name="Click Uncheck All">
<kw name="Click Button" library="SeleniumLibrary">
<doc>Clicks the button identified by ``locator``.</doc>
<arguments>
<arg>${check_button}</arg>
</arguments>
<msg timestamp="20201222 16:18:38.959" level="INFO">Clicking button 'id=check1'.</msg>
<status status="PASS" starttime="20201222 16:18:38.959" endtime="20201222 16:18:39.007"></status>
</kw>
<status status="PASS" starttime="20201222 16:18:38.958" endtime="20201222 16:18:39.008"></status>
</kw>
<kw name="Verify ALl Checkbox Uncheck">
<kw name="Capture Page Screenshot" library="SeleniumLibrary">
<doc>Takes a screenshot of the current page and embeds it into a log file.</doc>
<msg timestamp="20201222 16:18:39.452" level="INFO" html="yes">&lt;/td&gt;&lt;/tr&gt;&lt;tr&gt;&lt;td colspan="3"&gt;&lt;a href="selenium-screenshot-4.png"&gt;&lt;img src="selenium-screenshot-4.png" width="800px"&gt;&lt;/a&gt;</msg>
<status status="PASS" starttime="20201222 16:18:39.009" endtime="20201222 16:18:39.452"></status>
</kw>
<kw name="${number} IN RANGE [ 1 | 5 ]" type="for">
<kw name="${number} = 1" type="foritem">
<kw name="Replace Variables" library="BuiltIn">
<doc>Replaces variables in the given text with their current values.</doc>
<arguments>
<arg>${checkbox}</arg>
</arguments>
<assign>
<var>${checkbox_number}</var>
</assign>
<msg timestamp="20201222 16:18:39.453" level="INFO">${checkbox_number} = //input[@class='cb1-element'][following-sibling::text()='Option 1']</msg>
<status status="PASS" starttime="20201222 16:18:39.452" endtime="20201222 16:18:39.453"></status>
</kw>
<kw name="Checkbox Should Not Be Selected" library="SeleniumLibrary">
<doc>Verifies checkbox ``locator`` is not selected/checked.</doc>
<arguments>
<arg>${checkbox_number}</arg>
</arguments>
<msg timestamp="20201222 16:18:39.453" level="INFO">Verifying checkbox '//input[@class='cb1-element'][following-sibling::text()='Option 1']' is not selected.</msg>
<status status="PASS" starttime="20201222 16:18:39.453" endtime="20201222 16:18:39.479"></status>
</kw>
<status status="PASS" starttime="20201222 16:18:39.452" endtime="20201222 16:18:39.479"></status>
</kw>
<kw name="${number} = 2" type="foritem">
<kw name="Replace Variables" library="BuiltIn">
<doc>Replaces variables in the given text with their current values.</doc>
<arguments>
<arg>${checkbox}</arg>
</arguments>
<assign>
<var>${checkbox_number}</var>
</assign>
<msg timestamp="20201222 16:18:39.480" level="INFO">${checkbox_number} = //input[@class='cb1-element'][following-sibling::text()='Option 2']</msg>
<status status="PASS" starttime="20201222 16:18:39.479" endtime="20201222 16:18:39.480"></status>
</kw>
<kw name="Checkbox Should Not Be Selected" library="SeleniumLibrary">
<doc>Verifies checkbox ``locator`` is not selected/checked.</doc>
<arguments>
<arg>${checkbox_number}</arg>
</arguments>
<msg timestamp="20201222 16:18:39.480" level="INFO">Verifying checkbox '//input[@class='cb1-element'][following-sibling::text()='Option 2']' is not selected.</msg>
<status status="PASS" starttime="20201222 16:18:39.480" endtime="20201222 16:18:39.508"></status>
</kw>
<status status="PASS" starttime="20201222 16:18:39.479" endtime="20201222 16:18:39.508"></status>
</kw>
<kw name="${number} = 3" type="foritem">
<kw name="Replace Variables" library="BuiltIn">
<doc>Replaces variables in the given text with their current values.</doc>
<arguments>
<arg>${checkbox}</arg>
</arguments>
<assign>
<var>${checkbox_number}</var>
</assign>
<msg timestamp="20201222 16:18:39.509" level="INFO">${checkbox_number} = //input[@class='cb1-element'][following-sibling::text()='Option 3']</msg>
<status status="PASS" starttime="20201222 16:18:39.508" endtime="20201222 16:18:39.509"></status>
</kw>
<kw name="Checkbox Should Not Be Selected" library="SeleniumLibrary">
<doc>Verifies checkbox ``locator`` is not selected/checked.</doc>
<arguments>
<arg>${checkbox_number}</arg>
</arguments>
<msg timestamp="20201222 16:18:39.510" level="INFO">Verifying checkbox '//input[@class='cb1-element'][following-sibling::text()='Option 3']' is not selected.</msg>
<status status="PASS" starttime="20201222 16:18:39.509" endtime="20201222 16:18:39.539"></status>
</kw>
<status status="PASS" starttime="20201222 16:18:39.508" endtime="20201222 16:18:39.539"></status>
</kw>
<kw name="${number} = 4" type="foritem">
<kw name="Replace Variables" library="BuiltIn">
<doc>Replaces variables in the given text with their current values.</doc>
<arguments>
<arg>${checkbox}</arg>
</arguments>
<assign>
<var>${checkbox_number}</var>
</assign>
<msg timestamp="20201222 16:18:39.540" level="INFO">${checkbox_number} = //input[@class='cb1-element'][following-sibling::text()='Option 4']</msg>
<status status="PASS" starttime="20201222 16:18:39.539" endtime="20201222 16:18:39.540"></status>
</kw>
<kw name="Checkbox Should Not Be Selected" library="SeleniumLibrary">
<doc>Verifies checkbox ``locator`` is not selected/checked.</doc>
<arguments>
<arg>${checkbox_number}</arg>
</arguments>
<msg timestamp="20201222 16:18:39.540" level="INFO">Verifying checkbox '//input[@class='cb1-element'][following-sibling::text()='Option 4']' is not selected.</msg>
<status status="PASS" starttime="20201222 16:18:39.540" endtime="20201222 16:18:39.568"></status>
</kw>
<status status="PASS" starttime="20201222 16:18:39.539" endtime="20201222 16:18:39.568"></status>
</kw>
<status status="PASS" starttime="20201222 16:18:39.452" endtime="20201222 16:18:39.568"></status>
</kw>
<status status="PASS" starttime="20201222 16:18:39.008" endtime="20201222 16:18:39.568"></status>
</kw>
<doc>This test randomly marks 1 of the 4 checkboxes on the page and checks whether it is actually
checked. After that, the functionality of the "check all" button is tested.</doc>
<tags>
<tag>Web</tag>
</tags>
<status status="PASS" starttime="20201222 16:18:36.239" endtime="20201222 16:18:39.569"></status>
</test>
<kw name="Close Browser" library="SeleniumLibrary" type="teardown">
<doc>Closes the current browser.</doc>
<status status="PASS" starttime="20201222 16:18:39.571" endtime="20201222 16:18:42.493"></status>
</kw>
<doc>Simple test using Selenium, imported variables and keywords from python.</doc>
<status status="PASS" starttime="20201222 16:18:28.642" endtime="20201222 16:18:42.493"></status>
</suite>
<status status="PASS" starttime="20201222 16:18:28.636" endtime="20201222 16:18:42.497"></status>
</suite>
<suite id="s1-s2" name="Webservices" source="C:\Samuel\Robot_Framework_Examples\Tests\Webservices">
<suite id="s1-s2-s1" name="REST" source="C:\Samuel\Robot_Framework_Examples\Tests\Webservices\REST.robot">
<test id="s1-s2-s1-t1" name="Open_Weather">
<kw name="Connect OpenWeather API">
<kw name="Create Session" library="RequestsLibrary">
<doc>Create Session: create a HTTP session to a server</doc>
<arguments>
<arg>OpenWeather</arg>
<arg>http://api.openweathermap.org</arg>
<arg>disable_warnings=1</arg>
</arguments>
<msg timestamp="20201222 16:18:43.017" level="INFO">Creating Session using : alias=OpenWeather, url=http://api.openweathermap.org, headers={},                     cookies={}, auth=None, timeout=None, proxies=None, verify=False,                     debug=0 </msg>
<status status="PASS" starttime="20201222 16:18:43.016" endtime="20201222 16:18:43.018"></status>
</kw>
<status status="PASS" starttime="20201222 16:18:43.016" endtime="20201222 16:18:43.018"></status>
</kw>
<kw name="Show City Information">
<doc>Getting the same information in two different ways. (The city is on parameter 'id')</doc>
<kw name="Get Request" library="RequestsLibrary">
<doc>Send a GET request on the session object found using the
given `alias`</doc>
<arguments>
<arg>OpenWeather</arg>
<arg>/data/2.5/weather</arg>
<arg>params=&amp;{params}</arg>
</arguments>
<assign>
<var>${response}</var>
</assign>
<msg timestamp="20201222 16:18:43.155" level="INFO">GET Request : url=http://api.openweathermap.org/data/2.5/weather?id=2739187&amp;appid=921689f02b330ad351a53b601daf96bc&amp;units=metric 
 path_url=/data/2.5/weather?id=2739187&amp;appid=921689f02b330ad351a53b601daf96bc&amp;units=metric 
 headers={'User-Agent': 'python-requests/2.25.1', 'Accept-Encoding': 'gzip, deflate', 'Accept': '*/*', 'Connection': 'keep-alive'} 
 body=None 
 </msg>
<msg timestamp="20201222 16:18:43.155" level="INFO">GET Response : url=http://api.openweathermap.org/data/2.5/weather?id=2739187&amp;appid=921689f02b330ad351a53b601daf96bc&amp;units=metric 
 status=200, reason=OK 
 body={"coord":{"lon":-7.5,"lat":40.14},"weather":[{"id":803,"main":"Clouds","description":"broken clouds","icon":"04d"}],"base":"stations","main":{"temp":15.55,"feels_like":15.35,"temp_min":14.44,"temp_max":16.67,"pressure":996,"humidity":82},"visibility":10000,"wind":{"speed":1.39,"deg":138},"clouds":{"all":57},"dt":1608653561,"sys":{"type":3,"id":2032854,"country":"PT","sunrise":1608623366,"sunset":1608656881},"timezone":0,"id":2739187,"name":"Fundão","cod":200} 
 </msg>
<msg timestamp="20201222 16:18:43.156" level="INFO">${response} = &lt;Response [200]&gt;</msg>
<status status="PASS" starttime="20201222 16:18:43.019" endtime="20201222 16:18:43.156"></status>
</kw>
<kw name="Log" library="BuiltIn">
<doc>Logs the given message with the given level.</doc>
<arguments>
<arg>Status code = ${response.status_code}</arg>
</arguments>
<msg timestamp="20201222 16:18:43.158" level="INFO">Status code = 200</msg>
<status status="PASS" starttime="20201222 16:18:43.157" endtime="20201222 16:18:43.159"></status>
</kw>
<kw name="Comment" library="BuiltIn">
<doc>Displays the given messages in the log file as keyword arguments.</doc>
<arguments>
<arg>Complete response as pretty print JSON</arg>
</arguments>
<status status="PASS" starttime="20201222 16:18:43.159" endtime="20201222 16:18:43.160"></status>
</kw>
<kw name="To Json" library="RequestsLibrary">
<doc>Convert a string to a JSON object</doc>
<arguments>
<arg>${response.content}</arg>
<arg>pretty_print=True</arg>
</arguments>
<assign>
<var>${response_json}</var>
</assign>
<msg timestamp="20201222 16:18:43.161" level="INFO">To JSON using : content={"coord":{"lon":-7.5,"lat":40.14},"weather":[{"id":803,"main":"Clouds","description":"broken clouds","icon":"04d"}],"base":"stations","main":{"temp":15.55,"feels_like":15.35,"temp_min":14.44,"temp_max":16.67,"pressure":996,"humidity":82},"visibility":10000,"wind":{"speed":1.39,"deg":138},"clouds":{"all":57},"dt":1608653561,"sys":{"type":3,"id":2032854,"country":"PT","sunrise":1608623366,"sunset":1608656881},"timezone":0,"id":2739187,"name":"Fundão","cod":200} </msg>
<msg timestamp="20201222 16:18:43.162" level="INFO">To JSON using : pretty_print=True </msg>
<msg timestamp="20201222 16:18:43.162" level="INFO">${response_json} = {
    "base": "stations",
    "clouds": {
        "all": 57
    },
    "cod": 200,
    "coord": {
        "lat": 40.14,
        "lon": -7.5
    },
    "dt": 1608653561,
    "id": 2739187,
    "main": ...</msg>
<status status="PASS" starttime="20201222 16:18:43.160" endtime="20201222 16:18:43.162"></status>
</kw>
<kw name="Log" library="BuiltIn">
<doc>Logs the given message with the given level.</doc>
<arguments>
<arg>${response_json}</arg>
</arguments>
<msg timestamp="20201222 16:18:43.163" level="INFO">{
    "base": "stations",
    "clouds": {
        "all": 57
    },
    "cod": 200,
    "coord": {
        "lat": 40.14,
        "lon": -7.5
    },
    "dt": 1608653561,
    "id": 2739187,
    "main": {
        "feels_like": 15.35,
        "humidity": 82,
        "pressure": 996,
        "temp": 15.55,
        "temp_max": 16.67,
        "temp_min": 14.44
    },
    "name": "Fund\u00e3o",
    "sys": {
        "country": "PT",
        "id": 2032854,
        "sunrise": 1608623366,
        "sunset": 1608656881,
        "type": 3
    },
    "timezone": 0,
    "visibility": 10000,
    "weather": [
        {
            "description": "broken clouds",
            "icon": "04d",
            "id": 803,
            "main": "Clouds"
        }
    ],
    "wind": {
        "deg": 138,
        "speed": 1.39
    }
}</msg>
<status status="PASS" starttime="20201222 16:18:43.162" endtime="20201222 16:18:43.163"></status>
</kw>
<kw name="Comment" library="BuiltIn">
<doc>Displays the given messages in the log file as keyword arguments.</doc>
<arguments>
<arg>Accessing the values individually</arg>
</arguments>
<status status="PASS" starttime="20201222 16:18:43.164" endtime="20201222 16:18:43.164"></status>
</kw>
<kw name="Log" library="BuiltIn">
<doc>Logs the given message with the given level.</doc>
<arguments>
<arg>City: ${response.json()["name"]}</arg>
</arguments>
<msg timestamp="20201222 16:18:43.166" level="INFO">City: Fundão</msg>
<status status="PASS" starttime="20201222 16:18:43.164" endtime="20201222 16:18:43.166"></status>
</kw>
<kw name="Log" library="BuiltIn">
<doc>Logs the given message with the given level.</doc>
<arguments>
<arg>Temperature: ${response.json()["main"]["temp"]}</arg>
</arguments>
<msg timestamp="20201222 16:18:43.170" level="INFO">Temperature: 15.55</msg>
<status status="PASS" starttime="20201222 16:18:43.167" endtime="20201222 16:18:43.170"></status>
</kw>
<kw name="Log" library="BuiltIn">
<doc>Logs the given message with the given level.</doc>
<arguments>
<arg>Clime: ${response.json()["weather"][0]["main"]}</arg>
</arguments>
<msg timestamp="20201222 16:18:43.173" level="INFO">Clime: Clouds</msg>
<status status="PASS" starttime="20201222 16:18:43.170" endtime="20201222 16:18:43.173"></status>
</kw>
<kw name="Comment" library="BuiltIn">
<doc>Displays the given messages in the log file as keyword arguments.</doc>
<arguments>
<arg>Handling the response as a JSON</arg>
</arguments>
<status status="PASS" starttime="20201222 16:18:43.173" endtime="20201222 16:18:43.174"></status>
</kw>
<kw name="Set Variable" library="BuiltIn">
<doc>Returns the given values which can then be assigned to a variables.</doc>
<arguments>
<arg>${response.json()}</arg>
</arguments>
<assign>
<var>${response_json}</var>
</assign>
<msg timestamp="20201222 16:18:43.176" level="INFO">${response_json} = {'coord': {'lon': -7.5, 'lat': 40.14}, 'weather': [{'id': 803, 'main': 'Clouds', 'description': 'broken clouds', 'icon': '04d'}], 'base': 'stations', 'main': {'temp': 15.55, 'feels_like': 15.35, 'temp...</msg>
<status status="PASS" starttime="20201222 16:18:43.174" endtime="20201222 16:18:43.176"></status>
</kw>
<kw name="Get Value From Json" library="JSONLibrary">
<doc>Get Value From JSON using JSONPath</doc>
<arguments>
<arg>${response_json}</arg>
<arg>$.name</arg>
</arguments>
<assign>
<var>${city}</var>
</assign>
<msg timestamp="20201222 16:18:43.251" level="INFO">${city} = ['Fundão']</msg>
<status status="PASS" starttime="20201222 16:18:43.176" endtime="20201222 16:18:43.251"></status>
</kw>
<kw name="Get Value From Json" library="JSONLibrary">
<doc>Get Value From JSON using JSONPath</doc>
<arguments>
<arg>${response_json}</arg>
<arg>$.main.temp</arg>
</arguments>
<assign>
<var>${temperature}</var>
</assign>
<msg timestamp="20201222 16:18:43.286" level="INFO">${temperature} = [15.55]</msg>
<status status="PASS" starttime="20201222 16:18:43.251" endtime="20201222 16:18:43.286"></status>
</kw>
<kw name="Get Value From Json" library="JSONLibrary">
<doc>Get Value From JSON using JSONPath</doc>
<arguments>
<arg>${response_json}</arg>
<arg>$.weather[0].main</arg>
</arguments>
<assign>
<var>${clime}</var>
</assign>
<msg timestamp="20201222 16:18:43.321" level="INFO">${clime} = ['Clouds']</msg>
<status status="PASS" starttime="20201222 16:18:43.286" endtime="20201222 16:18:43.321"></status>
</kw>
<kw name="Log" library="BuiltIn">
<doc>Logs the given message with the given level.</doc>
<arguments>
<arg>City: ${city[0]}</arg>
</arguments>
<msg timestamp="20201222 16:18:43.322" level="INFO">City: Fundão</msg>
<status status="PASS" starttime="20201222 16:18:43.322" endtime="20201222 16:18:43.322"></status>
</kw>
<kw name="Log" library="BuiltIn">
<doc>Logs the given message with the given level.</doc>
<arguments>
<arg>Temperature: ${temperature[0]}</arg>
</arguments>
<msg timestamp="20201222 16:18:43.323" level="INFO">Temperature: 15.55</msg>
<status status="PASS" starttime="20201222 16:18:43.323" endtime="20201222 16:18:43.323"></status>
</kw>
<kw name="Log" library="BuiltIn">
<doc>Logs the given message with the given level.</doc>
<arguments>
<arg>Clime: ${clime[0]}</arg>
</arguments>
<msg timestamp="20201222 16:18:43.324" level="INFO">Clime: Clouds</msg>
<status status="PASS" starttime="20201222 16:18:43.323" endtime="20201222 16:18:43.324"></status>
</kw>
<status status="PASS" starttime="20201222 16:18:43.019" endtime="20201222 16:18:43.324"></status>
</kw>
<doc>Call to REST webservice passing parameters.</doc>
<tags>
<tag>Webservice</tag>
</tags>
<status status="PASS" starttime="20201222 16:18:43.014" endtime="20201222 16:18:43.325"></status>
</test>
<test id="s1-s2-s1-t2" name="Get Github User">
<kw name="Connect Github API">
<kw name="Create Session" library="RequestsLibrary">
<doc>Create Session: create a HTTP session to a server</doc>
<arguments>
<arg>github</arg>
<arg>http://api.github.com</arg>
<arg>disable_warnings=1</arg>
</arguments>
<msg timestamp="20201222 16:18:43.329" level="INFO">Creating Session using : alias=github, url=http://api.github.com, headers={},                     cookies={}, auth=None, timeout=None, proxies=None, verify=False,                     debug=0 </msg>
<status status="PASS" starttime="20201222 16:18:43.328" endtime="20201222 16:18:43.329"></status>
</kw>
<status status="PASS" starttime="20201222 16:18:43.328" endtime="20201222 16:18:43.330"></status>
</kw>
<kw name="Show user Information">
<arguments>
<arg>${user}</arg>
</arguments>
<kw name="Get Request" library="RequestsLibrary">
<doc>Send a GET request on the session object found using the
given `alias`</doc>
<arguments>
<arg>github</arg>
<arg>/users/${username}</arg>
</arguments>
<assign>
<var>${response}</var>
</assign>
<msg timestamp="20201222 16:18:43.790" level="INFO">GET Request : url=http://api.github.com/users/samuelpcabral (redirected) 
 path_url=/users/samuelpcabral 
 headers={'User-Agent': 'python-requests/2.25.1', 'Accept-Encoding': 'gzip, deflate', 'Accept': '*/*', 'Connection': 'keep-alive'} 
 body=None 
 </msg>
<msg timestamp="20201222 16:18:43.790" level="INFO">GET Response : url=https://api.github.com/users/samuelpcabral 
 status=200, reason=OK 
 body={"login":"samuelpcabral","id":37876961,"node_id":"MDQ6VXNlcjM3ODc2OTYx","avatar_url":"https://avatars3.githubusercontent.com/u/37876961?v=4","gravatar_id":"","url":"https://api.github.com/users/samuelpcabral","html_url":"https://github.com/samuelpcabral","followers_url":"https://api.github.com/users/samuelpcabral/followers","following_url":"https://api.github.com/users/samuelpcabral/following{/other_user}","gists_url":"https://api.github.com/users/samuelpcabral/gists{/gist_id}","starred_url":"https://api.github.com/users/samuelpcabral/starred{/owner}{/repo}","subscriptions_url":"https://api.github.com/users/samuelpcabral/subscriptions","organizations_url":"https://api.github.com/users/samuelpcabral/orgs","repos_url":"https://api.github.com/users/samuelpcabral/repos","events_url":"https://api.github.com/users/samuelpcabral/events{/privacy}","received_events_url":"https://api.github.com/users/samuelpcabral/received_events","type":"User","site_admin":false,"name":"Samuel Pierri Cabral","company":null,"blog":"","location":"Portugal","email":null,"hireable":null,"bio":null,"twitter_username":"samuel_cabral","public_repos":1,"public_gists":0,"followers":6,"following":6,"created_at":"2018-03-28T15:57:56Z","updated_at":"2020-12-21T16:58:59Z"} 
 </msg>
<msg timestamp="20201222 16:18:43.790" level="INFO">${response} = &lt;Response [200]&gt;</msg>
<status status="PASS" starttime="20201222 16:18:43.331" endtime="20201222 16:18:43.790"></status>
</kw>
<kw name="Log" library="BuiltIn">
<doc>Logs the given message with the given level.</doc>
<arguments>
<arg>${response.json()["name"]}</arg>
</arguments>
<msg timestamp="20201222 16:18:43.791" level="INFO">Samuel Pierri Cabral</msg>
<status status="PASS" starttime="20201222 16:18:43.790" endtime="20201222 16:18:43.791"></status>
</kw>
<kw name="Log" library="BuiltIn">
<doc>Logs the given message with the given level.</doc>
<arguments>
<arg>${response.json()["location"]}</arg>
</arguments>
<msg timestamp="20201222 16:18:43.792" level="INFO">Portugal</msg>
<status status="PASS" starttime="20201222 16:18:43.792" endtime="20201222 16:18:43.792"></status>
</kw>
<kw name="Comment" library="BuiltIn">
<doc>Displays the given messages in the log file as keyword arguments.</doc>
<arguments>
<arg>Convert response as JSON to pretty print</arg>
</arguments>
<status status="PASS" starttime="20201222 16:18:43.793" endtime="20201222 16:18:43.793"></status>
</kw>
<kw name="To Json" library="RequestsLibrary">
<doc>Convert a string to a JSON object</doc>
<arguments>
<arg>${response.content}</arg>
<arg>pretty_print=True</arg>
</arguments>
<assign>
<var>${response_as_json}</var>
</assign>
<msg timestamp="20201222 16:18:43.794" level="INFO">To JSON using : content={"login":"samuelpcabral","id":37876961,"node_id":"MDQ6VXNlcjM3ODc2OTYx","avatar_url":"https://avatars3.githubusercontent.com/u/37876961?v=4","gravatar_id":"","url":"https://api.github.com/users/samuelpcabral","html_url":"https://github.com/samuelpcabral","followers_url":"https://api.github.com/users/samuelpcabral/followers","following_url":"https://api.github.com/users/samuelpcabral/following{/other_user}","gists_url":"https://api.github.com/users/samuelpcabral/gists{/gist_id}","starred_url":"https://api.github.com/users/samuelpcabral/starred{/owner}{/repo}","subscriptions_url":"https://api.github.com/users/samuelpcabral/subscriptions","organizations_url":"https://api.github.com/users/samuelpcabral/orgs","repos_url":"https://api.github.com/users/samuelpcabral/repos","events_url":"https://api.github.com/users/samuelpcabral/events{/privacy}","received_events_url":"https://api.github.com/users/samuelpcabral/received_events","type":"User","site_admin":false,"name":"Samuel Pierri Cabral","company":null,"blog":"","location":"Portugal","email":null,"hireable":null,"bio":null,"twitter_username":"samuel_cabral","public_repos":1,"public_gists":0,"followers":6,"following":6,"created_at":"2018-03-28T15:57:56Z","updated_at":"2020-12-21T16:58:59Z"} </msg>
<msg timestamp="20201222 16:18:43.794" level="INFO">To JSON using : pretty_print=True </msg>
<msg timestamp="20201222 16:18:43.794" level="INFO">${response_as_json} = {
    "avatar_url": "https://avatars3.githubusercontent.com/u/37876961?v=4",
    "bio": null,
    "blog": "",
    "company": null,
    "created_at": "2018-03-28T15:57:56Z",
    "email": null,
    "eve...</msg>
<status status="PASS" starttime="20201222 16:18:43.793" endtime="20201222 16:18:43.795"></status>
</kw>
<kw name="Log" library="BuiltIn">
<doc>Logs the given message with the given level.</doc>
<arguments>
<arg>${response_as_json}</arg>
</arguments>
<msg timestamp="20201222 16:18:43.795" level="INFO">{
    "avatar_url": "https://avatars3.githubusercontent.com/u/37876961?v=4",
    "bio": null,
    "blog": "",
    "company": null,
    "created_at": "2018-03-28T15:57:56Z",
    "email": null,
    "events_url": "https://api.github.com/users/samuelpcabral/events{/privacy}",
    "followers": 6,
    "followers_url": "https://api.github.com/users/samuelpcabral/followers",
    "following": 6,
    "following_url": "https://api.github.com/users/samuelpcabral/following{/other_user}",
    "gists_url": "https://api.github.com/users/samuelpcabral/gists{/gist_id}",
    "gravatar_id": "",
    "hireable": null,
    "html_url": "https://github.com/samuelpcabral",
    "id": 37876961,
    "location": "Portugal",
    "login": "samuelpcabral",
    "name": "Samuel Pierri Cabral",
    "node_id": "MDQ6VXNlcjM3ODc2OTYx",
    "organizations_url": "https://api.github.com/users/samuelpcabral/orgs",
    "public_gists": 0,
    "public_repos": 1,
    "received_events_url": "https://api.github.com/users/samuelpcabral/received_events",
    "repos_url": "https://api.github.com/users/samuelpcabral/repos",
    "site_admin": false,
    "starred_url": "https://api.github.com/users/samuelpcabral/starred{/owner}{/repo}",
    "subscriptions_url": "https://api.github.com/users/samuelpcabral/subscriptions",
    "twitter_username": "samuel_cabral",
    "type": "User",
    "updated_at": "2020-12-21T16:58:59Z",
    "url": "https://api.github.com/users/samuelpcabral"
}</msg>
<status status="PASS" starttime="20201222 16:18:43.795" endtime="20201222 16:18:43.795"></status>
</kw>
<kw name="Comment" library="BuiltIn">
<doc>Displays the given messages in the log file as keyword arguments.</doc>
<arguments>
<arg>Convert all response as JSON to acces values with json path</arg>
</arguments>
<status status="PASS" starttime="20201222 16:18:43.795" endtime="20201222 16:18:43.796"></status>
</kw>
<kw name="Set Variable" library="BuiltIn">
<doc>Returns the given values which can then be assigned to a variables.</doc>
<arguments>
<arg>${response.json()}</arg>
</arguments>
<assign>
<var>${response_json}</var>
</assign>
<msg timestamp="20201222 16:18:43.797" level="INFO">${response_json} = {'login': 'samuelpcabral', 'id': 37876961, 'node_id': 'MDQ6VXNlcjM3ODc2OTYx', 'avatar_url': 'https://avatars3.githubusercontent.com/u/37876961?v=4', 'gravatar_id': '', 'url': 'https://api.github.com/u...</msg>
<status status="PASS" starttime="20201222 16:18:43.796" endtime="20201222 16:18:43.797"></status>
</kw>
<kw name="Get Value From Json" library="JSONLibrary">
<doc>Get Value From JSON using JSONPath</doc>
<arguments>
<arg>${response_json}</arg>
<arg>$..name</arg>
</arguments>
<assign>
<var>${name}</var>
</assign>
<msg timestamp="20201222 16:18:43.833" level="INFO">${name} = ['Samuel Pierri Cabral']</msg>
<status status="PASS" starttime="20201222 16:18:43.797" endtime="20201222 16:18:43.833"></status>
</kw>
<kw name="Get Value From Json" library="JSONLibrary">
<doc>Get Value From JSON using JSONPath</doc>
<arguments>
<arg>${response_json}</arg>
<arg>$..location</arg>
</arguments>
<assign>
<var>${location}</var>
</assign>
<msg timestamp="20201222 16:18:43.872" level="INFO">${location} = ['Portugal']</msg>
<status status="PASS" starttime="20201222 16:18:43.833" endtime="20201222 16:18:43.872"></status>
</kw>
<kw name="Log" library="BuiltIn">
<doc>Logs the given message with the given level.</doc>
<arguments>
<arg>${name[0]}</arg>
</arguments>
<msg timestamp="20201222 16:18:43.873" level="INFO">Samuel Pierri Cabral</msg>
<status status="PASS" starttime="20201222 16:18:43.872" endtime="20201222 16:18:43.873"></status>
</kw>
<kw name="Log" library="BuiltIn">
<doc>Logs the given message with the given level.</doc>
<arguments>
<arg>${location[0]}</arg>
</arguments>
<msg timestamp="20201222 16:18:43.873" level="INFO">Portugal</msg>
<status status="PASS" starttime="20201222 16:18:43.873" endtime="20201222 16:18:43.874"></status>
</kw>
<status status="PASS" starttime="20201222 16:18:43.330" endtime="20201222 16:18:43.874"></status>
</kw>
<doc>Retrive information about an user in github.</doc>
<tags>
<tag>Webservice</tag>
</tags>
<status status="PASS" starttime="20201222 16:18:43.327" endtime="20201222 16:18:43.874"></status>
</test>
<status status="PASS" starttime="20201222 16:18:42.507" endtime="20201222 16:18:43.876"></status>
</suite>
<suite id="s1-s2-s2" name="SOAP" source="C:\Samuel\Robot_Framework_Examples\Tests\Webservices\SOAP.robot">
<test id="s1-s2-s2-t1" name="ipGeo getData">
<kw name="Connect ipGeo API">
<kw name="Create SOAP Client" library="SoapLibrary">
<doc>Loads a WSDL from the given URL and creates a Zeep client.
List all Available operations/methods with INFO log level.</doc>
<arguments>
<arg>${wsdl_ip_geo}</arg>
</arguments>
<msg timestamp="20201222 16:18:44.870" level="INFO">Connected to: http://ws.cdyne.com/ip2geo/ip2geo.asmx?wsdl</msg>
<msg timestamp="20201222 16:18:44.870" level="INFO">Available operations: dict_keys(['ResolveIP'])</msg>
<status status="PASS" starttime="20201222 16:18:44.302" endtime="20201222 16:18:44.871"></status>
</kw>
<status status="PASS" starttime="20201222 16:18:44.301" endtime="20201222 16:18:44.871"></status>
</kw>
<kw name="List ipGeo Info">
<kw name="Comment" library="BuiltIn">
<doc>Displays the given messages in the log file as keyword arguments.</doc>
<arguments>
<arg>Since the request always needs only two arguments, they can be passed in the correct sequence as keyword arguments.</arg>
</arguments>
<status status="PASS" starttime="20201222 16:18:44.871" endtime="20201222 16:18:44.871"></status>
</kw>
<kw name="Call SOAP Method" library="SoapLibrary">
<doc>If the webservice have simple SOAP operation/method with few arguments, you can call the method with the given
`name` and `args`.</doc>
<arguments>
<arg>ResolveIP</arg>
<arg>${br_ip_address}[ws:ipAddress]</arg>
<arg>0</arg>
</arguments>
<assign>
<var>${response}</var>
</assign>
<msg timestamp="20201222 16:18:44.976" level="INFO">${response} = {
    'City': None,
    'StateProvince': None,
    'Country': 'Brazil',
    'Organization': None,
    'Latitude': -22.83051,
    'Longitude': -43.21919,
    'AreaCode': '0',
    'TimeZone': None,
    ...</msg>
<status status="PASS" starttime="20201222 16:18:44.871" endtime="20201222 16:18:44.976"></status>
</kw>
<kw name="Log" library="BuiltIn">
<doc>Logs the given message with the given level.</doc>
<arguments>
<arg>${response}</arg>
</arguments>
<msg timestamp="20201222 16:18:44.977" level="INFO">{
    'City': None,
    'StateProvince': None,
    'Country': 'Brazil',
    'Organization': None,
    'Latitude': -22.83051,
    'Longitude': -43.21919,
    'AreaCode': '0',
    'TimeZone': None,
    'HasDaylightSavings': False,
    'Certainty': 90,
    'RegionName': None,
    'CountryCode': 'BR'
}</msg>
<status status="PASS" starttime="20201222 16:18:44.976" endtime="20201222 16:18:44.977"></status>
</kw>
<kw name="Get From Dictionary" library="Collections">
<doc>Returns a value from the given ``dictionary`` based on the given ``key``.</doc>
<arguments>
<arg>${response}</arg>
<arg>Country</arg>
</arguments>
<assign>
<var>${country}</var>
</assign>
<msg timestamp="20201222 16:18:44.977" level="INFO">${country} = Brazil</msg>
<status status="PASS" starttime="20201222 16:18:44.977" endtime="20201222 16:18:44.978"></status>
</kw>
<kw name="Get From Dictionary" library="Collections">
<doc>Returns a value from the given ``dictionary`` based on the given ``key``.</doc>
<arguments>
<arg>${response}</arg>
<arg>Latitude</arg>
</arguments>
<assign>
<var>${latitude}</var>
</assign>
<msg timestamp="20201222 16:18:44.978" level="INFO">${latitude} = -22.83051</msg>
<status status="PASS" starttime="20201222 16:18:44.978" endtime="20201222 16:18:44.978"></status>
</kw>
<kw name="Get From Dictionary" library="Collections">
<doc>Returns a value from the given ``dictionary`` based on the given ``key``.</doc>
<arguments>
<arg>${response}</arg>
<arg>Longitude</arg>
</arguments>
<assign>
<var>${longitude}</var>
</assign>
<msg timestamp="20201222 16:18:44.979" level="INFO">${longitude} = -43.21919</msg>
<status status="PASS" starttime="20201222 16:18:44.978" endtime="20201222 16:18:44.979"></status>
</kw>
<kw name="Log" library="BuiltIn">
<doc>Logs the given message with the given level.</doc>
<arguments>
<arg>The ip address ${br_ip_address}[ws:ipAddress] belongs to ${country} at lat: ${latitude} long: ${longitude}</arg>
</arguments>
<msg timestamp="20201222 16:18:44.979" level="INFO">The ip address 150.162.2.1 belongs to Brazil at lat: -22.83051 long: -43.21919</msg>
<status status="PASS" starttime="20201222 16:18:44.979" endtime="20201222 16:18:44.979"></status>
</kw>
<status status="PASS" starttime="20201222 16:18:44.871" endtime="20201222 16:18:44.979"></status>
</kw>
<doc>Simple request to SOAP webservice and get response by tags</doc>
<tags>
<tag>Webservice</tag>
</tags>
<status status="PASS" starttime="20201222 16:18:44.300" endtime="20201222 16:18:44.980"></status>
</test>
<test id="s1-s2-s2-t2" name="ipGeo getData with XML">
<kw name="Fill XML ip template">
<kw name="Edit XML Request" library="SoapLibrary">
<doc>Changes a field on the given XML to a new given value, the values must be in a dictionary.
xml_filepath must be a "template" of the request to the webservice.
new_values_dict must be a dictionary with the keys and values to change.
request_name will be the name of the new XMl file generated with the changed request.</doc>
<arguments>
<arg>C:\\Samuel\\Robot_Framework_Examples\\Tests\\Webservices/ip_address_template.xml</arg>
<arg>${br_ip_address}</arg>
<arg>new_ip_address</arg>
</arguments>
<status status="PASS" starttime="20201222 16:18:44.983" endtime="20201222 16:18:44.988"></status>
</kw>
<status status="PASS" starttime="20201222 16:18:44.983" endtime="20201222 16:18:44.988"></status>
</kw>
<kw name="Connect ipGeo API">
<kw name="Create SOAP Client" library="SoapLibrary">
<doc>Loads a WSDL from the given URL and creates a Zeep client.
List all Available operations/methods with INFO log level.</doc>
<arguments>
<arg>${wsdl_ip_geo}</arg>
</arguments>
<msg timestamp="20201222 16:18:45.216" level="INFO">Connected to: http://ws.cdyne.com/ip2geo/ip2geo.asmx?wsdl</msg>
<msg timestamp="20201222 16:18:45.216" level="INFO">Available operations: dict_keys(['ResolveIP'])</msg>
<status status="PASS" starttime="20201222 16:18:44.989" endtime="20201222 16:18:45.216"></status>
</kw>
<status status="PASS" starttime="20201222 16:18:44.989" endtime="20201222 16:18:45.217"></status>
</kw>
<kw name="List ipGeo Info with XML">
<kw name="Call SOAP Method With XML" library="SoapLibrary">
<doc>Send an XML file as a request to the SOAP client. The path to the Request XML file is required as argument,
the SOAP method is inside the XML file.</doc>
<arguments>
<arg>C:\\Samuel\\Robot_Framework_Examples\\Tests\\Webservices/new_ip_address.xml</arg>
</arguments>
<assign>
<var>${response}</var>
</assign>
<msg timestamp="20201222 16:18:45.324" level="INFO" html="yes">&lt;font size="3"&gt;&lt;b&gt;Response from webservice:&lt;/b&gt;&lt;/font&gt; </msg>
<msg timestamp="20201222 16:18:45.324" level="INFO">&lt;soap:Envelope xmlns:soap="http://schemas.xmlsoap.org/soap/envelope/" xmlns:xsi="http://www.w3.org/2001/XMLSchema-instance" xmlns:xsd="http://www.w3.org/2001/XMLSchema"&gt;
  &lt;soap:Body&gt;
    &lt;ResolveIPResponse xmlns="http://ws.cdyne.com/"&gt;
      &lt;ResolveIPResult&gt;
        &lt;Country&gt;Brazil&lt;/Country&gt;
        &lt;Organization/&gt;
        &lt;Latitude&gt;-22.83051&lt;/Latitude&gt;
        &lt;Longitude&gt;-43.21919&lt;/Longitude&gt;
        &lt;AreaCode&gt;0&lt;/AreaCode&gt;
        &lt;TimeZone/&gt;
        &lt;HasDaylightSavings&gt;false&lt;/HasDaylightSavings&gt;
        &lt;Certainty&gt;90&lt;/Certainty&gt;
        &lt;RegionName/&gt;
        &lt;CountryCode&gt;BR&lt;/CountryCode&gt;
      &lt;/ResolveIPResult&gt;
    &lt;/ResolveIPResponse&gt;
  &lt;/soap:Body&gt;
&lt;/soap:Envelope&gt;
</msg>
<msg timestamp="20201222 16:18:45.324" level="INFO">${response} = &lt;Element {http://schemas.xmlsoap.org/soap/envelope/}Envelope at 0x2556f252740&gt;</msg>
<status status="PASS" starttime="20201222 16:18:45.218" endtime="20201222 16:18:45.324"></status>
</kw>
<kw name="Convert XML Response to Dictionary" library="SoapLibrary">
<doc>Convert the webservice response into a dictionary.</doc>
<arguments>
<arg>${response}</arg>
</arguments>
<assign>
<var>${dict_response}</var>
</assign>
<msg timestamp="20201222 16:18:45.325" level="INFO">${dict_response} = {'Body': {'ResolveIPResponse': {'ResolveIPResult': {'Country': 'Brazil', 'Organization': {}, 'Latitude': '-22.83051', 'Longitude': '-43.21919', 'AreaCode': '0', 'TimeZone': {}, 'HasDaylightSavings': '...</msg>
<status status="PASS" starttime="20201222 16:18:45.324" endtime="20201222 16:18:45.325"></status>
</kw>
<kw name="Log" library="BuiltIn">
<doc>Logs the given message with the given level.</doc>
<arguments>
<arg>${dict_response}</arg>
</arguments>
<msg timestamp="20201222 16:18:45.325" level="INFO">{'Body': {'ResolveIPResponse': {'ResolveIPResult': {'Country': 'Brazil', 'Organization': {}, 'Latitude': '-22.83051', 'Longitude': '-43.21919', 'AreaCode': '0', 'TimeZone': {}, 'HasDaylightSavings': 'false', 'Certainty': '90', 'RegionName': {}, 'CountryCode': 'BR'}}}}</msg>
<status status="PASS" starttime="20201222 16:18:45.325" endtime="20201222 16:18:45.325"></status>
</kw>
<kw name="Get From Dictionary" library="Collections">
<doc>Returns a value from the given ``dictionary`` based on the given ``key``.</doc>
<arguments>
<arg>${dict_response}</arg>
<arg>Body</arg>
</arguments>
<assign>
<var>${body}</var>
</assign>
<msg timestamp="20201222 16:18:45.326" level="INFO">${body} = {'ResolveIPResponse': {'ResolveIPResult': {'Country': 'Brazil', 'Organization': {}, 'Latitude': '-22.83051', 'Longitude': '-43.21919', 'AreaCode': '0', 'TimeZone': {}, 'HasDaylightSavings': 'false', '...</msg>
<status status="PASS" starttime="20201222 16:18:45.325" endtime="20201222 16:18:45.326"></status>
</kw>
<kw name="Get From Dictionary" library="Collections">
<doc>Returns a value from the given ``dictionary`` based on the given ``key``.</doc>
<arguments>
<arg>${body}</arg>
<arg>ResolveIPResponse</arg>
</arguments>
<assign>
<var>${resolveipresponse}</var>
</assign>
<msg timestamp="20201222 16:18:45.326" level="INFO">${resolveipresponse} = {'ResolveIPResult': {'Country': 'Brazil', 'Organization': {}, 'Latitude': '-22.83051', 'Longitude': '-43.21919', 'AreaCode': '0', 'TimeZone': {}, 'HasDaylightSavings': 'false', 'Certainty': '90', 'Reg...</msg>
<status status="PASS" starttime="20201222 16:18:45.326" endtime="20201222 16:18:45.326"></status>
</kw>
<kw name="Get From Dictionary" library="Collections">
<doc>Returns a value from the given ``dictionary`` based on the given ``key``.</doc>
<arguments>
<arg>${ResolveIPResponse}</arg>
<arg>ResolveIPResult</arg>
</arguments>
<assign>
<var>${resolveipresult}</var>
</assign>
<msg timestamp="20201222 16:18:45.327" level="INFO">${resolveipresult} = {'Country': 'Brazil', 'Organization': {}, 'Latitude': '-22.83051', 'Longitude': '-43.21919', 'AreaCode': '0', 'TimeZone': {}, 'HasDaylightSavings': 'false', 'Certainty': '90', 'RegionName': {}, 'Count...</msg>
<status status="PASS" starttime="20201222 16:18:45.326" endtime="20201222 16:18:45.327"></status>
</kw>
<kw name="Get From Dictionary" library="Collections">
<doc>Returns a value from the given ``dictionary`` based on the given ``key``.</doc>
<arguments>
<arg>${ResolveIPResult}</arg>
<arg>Country</arg>
</arguments>
<assign>
<var>${country}</var>
</assign>
<msg timestamp="20201222 16:18:45.327" level="INFO">${country} = Brazil</msg>
<status status="PASS" starttime="20201222 16:18:45.327" endtime="20201222 16:18:45.327"></status>
</kw>
<kw name="Get From Dictionary" library="Collections">
<doc>Returns a value from the given ``dictionary`` based on the given ``key``.</doc>
<arguments>
<arg>${ResolveIPResult}</arg>
<arg>Latitude</arg>
</arguments>
<assign>
<var>${latitude}</var>
</assign>
<msg timestamp="20201222 16:18:45.328" level="INFO">${latitude} = -22.83051</msg>
<status status="PASS" starttime="20201222 16:18:45.327" endtime="20201222 16:18:45.328"></status>
</kw>
<kw name="Get From Dictionary" library="Collections">
<doc>Returns a value from the given ``dictionary`` based on the given ``key``.</doc>
<arguments>
<arg>${ResolveIPResult}</arg>
<arg>Longitude</arg>
</arguments>
<assign>
<var>${longitude}</var>
</assign>
<msg timestamp="20201222 16:18:45.328" level="INFO">${longitude} = -43.21919</msg>
<status status="PASS" starttime="20201222 16:18:45.328" endtime="20201222 16:18:45.328"></status>
</kw>
<kw name="Log" library="BuiltIn">
<doc>Logs the given message with the given level.</doc>
<arguments>
<arg>The ip address ${br_ip_address}[ws:ipAddress] belongs to ${country} at lat: ${latitude} long: ${longitude}</arg>
</arguments>
<msg timestamp="20201222 16:18:45.329" level="INFO">The ip address 150.162.2.1 belongs to Brazil at lat: -22.83051 long: -43.21919</msg>
<status status="PASS" starttime="20201222 16:18:45.329" endtime="20201222 16:18:45.329"></status>
</kw>
<status status="PASS" starttime="20201222 16:18:45.218" endtime="20201222 16:18:45.329"></status>
</kw>
<doc>Request to SOAP webservice passing XML in body and response converted to dictionary</doc>
<tags>
<tag>Webservice</tag>
</tags>
<status status="PASS" starttime="20201222 16:18:44.982" endtime="20201222 16:18:45.330"></status>
</test>
<test id="s1-s2-s2-t3" name="PostOffice_GetAddress">
<kw name="Fill XML po template">
<kw name="Edit XML Request" library="SoapLibrary">
<doc>Changes a field on the given XML to a new given value, the values must be in a dictionary.
xml_filepath must be a "template" of the request to the webservice.
new_values_dict must be a dictionary with the keys and values to change.
request_name will be the name of the new XMl file generated with the changed request.</doc>
<arguments>
<arg>C:\\Samuel\\Robot_Framework_Examples\\Tests\\Webservices/postal_code_template.xml</arg>
<arg>${br_postal_code}</arg>
<arg>new_postal_code</arg>
</arguments>
<status status="PASS" starttime="20201222 16:18:45.333" endtime="20201222 16:18:45.338"></status>
</kw>
<status status="PASS" starttime="20201222 16:18:45.333" endtime="20201222 16:18:45.338"></status>
</kw>
<kw name="Connect Post Office API">
<kw name="Create SOAP Client" library="SoapLibrary">
<doc>Loads a WSDL from the given URL and creates a Zeep client.
List all Available operations/methods with INFO log level.</doc>
<arguments>
<arg>${wsdl_correios}</arg>
</arguments>
<msg timestamp="20201222 16:18:47.650" level="INFO">Connected to: https://apps.correios.com.br/SigepMasterJPA/AtendeClienteService/AtendeCliente?wsdl</msg>
<msg timestamp="20201222 16:18:47.650" level="INFO">Available operations: dict_keys(['buscaServicosAdicionaisAtivos', 'fechaPlp', 'validaPlp', 'calculaTarifaServico', 'VerificaSeTodosObjetosCancelados', 'cancelarObjeto', 'pesquisarParametrosPorDescricao', 'atualizaPagamentoNaEntrega', 'obterClienteAtualizacao', 'verificaDisponibilidadeServico', 'fechaPlpVariosServicos', 'geraDigitoVerificadorEtiquetas', 'obterEmbalagemLRS', 'validaEtiquetaPLP', 'buscaServicosValorDeclarado', 'consultaCEP', 'integrarUsuarioScol', 'pesquisarDimensoesServico', 'pesquisarEmbalagensPorServico', 'atualizaRemessaAgrupada', 'solicitaPLP', 'getStatusCartaoPostagem', 'verificaModalTransporte', 'buscaDataAtual', 'buscaTarifaVale', 'validarPostagemSimultanea', 'getStatusPLP', 'pesquisarServicosAdicionais', 'buscaServicosXServicosAdicionais', 'cancelarPedidoScol', 'bloquearObjeto', 'buscaContrato', 'solicitaEtiquetas', 'solicitaXmlPlp', 'validarPostagemReversa', 'buscaCliente', 'buscaPagamentoEntrega', 'solicitarPostagemScol', 'buscaServicos', 'obterMensagemParametrizada', 'buscaOpcoes'])</msg>
<status status="PASS" starttime="20201222 16:18:45.339" endtime="20201222 16:18:47.650"></status>
</kw>
<status status="PASS" starttime="20201222 16:18:45.339" endtime="20201222 16:18:47.651"></status>
</kw>
<kw name="List address information">
<kw name="Call SOAP Method With XML" library="SoapLibrary">
<doc>Send an XML file as a request to the SOAP client. The path to the Request XML file is required as argument,
the SOAP method is inside the XML file.</doc>
<arguments>
<arg>C:\\Samuel\\Robot_Framework_Examples\\Tests\\Webservices/new_postal_code.xml</arg>
</arguments>
<assign>
<var>${response}</var>
</assign>
<msg timestamp="20201222 16:18:47.985" level="INFO" html="yes">&lt;font size="3"&gt;&lt;b&gt;Response from webservice:&lt;/b&gt;&lt;/font&gt; </msg>
<msg timestamp="20201222 16:18:47.985" level="INFO">&lt;soap:Envelope xmlns:soap="http://schemas.xmlsoap.org/soap/envelope/"&gt;
  &lt;soap:Body&gt;
    &lt;ns2:consultaCEPResponse xmlns:ns2="http://cliente.bean.master.sigep.bsb.correios.com.br/"&gt;
      &lt;return&gt;
        &lt;bairro&gt;Consolação&lt;/bairro&gt;
        &lt;cep&gt;01305901&lt;/cep&gt;
        &lt;cidade&gt;São Paulo&lt;/cidade&gt;
        &lt;complemento2/&gt;
        &lt;end&gt;Rua Augusta 257&lt;/end&gt;
        &lt;uf&gt;SP&lt;/uf&gt;
      &lt;/return&gt;
    &lt;/ns2:consultaCEPResponse&gt;
  &lt;/soap:Body&gt;
&lt;/soap:Envelope&gt;
</msg>
<msg timestamp="20201222 16:18:47.986" level="INFO">${response} = &lt;Element {http://schemas.xmlsoap.org/soap/envelope/}Envelope at 0x2556f358ac0&gt;</msg>
<status status="PASS" starttime="20201222 16:18:47.652" endtime="20201222 16:18:47.986"></status>
</kw>
<kw name="Comment" library="BuiltIn">
<doc>Displays the given messages in the log file as keyword arguments.</doc>
<arguments>
<arg>This response below is a XML object, so we can use the keyword 'Get Data From XML By Tag'</arg>
</arguments>
<status status="PASS" starttime="20201222 16:18:47.986" endtime="20201222 16:18:47.987"></status>
</kw>
<kw name="Log" library="BuiltIn">
<doc>Logs the given message with the given level.</doc>
<arguments>
<arg>${response}</arg>
</arguments>
<msg timestamp="20201222 16:18:47.988" level="INFO">&lt;Element {http://schemas.xmlsoap.org/soap/envelope/}Envelope at 0x2556f358ac0&gt;</msg>
<status status="PASS" starttime="20201222 16:18:47.987" endtime="20201222 16:18:47.988"></status>
</kw>
<kw name="Get Data From XML By Tag" library="SoapLibrary">
<doc>Gets data from XML using a given tag. If the tag returns zero or more than one result, it will show a warning.
The xml argument must be an etree object, can be used with the return of the keyword `Call SOAP Method With XML`.</doc>
<arguments>
<arg>${response}</arg>
<arg>cep</arg>
</arguments>
<assign>
<var>${postal_code}</var>
</assign>
<msg timestamp="20201222 16:18:47.989" level="INFO">${postal_code} = 01305901</msg>
<status status="PASS" starttime="20201222 16:18:47.988" endtime="20201222 16:18:47.989"></status>
</kw>
<kw name="Get Data From XML By Tag" library="SoapLibrary">
<doc>Gets data from XML using a given tag. If the tag returns zero or more than one result, it will show a warning.
The xml argument must be an etree object, can be used with the return of the keyword `Call SOAP Method With XML`.</doc>
<arguments>
<arg>${response}</arg>
<arg>cidade</arg>
</arguments>
<assign>
<var>${city}</var>
</assign>
<msg timestamp="20201222 16:18:47.990" level="INFO">${city} = São Paulo</msg>
<status status="PASS" starttime="20201222 16:18:47.989" endtime="20201222 16:18:47.990"></status>
</kw>
<kw name="Get Data From XML By Tag" library="SoapLibrary">
<doc>Gets data from XML using a given tag. If the tag returns zero or more than one result, it will show a warning.
The xml argument must be an etree object, can be used with the return of the keyword `Call SOAP Method With XML`.</doc>
<arguments>
<arg>${response}</arg>
<arg>end</arg>
</arguments>
<assign>
<var>${street}</var>
</assign>
<msg timestamp="20201222 16:18:47.991" level="INFO">${street} = Rua Augusta 257</msg>
<status status="PASS" starttime="20201222 16:18:47.990" endtime="20201222 16:18:47.991"></status>
</kw>
<kw name="Get Data From XML By Tag" library="SoapLibrary">
<doc>Gets data from XML using a given tag. If the tag returns zero or more than one result, it will show a warning.
The xml argument must be an etree object, can be used with the return of the keyword `Call SOAP Method With XML`.</doc>
<arguments>
<arg>${response}</arg>
<arg>uf</arg>
</arguments>
<assign>
<var>${state}</var>
</assign>
<msg timestamp="20201222 16:18:47.992" level="INFO">${state} = SP</msg>
<status status="PASS" starttime="20201222 16:18:47.991" endtime="20201222 16:18:47.993"></status>
</kw>
<kw name="Log" library="BuiltIn">
<doc>Logs the given message with the given level.</doc>
<arguments>
<arg>the postal code ${postal_code} belongs to ${street}, ${city} - ${state}</arg>
</arguments>
<msg timestamp="20201222 16:18:47.994" level="INFO">the postal code 01305901 belongs to Rua Augusta 257, São Paulo - SP</msg>
<status status="PASS" starttime="20201222 16:18:47.993" endtime="20201222 16:18:47.994"></status>
</kw>
<status status="PASS" starttime="20201222 16:18:47.651" endtime="20201222 16:18:47.994"></status>
</kw>
<doc>Request to SOAP webservice passing XML in body and response as XML object</doc>
<tags>
<tag>Webservice</tag>
</tags>
<status status="PASS" starttime="20201222 16:18:45.332" endtime="20201222 16:18:47.996"></status>
</test>
<test id="s1-s2-s2-t4" name="List All City Holidays">
<kw name="Connect Holidays API">
<kw name="Create SOAP Client" library="SoapLibrary">
<doc>Loads a WSDL from the given URL and creates a Zeep client.
List all Available operations/methods with INFO log level.</doc>
<arguments>
<arg>${wsdl_holidays}</arg>
</arguments>
<msg timestamp="20201222 16:18:49.150" level="INFO">Connected to: http://services.sapo.pt/Metadata/Contract/Holiday?culture=PT?wsdl</msg>
<msg timestamp="20201222 16:18:49.150" level="INFO">Available operations: dict_keys(['GetAllHolidays', 'GetCarnival', 'GetCorpusChristi', 'GetEaster', 'GetGoodFriday', 'GetHolidaysByMunicipalityId', 'GetLocalHolidays', 'GetNationalHolidays', 'GetRegionalHolidays'])</msg>
<status status="PASS" starttime="20201222 16:18:48.002" endtime="20201222 16:18:49.150"></status>
</kw>
<status status="PASS" starttime="20201222 16:18:48.001" endtime="20201222 16:18:49.150"></status>
</kw>
<kw name="List &quot;Fundão&quot; Holidays &quot;2020&quot;">
<kw name="Get city Id">
<arguments>
<arg>${city}</arg>
</arguments>
<assign>
<var>${city_id}</var>
</assign>
<kw name="Call SOAP Method" library="SoapLibrary">
<doc>If the webservice have simple SOAP operation/method with few arguments, you can call the method with the given
`name` and `args`.</doc>
<arguments>
<arg>GetLocalHolidays</arg>
<arg>2020</arg>
</arguments>
<assign>
<var>${response}</var>
</assign>
<msg timestamp="20201222 16:18:49.313" level="INFO">${response} = [{
    'Name': 'Feriado Municipal',
    'Date': datetime.datetime(2020, 1, 11, 0, 0),
    'Description': None,
    'Type': 'Municipal',
    'Municipality': {
        'Id': '1012',
        'Name': 'Óbi...</msg>
<status status="PASS" starttime="20201222 16:18:49.152" endtime="20201222 16:18:49.313"></status>
</kw>
<kw name="Get Length" library="BuiltIn">
<doc>Returns and logs the length of the given item as an integer.</doc>
<arguments>
<arg>${response}</arg>
</arguments>
<assign>
<var>${len}</var>
</assign>
<msg timestamp="20201222 16:18:49.313" level="INFO">Length is 321</msg>
<msg timestamp="20201222 16:18:49.313" level="INFO">${len} = 321</msg>
<status status="PASS" starttime="20201222 16:18:49.313" endtime="20201222 16:18:49.313"></status>
</kw>
<kw name="${index} IN RANGE [ ${len} ]" type="for">
<kw name="${index} = 0" type="foritem">
<kw name="Set Variable" library="BuiltIn">
<doc>Returns the given values which can then be assigned to a variables.</doc>
<arguments>
<arg>${response[${index}]['Municipality']['Id']}</arg>
</arguments>
<assign>
<var>${id}</var>
</assign>
<msg timestamp="20201222 16:18:49.314" level="INFO">${id} = 1012</msg>
<status status="PASS" starttime="20201222 16:18:49.314" endtime="20201222 16:18:49.314"></status>
</kw>
<kw name="Set Variable" library="BuiltIn">
<doc>Returns the given values which can then be assigned to a variables.</doc>
<arguments>
<arg>${response[${index}]['Municipality']['Name']}</arg>
</arguments>
<assign>
<var>${name}</var>
</assign>
<msg timestamp="20201222 16:18:49.315" level="INFO">${name} = Óbidos</msg>
<status status="PASS" starttime="20201222 16:18:49.315" endtime="20201222 16:18:49.315"></status>
</kw>
<kw name="Set Variable If" library="BuiltIn">
<doc>Sets variable based on the given condition.</doc>
<arguments>
<arg>'${name}'=='${city}'</arg>
<arg>${id}</arg>
</arguments>
<assign>
<var>${city_id}</var>
</assign>
<msg timestamp="20201222 16:18:49.316" level="INFO">${city_id} = None</msg>
<status status="PASS" starttime="20201222 16:18:49.315" endtime="20201222 16:18:49.316"></status>
</kw>
<kw name="Exit For Loop If" library="BuiltIn">
<doc>Stops executing the enclosing for loop if the ``condition`` is true.</doc>
<arguments>
<arg>'${name}'=='${city}'</arg>
</arguments>
<status status="PASS" starttime="20201222 16:18:49.316" endtime="20201222 16:18:49.316"></status>
</kw>
<status status="PASS" starttime="20201222 16:18:49.314" endtime="20201222 16:18:49.316"></status>
</kw>
<kw name="${index} = 1" type="foritem">
<kw name="Set Variable" library="BuiltIn">
<doc>Returns the given values which can then be assigned to a variables.</doc>
<arguments>
<arg>${response[${index}]['Municipality']['Id']}</arg>
</arguments>
<assign>
<var>${id}</var>
</assign>
<msg timestamp="20201222 16:18:49.317" level="INFO">${id} = 0713</msg>
<status status="PASS" starttime="20201222 16:18:49.317" endtime="20201222 16:18:49.317"></status>
</kw>
<kw name="Set Variable" library="BuiltIn">
<doc>Returns the given values which can then be assigned to a variables.</doc>
<arguments>
<arg>${response[${index}]['Municipality']['Name']}</arg>
</arguments>
<assign>
<var>${name}</var>
</assign>
<msg timestamp="20201222 16:18:49.318" level="INFO">${name} = Viana do Alentejo</msg>
<status status="PASS" starttime="20201222 16:18:49.317" endtime="20201222 16:18:49.318"></status>
</kw>
<kw name="Set Variable If" library="BuiltIn">
<doc>Sets variable based on the given condition.</doc>
<arguments>
<arg>'${name}'=='${city}'</arg>
<arg>${id}</arg>
</arguments>
<assign>
<var>${city_id}</var>
</assign>
<msg timestamp="20201222 16:18:49.318" level="INFO">${city_id} = None</msg>
<status status="PASS" starttime="20201222 16:18:49.318" endtime="20201222 16:18:49.318"></status>
</kw>
<kw name="Exit For Loop If" library="BuiltIn">
<doc>Stops executing the enclosing for loop if the ``condition`` is true.</doc>
<arguments>
<arg>'${name}'=='${city}'</arg>
</arguments>
<status status="PASS" starttime="20201222 16:18:49.318" endtime="20201222 16:18:49.319"></status>
</kw>
<status status="PASS" starttime="20201222 16:18:49.316" endtime="20201222 16:18:49.319"></status>
</kw>
<kw name="${index} = 2" type="foritem">
<kw name="Set Variable" library="BuiltIn">
<doc>Returns the given values which can then be assigned to a variables.</doc>
<arguments>
<arg>${response[${index}]['Municipality']['Id']}</arg>
</arguments>
<assign>
<var>${id}</var>
</assign>
<msg timestamp="20201222 16:18:49.320" level="INFO">${id} = 1104</msg>
<status status="PASS" starttime="20201222 16:18:49.319" endtime="20201222 16:18:49.320"></status>
</kw>
<kw name="Set Variable" library="BuiltIn">
<doc>Returns the given values which can then be assigned to a variables.</doc>
<arguments>
<arg>${response[${index}]['Municipality']['Name']}</arg>
</arguments>
<assign>
<var>${name}</var>
</assign>
<msg timestamp="20201222 16:18:49.321" level="INFO">${name} = Cadaval</msg>
<status status="PASS" starttime="20201222 16:18:49.320" endtime="20201222 16:18:49.321"></status>
</kw>
<kw name="Set Variable If" library="BuiltIn">
<doc>Sets variable based on the given condition.</doc>
<arguments>
<arg>'${name}'=='${city}'</arg>
<arg>${id}</arg>
</arguments>
<assign>
<var>${city_id}</var>
</assign>
<msg timestamp="20201222 16:18:49.321" level="INFO">${city_id} = None</msg>
<status status="PASS" starttime="20201222 16:18:49.321" endtime="20201222 16:18:49.321"></status>
</kw>
<kw name="Exit For Loop If" library="BuiltIn">
<doc>Stops executing the enclosing for loop if the ``condition`` is true.</doc>
<arguments>
<arg>'${name}'=='${city}'</arg>
</arguments>
<status status="PASS" starttime="20201222 16:18:49.321" endtime="20201222 16:18:49.322"></status>
</kw>
<status status="PASS" starttime="20201222 16:18:49.319" endtime="20201222 16:18:49.322"></status>
</kw>
<kw name="${index} = 3" type="foritem">
<kw name="Set Variable" library="BuiltIn">
<doc>Returns the given values which can then be assigned to a variables.</doc>
<arguments>
<arg>${response[${index}]['Municipality']['Id']}</arg>
</arguments>
<assign>
<var>${id}</var>
</assign>
<msg timestamp="20201222 16:18:49.322" level="INFO">${id} = 0617</msg>
<status status="PASS" starttime="20201222 16:18:49.322" endtime="20201222 16:18:49.323"></status>
</kw>
<kw name="Set Variable" library="BuiltIn">
<doc>Returns the given values which can then be assigned to a variables.</doc>
<arguments>
<arg>${response[${index}]['Municipality']['Name']}</arg>
</arguments>
<assign>
<var>${name}</var>
</assign>
<msg timestamp="20201222 16:18:49.323" level="INFO">${name} = Vila Nova de Poiares</msg>
<status status="PASS" starttime="20201222 16:18:49.323" endtime="20201222 16:18:49.323"></status>
</kw>
<kw name="Set Variable If" library="BuiltIn">
<doc>Sets variable based on the given condition.</doc>
<arguments>
<arg>'${name}'=='${city}'</arg>
<arg>${id}</arg>
</arguments>
<assign>
<var>${city_id}</var>
</assign>
<msg timestamp="20201222 16:18:49.324" level="INFO">${city_id} = None</msg>
<status status="PASS" starttime="20201222 16:18:49.323" endtime="20201222 16:18:49.324"></status>
</kw>
<kw name="Exit For Loop If" library="BuiltIn">
<doc>Stops executing the enclosing for loop if the ``condition`` is true.</doc>
<arguments>
<arg>'${name}'=='${city}'</arg>
</arguments>
<status status="PASS" starttime="20201222 16:18:49.324" endtime="20201222 16:18:49.325"></status>
</kw>
<status status="PASS" starttime="20201222 16:18:49.322" endtime="20201222 16:18:49.325"></status>
</kw>
<kw name="${index} = 4" type="foritem">
<kw name="Set Variable" library="BuiltIn">
<doc>Returns the given values which can then be assigned to a variables.</doc>
<arguments>
<arg>${response[${index}]['Municipality']['Id']}</arg>
</arguments>
<assign>
<var>${id}</var>
</assign>
<msg timestamp="20201222 16:18:49.326" level="INFO">${id} = 1711</msg>
<status status="PASS" starttime="20201222 16:18:49.325" endtime="20201222 16:18:49.326"></status>
</kw>
<kw name="Set Variable" library="BuiltIn">
<doc>Returns the given values which can then be assigned to a variables.</doc>
<arguments>
<arg>${response[${index}]['Municipality']['Name']}</arg>
</arguments>
<assign>
<var>${name}</var>
</assign>
<msg timestamp="20201222 16:18:49.326" level="INFO">${name} = Santa Marta de Penaguião</msg>
<status status="PASS" starttime="20201222 16:18:49.326" endtime="20201222 16:18:49.326"></status>
</kw>
<kw name="Set Variable If" library="BuiltIn">
<doc>Sets variable based on the given condition.</doc>
<arguments>
<arg>'${name}'=='${city}'</arg>
<arg>${id}</arg>
</arguments>
<assign>
<var>${city_id}</var>
</assign>
<msg timestamp="20201222 16:18:49.327" level="INFO">${city_id} = None</msg>
<status status="PASS" starttime="20201222 16:18:49.327" endtime="20201222 16:18:49.327"></status>
</kw>
<kw name="Exit For Loop If" library="BuiltIn">
<doc>Stops executing the enclosing for loop if the ``condition`` is true.</doc>
<arguments>
<arg>'${name}'=='${city}'</arg>
</arguments>
<status status="PASS" starttime="20201222 16:18:49.327" endtime="20201222 16:18:49.328"></status>
</kw>
<status status="PASS" starttime="20201222 16:18:49.325" endtime="20201222 16:18:49.328"></status>
</kw>
<kw name="${index} = 5" type="foritem">
<kw name="Set Variable" library="BuiltIn">
<doc>Returns the given values which can then be assigned to a variables.</doc>
<arguments>
<arg>${response[${index}]['Municipality']['Id']}</arg>
</arguments>
<assign>
<var>${id}</var>
</assign>
<msg timestamp="20201222 16:18:49.328" level="INFO">${id} = 1207</msg>
<status status="PASS" starttime="20201222 16:18:49.328" endtime="20201222 16:18:49.328"></status>
</kw>
<kw name="Set Variable" library="BuiltIn">
<doc>Returns the given values which can then be assigned to a variables.</doc>
<arguments>
<arg>${response[${index}]['Municipality']['Name']}</arg>
</arguments>
<assign>
<var>${name}</var>
</assign>
<msg timestamp="20201222 16:18:49.329" level="INFO">${name} = Elvas</msg>
<status status="PASS" starttime="20201222 16:18:49.328" endtime="20201222 16:18:49.329"></status>
</kw>
<kw name="Set Variable If" library="BuiltIn">
<doc>Sets variable based on the given condition.</doc>
<arguments>
<arg>'${name}'=='${city}'</arg>
<arg>${id}</arg>
</arguments>
<assign>
<var>${city_id}</var>
</assign>
<msg timestamp="20201222 16:18:49.329" level="INFO">${city_id} = None</msg>
<status status="PASS" starttime="20201222 16:18:49.329" endtime="20201222 16:18:49.329"></status>
</kw>
<kw name="Exit For Loop If" library="BuiltIn">
<doc>Stops executing the enclosing for loop if the ``condition`` is true.</doc>
<arguments>
<arg>'${name}'=='${city}'</arg>
</arguments>
<status status="PASS" starttime="20201222 16:18:49.329" endtime="20201222 16:18:49.330"></status>
</kw>
<status status="PASS" starttime="20201222 16:18:49.328" endtime="20201222 16:18:49.330"></status>
</kw>
<kw name="${index} = 6" type="foritem">
<kw name="Set Variable" library="BuiltIn">
<doc>Returns the given values which can then be assigned to a variables.</doc>
<arguments>
<arg>${response[${index}]['Municipality']['Id']}</arg>
</arguments>
<assign>
<var>${id}</var>
</assign>
<msg timestamp="20201222 16:18:49.330" level="INFO">${id} = 3108</msg>
<status status="PASS" starttime="20201222 16:18:49.330" endtime="20201222 16:18:49.330"></status>
</kw>
<kw name="Set Variable" library="BuiltIn">
<doc>Returns the given values which can then be assigned to a variables.</doc>
<arguments>
<arg>${response[${index}]['Municipality']['Name']}</arg>
</arguments>
<assign>
<var>${name}</var>
</assign>
<msg timestamp="20201222 16:18:49.331" level="INFO">${name} = Santa Cruz</msg>
<status status="PASS" starttime="20201222 16:18:49.331" endtime="20201222 16:18:49.331"></status>
</kw>
<kw name="Set Variable If" library="BuiltIn">
<doc>Sets variable based on the given condition.</doc>
<arguments>
<arg>'${name}'=='${city}'</arg>
<arg>${id}</arg>
</arguments>
<assign>
<var>${city_id}</var>
</assign>
<msg timestamp="20201222 16:18:49.332" level="INFO">${city_id} = None</msg>
<status status="PASS" starttime="20201222 16:18:49.331" endtime="20201222 16:18:49.332"></status>
</kw>
<kw name="Exit For Loop If" library="BuiltIn">
<doc>Stops executing the enclosing for loop if the ``condition`` is true.</doc>
<arguments>
<arg>'${name}'=='${city}'</arg>
</arguments>
<status status="PASS" starttime="20201222 16:18:49.332" endtime="20201222 16:18:49.332"></status>
</kw>
<status status="PASS" starttime="20201222 16:18:49.330" endtime="20201222 16:18:49.332"></status>
</kw>
<kw name="${index} = 7" type="foritem">
<kw name="Set Variable" library="BuiltIn">
<doc>Returns the given values which can then be assigned to a variables.</doc>
<arguments>
<arg>${response[${index}]['Municipality']['Id']}</arg>
</arguments>
<assign>
<var>${id}</var>
</assign>
<msg timestamp="20201222 16:18:49.333" level="INFO">${id} = 0109</msg>
<status status="PASS" starttime="20201222 16:18:49.333" endtime="20201222 16:18:49.333"></status>
</kw>
<kw name="Set Variable" library="BuiltIn">
<doc>Returns the given values which can then be assigned to a variables.</doc>
<arguments>
<arg>${response[${index}]['Municipality']['Name']}</arg>
</arguments>
<assign>
<var>${name}</var>
</assign>
<msg timestamp="20201222 16:18:49.334" level="INFO">${name} = Santa Maria da Feira</msg>
<status status="PASS" starttime="20201222 16:18:49.333" endtime="20201222 16:18:49.334"></status>
</kw>
<kw name="Set Variable If" library="BuiltIn">
<doc>Sets variable based on the given condition.</doc>
<arguments>
<arg>'${name}'=='${city}'</arg>
<arg>${id}</arg>
</arguments>
<assign>
<var>${city_id}</var>
</assign>
<msg timestamp="20201222 16:18:49.334" level="INFO">${city_id} = None</msg>
<status status="PASS" starttime="20201222 16:18:49.334" endtime="20201222 16:18:49.334"></status>
</kw>
<kw name="Exit For Loop If" library="BuiltIn">
<doc>Stops executing the enclosing for loop if the ``condition`` is true.</doc>
<arguments>
<arg>'${name}'=='${city}'</arg>
</arguments>
<status status="PASS" starttime="20201222 16:18:49.334" endtime="20201222 16:18:49.335"></status>
</kw>
<status status="PASS" starttime="20201222 16:18:49.332" endtime="20201222 16:18:49.335"></status>
</kw>
<kw name="${index} = 8" type="foritem">
<kw name="Set Variable" library="BuiltIn">
<doc>Returns the given values which can then be assigned to a variables.</doc>
<arguments>
<arg>${response[${index}]['Municipality']['Id']}</arg>
</arguments>
<assign>
<var>${id}</var>
</assign>
<msg timestamp="20201222 16:18:49.336" level="INFO">${id} = 0815</msg>
<status status="PASS" starttime="20201222 16:18:49.335" endtime="20201222 16:18:49.336"></status>
</kw>
<kw name="Set Variable" library="BuiltIn">
<doc>Returns the given values which can then be assigned to a variables.</doc>
<arguments>
<arg>${response[${index}]['Municipality']['Name']}</arg>
</arguments>
<assign>
<var>${name}</var>
</assign>
<msg timestamp="20201222 16:18:49.336" level="INFO">${name} = Vila do Bispo</msg>
<status status="PASS" starttime="20201222 16:18:49.336" endtime="20201222 16:18:49.336"></status>
</kw>
<kw name="Set Variable If" library="BuiltIn">
<doc>Sets variable based on the given condition.</doc>
<arguments>
<arg>'${name}'=='${city}'</arg>
<arg>${id}</arg>
</arguments>
<assign>
<var>${city_id}</var>
</assign>
<msg timestamp="20201222 16:18:49.337" level="INFO">${city_id} = None</msg>
<status status="PASS" starttime="20201222 16:18:49.337" endtime="20201222 16:18:49.337"></status>
</kw>
<kw name="Exit For Loop If" library="BuiltIn">
<doc>Stops executing the enclosing for loop if the ``condition`` is true.</doc>
<arguments>
<arg>'${name}'=='${city}'</arg>
</arguments>
<status status="PASS" starttime="20201222 16:18:49.337" endtime="20201222 16:18:49.338"></status>
</kw>
<status status="PASS" starttime="20201222 16:18:49.335" endtime="20201222 16:18:49.338"></status>
</kw>
<kw name="${index} = 9" type="foritem">
<kw name="Set Variable" library="BuiltIn">
<doc>Returns the given values which can then be assigned to a variables.</doc>
<arguments>
<arg>${response[${index}]['Municipality']['Id']}</arg>
</arguments>
<assign>
<var>${id}</var>
</assign>
<msg timestamp="20201222 16:18:49.338" level="INFO">${id} = 3110</msg>
<status status="PASS" starttime="20201222 16:18:49.338" endtime="20201222 16:18:49.338"></status>
</kw>
<kw name="Set Variable" library="BuiltIn">
<doc>Returns the given values which can then be assigned to a variables.</doc>
<arguments>
<arg>${response[${index}]['Municipality']['Name']}</arg>
</arguments>
<assign>
<var>${name}</var>
</assign>
<msg timestamp="20201222 16:18:49.339" level="INFO">${name} = São Vicente</msg>
<status status="PASS" starttime="20201222 16:18:49.338" endtime="20201222 16:18:49.339"></status>
</kw>
<kw name="Set Variable If" library="BuiltIn">
<doc>Sets variable based on the given condition.</doc>
<arguments>
<arg>'${name}'=='${city}'</arg>
<arg>${id}</arg>
</arguments>
<assign>
<var>${city_id}</var>
</assign>
<msg timestamp="20201222 16:18:49.340" level="INFO">${city_id} = None</msg>
<status status="PASS" starttime="20201222 16:18:49.339" endtime="20201222 16:18:49.340"></status>
</kw>
<kw name="Exit For Loop If" library="BuiltIn">
<doc>Stops executing the enclosing for loop if the ``condition`` is true.</doc>
<arguments>
<arg>'${name}'=='${city}'</arg>
</arguments>
<status status="PASS" starttime="20201222 16:18:49.340" endtime="20201222 16:18:49.340"></status>
</kw>
<status status="PASS" starttime="20201222 16:18:49.338" endtime="20201222 16:18:49.340"></status>
</kw>
<kw name="${index} = 10" type="foritem">
<kw name="Set Variable" library="BuiltIn">
<doc>Returns the given values which can then be assigned to a variables.</doc>
<arguments>
<arg>${response[${index}]['Municipality']['Id']}</arg>
</arguments>
<assign>
<var>${id}</var>
</assign>
<msg timestamp="20201222 16:18:49.341" level="INFO">${id} = 0708</msg>
<status status="PASS" starttime="20201222 16:18:49.340" endtime="20201222 16:18:49.341"></status>
</kw>
<kw name="Set Variable" library="BuiltIn">
<doc>Returns the given values which can then be assigned to a variables.</doc>
<arguments>
<arg>${response[${index}]['Municipality']['Name']}</arg>
</arguments>
<assign>
<var>${name}</var>
</assign>
<msg timestamp="20201222 16:18:49.342" level="INFO">${name} = Mourão</msg>
<status status="PASS" starttime="20201222 16:18:49.341" endtime="20201222 16:18:49.342"></status>
</kw>
[...]
</kw>
<kw name="Catenate" library="BuiltIn">
<doc>Catenates the given items together and returns the resulted string.</doc>
<arguments>
<arg>${table}</arg>
<arg>&lt;td&gt;${response[${index}]['Name']}&lt;/td&gt;</arg>
</arguments>
<assign>
<var>${table}</var>
</assign>
<msg timestamp="20201222 16:18:50.728" level="INFO">${table} = &lt;!DOCTYPE html&gt;&lt;html&gt;&lt;head&gt;&lt;/head&gt;&lt;body&gt;&lt;table border="1"&gt; &lt;caption&gt;&lt;h1&gt;Feriados Lisboa 2021&lt;/h1&gt;&lt;/caption&gt; &lt;tr&gt;&lt;th&gt;Data&lt;/th&gt; &lt;th&gt;Nome&lt;/th&gt; &lt;th&gt;Tipo&lt;/th&gt;&lt;th&gt;Descrição&lt;/th&gt;&lt;/tr&gt; &lt;tr&gt;&lt;td&gt;1/1/2021&lt;/td&gt; &lt;...</msg>
<status status="PASS" starttime="20201222 16:18:50.727" endtime="20201222 16:18:50.728"></status>
</kw>
<kw name="Catenate" library="BuiltIn">
<doc>Catenates the given items together and returns the resulted string.</doc>
<arguments>
<arg>${table}</arg>
<arg>&lt;td&gt;${response[${index}]['Type']}&lt;/td&gt;</arg>
</arguments>
<assign>
<var>${table}</var>
</assign>
<msg timestamp="20201222 16:18:50.729" level="INFO">${table} = &lt;!DOCTYPE html&gt;&lt;html&gt;&lt;head&gt;&lt;/head&gt;&lt;body&gt;&lt;table border="1"&gt; &lt;caption&gt;&lt;h1&gt;Feriados Lisboa 2021&lt;/h1&gt;&lt;/caption&gt; &lt;tr&gt;&lt;th&gt;Data&lt;/th&gt; &lt;th&gt;Nome&lt;/th&gt; &lt;th&gt;Tipo&lt;/th&gt;&lt;th&gt;Descrição&lt;/th&gt;&lt;/tr&gt; &lt;tr&gt;&lt;td&gt;1/1/2021&lt;/td&gt; &lt;...</msg>
<status status="PASS" starttime="20201222 16:18:50.728" endtime="20201222 16:18:50.729"></status>
</kw>
<kw name="Catenate" library="BuiltIn">
<doc>Catenates the given items together and returns the resulted string.</doc>
<arguments>
<arg>${table}</arg>
<arg>&lt;td&gt;${response[${index}]['Description']}&lt;/td&gt;&lt;/tr&gt;</arg>
</arguments>
<assign>
<var>${table}</var>
</assign>
<msg timestamp="20201222 16:18:50.729" level="INFO">${table} = &lt;!DOCTYPE html&gt;&lt;html&gt;&lt;head&gt;&lt;/head&gt;&lt;body&gt;&lt;table border="1"&gt; &lt;caption&gt;&lt;h1&gt;Feriados Lisboa 2021&lt;/h1&gt;&lt;/caption&gt; &lt;tr&gt;&lt;th&gt;Data&lt;/th&gt; &lt;th&gt;Nome&lt;/th&gt; &lt;th&gt;Tipo&lt;/th&gt;&lt;th&gt;Descrição&lt;/th&gt;&lt;/tr&gt; &lt;tr&gt;&lt;td&gt;1/1/2021&lt;/td&gt; &lt;...</msg>
<status status="PASS" starttime="20201222 16:18:50.729" endtime="20201222 16:18:50.729"></status>
</kw>
<status status="PASS" starttime="20201222 16:18:50.724" endtime="20201222 16:18:50.729"></status>
</kw>
<kw name="${index} = 13" type="foritem">
<kw name="Set Variable" library="BuiltIn">
<doc>Returns the given values which can then be assigned to a variables.</doc>
<arguments>
<arg>${response[${index}]['Date']}</arg>
</arguments>
<assign>
<var>${get_date}</var>
</assign>
<msg timestamp="20201222 16:18:50.730" level="INFO">${get_date} = 2021-12-08 00:00:00</msg>
<status status="PASS" starttime="20201222 16:18:50.730" endtime="20201222 16:18:50.730"></status>
</kw>
<kw name="Convert Date" library="DateTime">
<doc>Converts between supported `date formats`.</doc>
<arguments>
<arg>${get_date}</arg>
<arg>result_format=datetime</arg>
</arguments>
<assign>
<var>${date}</var>
</assign>
<msg timestamp="20201222 16:18:50.731" level="INFO">${date} = 2021-12-08 00:00:00</msg>
<status status="PASS" starttime="20201222 16:18:50.730" endtime="20201222 16:18:50.731"></status>
</kw>
<kw name="Catenate" library="BuiltIn">
<doc>Catenates the given items together and returns the resulted string.</doc>
<arguments>
<arg>${table}</arg>
<arg>&lt;tr&gt;&lt;td&gt;${date.day}/${date.month}/${date.year}&lt;/td&gt;</arg>
</arguments>
<assign>
<var>${table}</var>
</assign>
<msg timestamp="20201222 16:18:50.732" level="INFO">${table} = &lt;!DOCTYPE html&gt;&lt;html&gt;&lt;head&gt;&lt;/head&gt;&lt;body&gt;&lt;table border="1"&gt; &lt;caption&gt;&lt;h1&gt;Feriados Lisboa 2021&lt;/h1&gt;&lt;/caption&gt; &lt;tr&gt;&lt;th&gt;Data&lt;/th&gt; &lt;th&gt;Nome&lt;/th&gt; &lt;th&gt;Tipo&lt;/th&gt;&lt;th&gt;Descrição&lt;/th&gt;&lt;/tr&gt; &lt;tr&gt;&lt;td&gt;1/1/2021&lt;/td&gt; &lt;...</msg>
<status status="PASS" starttime="20201222 16:18:50.731" endtime="20201222 16:18:50.732"></status>
</kw>
<kw name="Catenate" library="BuiltIn">
<doc>Catenates the given items together and returns the resulted string.</doc>
<arguments>
<arg>${table}</arg>
<arg>&lt;td&gt;${response[${index}]['Name']}&lt;/td&gt;</arg>
</arguments>
<assign>
<var>${table}</var>
</assign>
<msg timestamp="20201222 16:18:50.733" level="INFO">${table} = &lt;!DOCTYPE html&gt;&lt;html&gt;&lt;head&gt;&lt;/head&gt;&lt;body&gt;&lt;table border="1"&gt; &lt;caption&gt;&lt;h1&gt;Feriados Lisboa 2021&lt;/h1&gt;&lt;/caption&gt; &lt;tr&gt;&lt;th&gt;Data&lt;/th&gt; &lt;th&gt;Nome&lt;/th&gt; &lt;th&gt;Tipo&lt;/th&gt;&lt;th&gt;Descrição&lt;/th&gt;&lt;/tr&gt; &lt;tr&gt;&lt;td&gt;1/1/2021&lt;/td&gt; &lt;...</msg>
<status status="PASS" starttime="20201222 16:18:50.732" endtime="20201222 16:18:50.733"></status>
</kw>
<kw name="Catenate" library="BuiltIn">
<doc>Catenates the given items together and returns the resulted string.</doc>
<arguments>
<arg>${table}</arg>
<arg>&lt;td&gt;${response[${index}]['Type']}&lt;/td&gt;</arg>
</arguments>
<assign>
<var>${table}</var>
</assign>
<msg timestamp="20201222 16:18:50.734" level="INFO">${table} = &lt;!DOCTYPE html&gt;&lt;html&gt;&lt;head&gt;&lt;/head&gt;&lt;body&gt;&lt;table border="1"&gt; &lt;caption&gt;&lt;h1&gt;Feriados Lisboa 2021&lt;/h1&gt;&lt;/caption&gt; &lt;tr&gt;&lt;th&gt;Data&lt;/th&gt; &lt;th&gt;Nome&lt;/th&gt; &lt;th&gt;Tipo&lt;/th&gt;&lt;th&gt;Descrição&lt;/th&gt;&lt;/tr&gt; &lt;tr&gt;&lt;td&gt;1/1/2021&lt;/td&gt; &lt;...</msg>
<status status="PASS" starttime="20201222 16:18:50.733" endtime="20201222 16:18:50.734"></status>
</kw>
<kw name="Catenate" library="BuiltIn">
<doc>Catenates the given items together and returns the resulted string.</doc>
<arguments>
<arg>${table}</arg>
<arg>&lt;td&gt;${response[${index}]['Description']}&lt;/td&gt;&lt;/tr&gt;</arg>
</arguments>
<assign>
<var>${table}</var>
</assign>
<msg timestamp="20201222 16:18:50.734" level="INFO">${table} = &lt;!DOCTYPE html&gt;&lt;html&gt;&lt;head&gt;&lt;/head&gt;&lt;body&gt;&lt;table border="1"&gt; &lt;caption&gt;&lt;h1&gt;Feriados Lisboa 2021&lt;/h1&gt;&lt;/caption&gt; &lt;tr&gt;&lt;th&gt;Data&lt;/th&gt; &lt;th&gt;Nome&lt;/th&gt; &lt;th&gt;Tipo&lt;/th&gt;&lt;th&gt;Descrição&lt;/th&gt;&lt;/tr&gt; &lt;tr&gt;&lt;td&gt;1/1/2021&lt;/td&gt; &lt;...</msg>
<status status="PASS" starttime="20201222 16:18:50.734" endtime="20201222 16:18:50.734"></status>
</kw>
<status status="PASS" starttime="20201222 16:18:50.730" endtime="20201222 16:18:50.734"></status>
</kw>
<kw name="${index} = 14" type="foritem">
<kw name="Set Variable" library="BuiltIn">
<doc>Returns the given values which can then be assigned to a variables.</doc>
<arguments>
<arg>${response[${index}]['Date']}</arg>
</arguments>
<assign>
<var>${get_date}</var>
</assign>
<msg timestamp="20201222 16:18:50.735" level="INFO">${get_date} = 2021-12-25 00:00:00</msg>
<status status="PASS" starttime="20201222 16:18:50.735" endtime="20201222 16:18:50.735"></status>
</kw>
<kw name="Convert Date" library="DateTime">
<doc>Converts between supported `date formats`.</doc>
<arguments>
<arg>${get_date}</arg>
<arg>result_format=datetime</arg>
</arguments>
<assign>
<var>${date}</var>
</assign>
<msg timestamp="20201222 16:18:50.735" level="INFO">${date} = 2021-12-25 00:00:00</msg>
<status status="PASS" starttime="20201222 16:18:50.735" endtime="20201222 16:18:50.735"></status>
</kw>
<kw name="Catenate" library="BuiltIn">
<doc>Catenates the given items together and returns the resulted string.</doc>
<arguments>
<arg>${table}</arg>
<arg>&lt;tr&gt;&lt;td&gt;${date.day}/${date.month}/${date.year}&lt;/td&gt;</arg>
</arguments>
<assign>
<var>${table}</var>
</assign>
<msg timestamp="20201222 16:18:50.736" level="INFO">${table} = &lt;!DOCTYPE html&gt;&lt;html&gt;&lt;head&gt;&lt;/head&gt;&lt;body&gt;&lt;table border="1"&gt; &lt;caption&gt;&lt;h1&gt;Feriados Lisboa 2021&lt;/h1&gt;&lt;/caption&gt; &lt;tr&gt;&lt;th&gt;Data&lt;/th&gt; &lt;th&gt;Nome&lt;/th&gt; &lt;th&gt;Tipo&lt;/th&gt;&lt;th&gt;Descrição&lt;/th&gt;&lt;/tr&gt; &lt;tr&gt;&lt;td&gt;1/1/2021&lt;/td&gt; &lt;...</msg>
<status status="PASS" starttime="20201222 16:18:50.736" endtime="20201222 16:18:50.736"></status>
</kw>
<kw name="Catenate" library="BuiltIn">
<doc>Catenates the given items together and returns the resulted string.</doc>
<arguments>
<arg>${table}</arg>
<arg>&lt;td&gt;${response[${index}]['Name']}&lt;/td&gt;</arg>
</arguments>
<assign>
<var>${table}</var>
</assign>
<msg timestamp="20201222 16:18:50.737" level="INFO">${table} = &lt;!DOCTYPE html&gt;&lt;html&gt;&lt;head&gt;&lt;/head&gt;&lt;body&gt;&lt;table border="1"&gt; &lt;caption&gt;&lt;h1&gt;Feriados Lisboa 2021&lt;/h1&gt;&lt;/caption&gt; &lt;tr&gt;&lt;th&gt;Data&lt;/th&gt; &lt;th&gt;Nome&lt;/th&gt; &lt;th&gt;Tipo&lt;/th&gt;&lt;th&gt;Descrição&lt;/th&gt;&lt;/tr&gt; &lt;tr&gt;&lt;td&gt;1/1/2021&lt;/td&gt; &lt;...</msg>
<status status="PASS" starttime="20201222 16:18:50.737" endtime="20201222 16:18:50.737"></status>
</kw>
<kw name="Catenate" library="BuiltIn">
<doc>Catenates the given items together and returns the resulted string.</doc>
<arguments>
<arg>${table}</arg>
<arg>&lt;td&gt;${response[${index}]['Type']}&lt;/td&gt;</arg>
</arguments>
<assign>
<var>${table}</var>
</assign>
<msg timestamp="20201222 16:18:50.738" level="INFO">${table} = &lt;!DOCTYPE html&gt;&lt;html&gt;&lt;head&gt;&lt;/head&gt;&lt;body&gt;&lt;table border="1"&gt; &lt;caption&gt;&lt;h1&gt;Feriados Lisboa 2021&lt;/h1&gt;&lt;/caption&gt; &lt;tr&gt;&lt;th&gt;Data&lt;/th&gt; &lt;th&gt;Nome&lt;/th&gt; &lt;th&gt;Tipo&lt;/th&gt;&lt;th&gt;Descrição&lt;/th&gt;&lt;/tr&gt; &lt;tr&gt;&lt;td&gt;1/1/2021&lt;/td&gt; &lt;...</msg>
<status status="PASS" starttime="20201222 16:18:50.737" endtime="20201222 16:18:50.738"></status>
</kw>
<kw name="Catenate" library="BuiltIn">
<doc>Catenates the given items together and returns the resulted string.</doc>
<arguments>
<arg>${table}</arg>
<arg>&lt;td&gt;${response[${index}]['Description']}&lt;/td&gt;&lt;/tr&gt;</arg>
</arguments>
<assign>
<var>${table}</var>
</assign>
<msg timestamp="20201222 16:18:50.739" level="INFO">${table} = &lt;!DOCTYPE html&gt;&lt;html&gt;&lt;head&gt;&lt;/head&gt;&lt;body&gt;&lt;table border="1"&gt; &lt;caption&gt;&lt;h1&gt;Feriados Lisboa 2021&lt;/h1&gt;&lt;/caption&gt; &lt;tr&gt;&lt;th&gt;Data&lt;/th&gt; &lt;th&gt;Nome&lt;/th&gt; &lt;th&gt;Tipo&lt;/th&gt;&lt;th&gt;Descrição&lt;/th&gt;&lt;/tr&gt; &lt;tr&gt;&lt;td&gt;1/1/2021&lt;/td&gt; &lt;...</msg>
<status status="PASS" starttime="20201222 16:18:50.739" endtime="20201222 16:18:50.739"></status>
</kw>
<status status="PASS" starttime="20201222 16:18:50.734" endtime="20201222 16:18:50.739"></status>
</kw>
<status status="PASS" starttime="20201222 16:18:50.667" endtime="20201222 16:18:50.739"></status>
</kw>
<kw name="Catenate" library="BuiltIn">
<doc>Catenates the given items together and returns the resulted string.</doc>
<arguments>
<arg>${table}</arg>
<arg>&lt;/table&gt;&lt;/body&gt;&lt;/html&gt;</arg>
</arguments>
<assign>
<var>${table}</var>
</assign>
<msg timestamp="20201222 16:18:50.740" level="INFO">${table} = &lt;!DOCTYPE html&gt;&lt;html&gt;&lt;head&gt;&lt;/head&gt;&lt;body&gt;&lt;table border="1"&gt; &lt;caption&gt;&lt;h1&gt;Feriados Lisboa 2021&lt;/h1&gt;&lt;/caption&gt; &lt;tr&gt;&lt;th&gt;Data&lt;/th&gt; &lt;th&gt;Nome&lt;/th&gt; &lt;th&gt;Tipo&lt;/th&gt;&lt;th&gt;Descrição&lt;/th&gt;&lt;/tr&gt; &lt;tr&gt;&lt;td&gt;1/1/2021&lt;/td&gt; &lt;...</msg>
<status status="PASS" starttime="20201222 16:18:50.740" endtime="20201222 16:18:50.740"></status>
</kw>
<kw name="Log" library="BuiltIn">
<doc>Logs the given message with the given level.</doc>
<arguments>
<arg>${table}</arg>
<arg>html=True</arg>
</arguments>
<msg timestamp="20201222 16:18:50.740" level="INFO" html="yes">&lt;!DOCTYPE html&gt;&lt;html&gt;&lt;head&gt;&lt;/head&gt;&lt;body&gt;&lt;table border="1"&gt; &lt;caption&gt;&lt;h1&gt;Feriados Lisboa 2021&lt;/h1&gt;&lt;/caption&gt; &lt;tr&gt;&lt;th&gt;Data&lt;/th&gt; &lt;th&gt;Nome&lt;/th&gt; &lt;th&gt;Tipo&lt;/th&gt;&lt;th&gt;Descrição&lt;/th&gt;&lt;/tr&gt; &lt;tr&gt;&lt;td&gt;1/1/2021&lt;/td&gt; &lt;td&gt;Ano Novo&lt;/td&gt; &lt;td&gt;National&lt;/td&gt; &lt;td&gt;O Ano-Novo é um evento que acontece quando uma cultura celebra o fim de um ano e o começo do próximo. Todas culturas que têm calendários anuais celebram o "Ano-Novo". A celebração do evento é também chamada réveillon, termo oriundo do verbo réveiller, que em francês significa "despertar".&lt;/td&gt;&lt;/tr&gt; &lt;tr&gt;&lt;td&gt;16/2/2021&lt;/td&gt; &lt;td&gt;Carnaval&lt;/td&gt; &lt;td&gt;Optional&lt;/td&gt; &lt;td&gt;Feriado facultativo, sendo rara a sua não utilização na prática. A data tem origem na tradição pagã de celebrar o final do inverno e foi depois adaptada pela Igreja Católica marcando agora o período de 40 dias antes da Semana Santa (Quaresma), ou 47 dias antes da Páscoa, sendo conhecido também por Entrudo&lt;/td&gt;&lt;/tr&gt; &lt;tr&gt;&lt;td&gt;2/4/2021&lt;/td&gt; &lt;td&gt;Sexta-Feira Santa&lt;/td&gt; &lt;td&gt;National&lt;/td&gt; &lt;td&gt;A Sexta-feira Santa é a Sexta-feira antes do Domingo de Páscoa. Em algumas localidades este feriado pode ser celebrado noutra data na época da Páscoa de acordo com a tradição local. É a data em que os cristãos lembram o julgamento, paixão, crucificação, morte e sepultura de Jesus Cristo, através de diversos ritos religiosos&lt;/td&gt;&lt;/tr&gt; &lt;tr&gt;&lt;td&gt;4/4/2021&lt;/td&gt; &lt;td&gt;Páscoa&lt;/td&gt; &lt;td&gt;Religious&lt;/td&gt; &lt;td&gt;Primeiro Domingo após a primeira lua cheia que se verificar a partir de 21 de Março. Sendo celebrado a um Domingo não é classificado como feriado oficial. A Páscoa (do hebraico Pessach, significando passagem) é um evento religioso cristão, normalmente considerado pelas igrejas ligadas a esta corrente religiosa como a maior e a mais importante festa da cristandade. Na Páscoa os cristãos celebram a Ressurreição de Jesus Cristo (Vitória sobre a morte) depois da sua morte por crucificação (ver Sexta-Feira Santa) que teria ocorrido nesta altura do ano em 30 ou 33 d.C.&lt;/td&gt;&lt;/tr&gt; &lt;tr&gt;&lt;td&gt;25/4/2021&lt;/td&gt; &lt;td&gt;Dia da Liberdade&lt;/td&gt; &lt;td&gt;National&lt;/td&gt; &lt;td&gt;O golpe de estado militar do dia 25 de Abril de 1974 derrubou, num só dia, o regime político que vigorava em Portugal desde 1926, sem grande resistência das forças leais ao governo, que cederam perante a revolta das forças armadas. Este levantamento é conhecido por Dia D, 25 de Abril ou Revolução dos Cravos&lt;/td&gt;&lt;/tr&gt; &lt;tr&gt;&lt;td&gt;1/5/2021&lt;/td&gt; &lt;td&gt;Dia do Trabalhador&lt;/td&gt; &lt;td&gt;National&lt;/td&gt; &lt;td&gt;O Dia do Trabalhador é celebrado anualmente no dia 1 de Maio em numerosos países do mundo, sendo feriado nacional em muitos deles. Em Portugal, só a partir de Maio de 1974 (o ano da revolução do 25 de Abril) é que se voltou a comemorar espontaneamente o Primeiro de Maio.&lt;/td&gt;&lt;/tr&gt; &lt;tr&gt;&lt;td&gt;3/6/2021&lt;/td&gt; &lt;td&gt;Corpo de Deus&lt;/td&gt; &lt;td&gt;National&lt;/td&gt; &lt;td&gt;Corpus Christi (latim para Corpo de Cristo) é uma festa móvel da Igreja Católica que celebra a presença de Cristo na Eucaristia. É realizada na quinta-feira seguinte ao domingo da Santíssima Trindade. É uma festa de 'preceito', isto é, para os católicos é de comparecimento obrigatório assistir à Missa neste dia, na forma estabelecida pela Conferência Episcopal do país respectivo&lt;/td&gt;&lt;/tr&gt; &lt;tr&gt;&lt;td&gt;10/6/2021&lt;/td&gt; &lt;td&gt;Dia de Camões, de Portugal e das Comunidades Portuguesas&lt;/td&gt; &lt;td&gt;National&lt;/td&gt; &lt;td&gt;O Dia de Portugal; Dia de Camões, de Portugal e das Comunidades Portuguesas, é o dia em que se assinala a morte de Luís Vaz de Camões a 10 de Junho de 1580, e é também o Dia Nacional de Portugal.&lt;/td&gt;&lt;/tr&gt; &lt;tr&gt;&lt;td&gt;13/6/2021&lt;/td&gt; &lt;td&gt;Feriado Municipal&lt;/td&gt; &lt;td&gt;Municipal&lt;/td&gt; &lt;td&gt;Dia de Santo António&lt;/td&gt;&lt;/tr&gt; &lt;tr&gt;&lt;td&gt;15/8/2021&lt;/td&gt; &lt;td&gt;Assunção de Nossa Senhora&lt;/td&gt; &lt;td&gt;National&lt;/td&gt; &lt;td&gt;É a solenidade da Igreja Católica referente à elevação de Maria em corpo e alma à eternidade, para junto de Deus, de forma definitiva.&lt;/td&gt;&lt;/tr&gt; &lt;tr&gt;&lt;td&gt;5/10/2021&lt;/td&gt; &lt;td&gt;Implantação da República&lt;/td&gt; &lt;td&gt;National&lt;/td&gt; &lt;td&gt;A Proclamação da República Portuguesa foi o resultado da Revolução de 5 de Outubro de 1910 que naquela data pôs termo à monarquia em Portugal.&lt;/td&gt;&lt;/tr&gt; &lt;tr&gt;&lt;td&gt;1/11/2021&lt;/td&gt; &lt;td&gt;Dia de Todos os Santos&lt;/td&gt; &lt;td&gt;National&lt;/td&gt; &lt;td&gt;Tradicionalmente utilizado para recordar entes falecidos. O Dia dos Fiéis Defuntos é a 2 de Novembro mas, por questões de ordem prática, passou-se a usar o 1 de Novembro para visitar e recordar os falecidos.&lt;/td&gt;&lt;/tr&gt; &lt;tr&gt;&lt;td&gt;1/12/2021&lt;/td&gt; &lt;td&gt;Restauração da Independência&lt;/td&gt; &lt;td&gt;National&lt;/td&gt; &lt;td&gt;A Restauração da Independência é a instauração da casa de Bragança face à dinastia filipina em 1 de dezembro de 1640, que durante 60 anos regeu o país. É comemorada anualmente em Portugal por um feriado no dia 1 de Dezembro.&lt;/td&gt;&lt;/tr&gt; &lt;tr&gt;&lt;td&gt;8/12/2021&lt;/td&gt; &lt;td&gt;Imaculada Conceição&lt;/td&gt; &lt;td&gt;National&lt;/td&gt; &lt;td&gt;Padroeira do Reino de Portugal desde 1646. A Imaculada Conceição é um dogma da Igreja Católica Romana. Definido no século XIX, sua festa litúrgica é celebrada em 8 de Dezembro. Segundo esse dogma, a Virgem Maria foi preservada do pecado original desde o primeiro instante de sua existência. Nascida há dois mil anos atrás, na zona da Palestina.&lt;/td&gt;&lt;/tr&gt; &lt;tr&gt;&lt;td&gt;25/12/2021&lt;/td&gt; &lt;td&gt;Natal&lt;/td&gt; &lt;td&gt;National&lt;/td&gt; &lt;td&gt;A noite de 24 para 25, conhecida como Consoada, é marcada com uma reunião familiar, com um jantar que varia de região para região, embora o bacalhau com batatas se tenha tornado cada vez mais popular. No final da refeição, é servido o Bolo Rei, incluído entre muitos doces e sobremesas típicas destas festas. No final do jantar ou após a meia-noite do dia 25, trocam-se presentes.&lt;/td&gt;&lt;/tr&gt; &lt;/table&gt;&lt;/body&gt;&lt;/html&gt;</msg>
<status status="PASS" starttime="20201222 16:18:50.740" endtime="20201222 16:18:50.741"></status>
</kw>
<status status="PASS" starttime="20201222 16:18:50.206" endtime="20201222 16:18:50.741"></status>
</kw>
<doc>Request to SOAP webservice and using dynamic keywords, also using log as an html table</doc>
<tags>
<tag>Webservice</tag>
</tags>
<status status="PASS" starttime="20201222 16:18:47.999" endtime="20201222 16:18:50.742"></status>
</test>
<status status="PASS" starttime="20201222 16:18:43.879" endtime="20201222 16:18:50.744"></status>
</suite>
<status status="PASS" starttime="20201222 16:18:42.500" endtime="20201222 16:18:50.748"></status>
</suite>
<status status="PASS" starttime="20201222 16:18:28.588" endtime="20201222 16:18:50.754"></status>
</suite>
<statistics>
<total>
<stat pass="7" fail="0" skip="0">All Tests</stat>
</total>
<tag>
<stat pass="1" fail="0" skip="0">Web</stat>
<stat pass="6" fail="0" skip="0">Webservice</stat>
</tag>
<suite>
<stat pass="7" fail="0" skip="0" id="s1" name="Tests">Tests</stat>
<stat pass="1" fail="0" skip="0" id="s1-s1" name="Web">Tests.Web</stat>
<stat pass="1" fail="0" skip="0" id="s1-s1-s1" name="Seleniumeasy">Tests.Web.Seleniumeasy</stat>
<stat pass="6" fail="0" skip="0" id="s1-s2" name="Webservices">Tests.Webservices</stat>
<stat pass="2" fail="0" skip="0" id="s1-s2-s1" name="REST">Tests.Webservices.REST</stat>
<stat pass="4" fail="0" skip="0" id="s1-s2-s2" name="SOAP">Tests.Webservices.SOAP</stat>
</suite>
</statistics>
<errors>
</errors>
</robot>
