<?xml version="1.0" encoding="UTF-8"?>
<robot generator="Robot 4.0.3 (Python 3.8.7 on win32)" generated="20210623 10:56:17.335" rpa="false" schemaversion="2">
<suite id="s1" name="Tests" source="C:\Altran\Repo\Robot_Framework_Examples\Tests">
<suite id="s1-s1" name="Web" source="C:\Altran\Repo\Robot_Framework_Examples\Tests\Web">
<suite id="s1-s1-s1" name="Web Browser Lib" source="C:\Altran\Repo\Robot_Framework_Examples\Tests\Web\web_browser_lib.robot">
<kw name="Open Page and Close Pop Up" type="SETUP">
<kw name="Open Web Page">
<kw name="New Browser" library="Browser">
<arg>${web_browser}</arg>
<arg>headless=false</arg>
<tag>BrowserControl</tag>
<tag>Setter</tag>
<doc>Create a new playwright Browser with specified options.
See `Browser, Context and Page` for more information about Browser and related concepts.</doc>
<msg timestamp="20210623 10:56:18.998" level="INFO">{"browser": "chromium", "headless": false, "handleSIGINT": true, "handleSIGTERM": true, "handleSIGHUP": true, "timeout": 30000.0, "devtools": false, "slowMo": 0.0, "tracesDir": "C:\\Altran\\Repo\\Robot_Framework_Examples\\Logs\\browser\\traces\\4200e67d-351f-44ce-b48c-d981eba2f5bb"}</msg>
<msg timestamp="20210623 10:56:20.264" level="INFO">Successfully created browser with options: {"browser":"chromium","headless":false,"handleSIGINT":true,"handleSIGTERM":true,"handleSIGHUP":true,"timeout":30000,"devtools":false,"slowMo":0,"tracesDir":"C:\\Altran\\Repo\\Robot_Framework_Examples\\Logs\\browser\\traces\\4200e67d-351f-44ce-b48c-d981eba2f5bb"}</msg>
<status status="PASS" starttime="20210623 10:56:18.997" endtime="20210623 10:56:20.264"/>
</kw>
<kw name="New Context" library="Browser">
<arg>viewport={'width': 1024, 'height': 768}</arg>
<tag>BrowserControl</tag>
<tag>Setter</tag>
<doc>Create a new BrowserContext with specified options.
See `Browser, Context and Page` for more information about BrowserContext.</doc>
<msg timestamp="20210623 10:56:20.266" level="INFO">{"acceptDownloads": false, "ignoreHTTPSErrors": false, "bypassCSP": false, "viewport": {"height": 768, "width": 1024}, "deviceScaleFactor": 1.0, "isMobile": false, "hasTouch": false, "javaScriptEnabled": true, "offline": false, "hideRfBrowser": false}</msg>
<msg timestamp="20210623 10:56:20.365" level="INFO">Successfully created context. </msg>
<msg timestamp="20210623 10:56:20.365" level="INFO">{'acceptDownloads': False, 'ignoreHTTPSErrors': False, 'bypassCSP': False, 'viewport': {'height': 768, 'width': 1024}, 'deviceScaleFactor': 1, 'isMobile': False, 'hasTouch': False, 'javaScriptEnabled': True, 'offline': False, 'hideRfBrowser': False}</msg>
<msg timestamp="20210623 10:56:20.365" level="INFO">{"acceptDownloads":false,"ignoreHTTPSErrors":false,"bypassCSP":false,"viewport":{"height":768,"width":1024},"deviceScaleFactor":1,"isMobile":false,"hasTouch":false,"javaScriptEnabled":true,"offline":false,"hideRfBrowser":false}</msg>
<status status="PASS" starttime="20210623 10:56:20.265" endtime="20210623 10:56:20.365"/>
</kw>
<kw name="New Page" library="Browser">
<arg>${url}</arg>
<tag>BrowserControl</tag>
<tag>Setter</tag>
<doc>Open a new Page. A Page is the Playwright equivalent to a tab.
See `Browser, Context and Page` for more information about Page concept.
Returns a stable identifier for the created page.</doc>
<msg timestamp="20210623 10:56:25.474" level="INFO">Successfully initialized new page object and opened url: https://www.seleniumeasy.com/test/</msg>
<status status="PASS" starttime="20210623 10:56:20.365" endtime="20210623 10:56:25.474"/>
</kw>
<status status="PASS" starttime="20210623 10:56:18.996" endtime="20210623 10:56:25.475"/>
</kw>
<kw name="Close the Pop Up">
<kw name="Wait For Elements State" library="Browser">
<arg>${pop_up_no_button}</arg>
<tag>PageContent</tag>
<tag>Wait</tag>
<doc>Waits for the element found by ``selector`` to satisfy state option.</doc>
<msg timestamp="20210623 10:56:26.317" level="INFO">Wait for Element with selector: //div//a[@class='at-cv-button at-cv-lightbox-yesno at-cm-no-button']</msg>
<status status="PASS" starttime="20210623 10:56:25.475" endtime="20210623 10:56:26.317"/>
</kw>
<kw name="Click" library="Browser">
<arg>${pop_up_no_button}</arg>
<tag>PageContent</tag>
<tag>Setter</tag>
<doc>Simulates mouse click on the element found by ``selector``.</doc>
<status status="PASS" starttime="20210623 10:56:26.318" endtime="20210623 10:56:26.428"/>
</kw>
<status status="PASS" starttime="20210623 10:56:25.475" endtime="20210623 10:56:26.429"/>
</kw>
<status status="PASS" starttime="20210623 10:56:18.996" endtime="20210623 10:56:26.429"/>
</kw>
<test id="s1-s1-s1-t1" name="Verify Checkbox">
<kw name="Open Checkbox Menu">
<kw name="Click" library="Browser">
<arg>${input_forms}</arg>
<tag>PageContent</tag>
<tag>Setter</tag>
<doc>Simulates mouse click on the element found by ``selector``.</doc>
<status status="PASS" starttime="20210623 10:56:26.441" endtime="20210623 10:56:26.508"/>
</kw>
<kw name="Click" library="Browser">
<arg>${checkbox_demo}</arg>
<tag>PageContent</tag>
<tag>Setter</tag>
<doc>Simulates mouse click on the element found by ``selector``.</doc>
<status status="PASS" starttime="20210623 10:56:26.509" endtime="20210623 10:56:26.669"/>
</kw>
<kw name="Scroll To" library="Browser">
<arg>${check_button}</arg>
<tag>PageContent</tag>
<tag>Setter</tag>
<doc>Scrolls an element or the page to an absolute position based on given coordinates.</doc>
<msg timestamp="20210623 10:56:26.801" level="INFO"/>
<msg timestamp="20210623 10:56:26.816" level="INFO"/>
<msg timestamp="20210623 10:56:26.827" level="INFO"/>
<msg timestamp="20210623 10:56:26.837" level="INFO"/>
<msg timestamp="20210623 10:56:26.846" level="INFO"/>
<status status="PASS" starttime="20210623 10:56:26.670" endtime="20210623 10:56:26.846"/>
</kw>
<kw name="Take Screenshot" library="Browser">
<tag>PageContent</tag>
<doc>Takes a screenshot of the current window and saves it.</doc>
<msg timestamp="20210623 10:56:27.010" level="INFO" html="true">&lt;/td&gt;&lt;/tr&gt;&lt;tr&gt;&lt;td colspan="3"&gt;&lt;a href="browser/screenshot/robotframework-browser-screenshot-1.png"&gt;&lt;img src="browser/screenshot/robotframework-browser-screenshot-1.png" width="800px"&gt;&lt;/a&gt;</msg>
<status status="PASS" starttime="20210623 10:56:26.847" endtime="20210623 10:56:27.010"/>
</kw>
<status status="PASS" starttime="20210623 10:56:26.441" endtime="20210623 10:56:27.011"/>
</kw>
<kw name="Click Random Checkbox">
<kw name="Generate Random Number" library="Keywords">
<var>${number}</var>
<arg>1</arg>
<arg>4</arg>
<msg timestamp="20210623 10:56:27.014" level="INFO">generated the number: 4</msg>
<msg timestamp="20210623 10:56:27.015" level="INFO">${number} = 4</msg>
<status status="PASS" starttime="20210623 10:56:27.014" endtime="20210623 10:56:27.015"/>
</kw>
<kw name="Replace Variables" library="BuiltIn">
<var>${checkbox_number}</var>
<arg>${checkbox}</arg>
<doc>Replaces variables in the given text with their current values.</doc>
<msg timestamp="20210623 10:56:27.016" level="INFO">${checkbox_number} = //input[@class='cb1-element'][following-sibling::text()='Option 4']</msg>
<status status="PASS" starttime="20210623 10:56:27.016" endtime="20210623 10:56:27.016"/>
</kw>
<kw name="Check Checkbox" library="Browser">
<arg>${checkbox_number}</arg>
<tag>PageContent</tag>
<tag>Setter</tag>
<doc>Checks the checkbox or selects radio button found by ``selector``.</doc>
<status status="PASS" starttime="20210623 10:56:27.017" endtime="20210623 10:56:27.104"/>
</kw>
<kw name="Take Screenshot" library="Browser">
<tag>PageContent</tag>
<doc>Takes a screenshot of the current window and saves it.</doc>
<msg timestamp="20210623 10:56:27.222" level="INFO" html="true">&lt;/td&gt;&lt;/tr&gt;&lt;tr&gt;&lt;td colspan="3"&gt;&lt;a href="browser/screenshot/robotframework-browser-screenshot-2.png"&gt;&lt;img src="browser/screenshot/robotframework-browser-screenshot-2.png" width="800px"&gt;&lt;/a&gt;</msg>
<status status="PASS" starttime="20210623 10:56:27.105" endtime="20210623 10:56:27.222"/>
</kw>
<kw name="Get Checkbox State" library="Browser">
<arg>${checkbox_number}</arg>
<arg>expected_state=checked</arg>
<tag>Assertion</tag>
<tag>Getter</tag>
<tag>PageContent</tag>
<doc>Returns the state of the checkbox found by ``selector``.</doc>
<msg timestamp="20210623 10:56:27.256" level="INFO">Retrieved dom property for element //input[@class='cb1-element'][following-sibling::text()='Option 4'] containing true</msg>
<msg timestamp="20210623 10:56:27.256" level="INFO">Checkbox is checked</msg>
<status status="PASS" starttime="20210623 10:56:27.222" endtime="20210623 10:56:27.256"/>
</kw>
<status status="PASS" starttime="20210623 10:56:27.013" endtime="20210623 10:56:27.256"/>
</kw>
<kw name="Click Check All">
<kw name="Click" library="Browser">
<arg>${check_button}</arg>
<tag>PageContent</tag>
<tag>Setter</tag>
<doc>Simulates mouse click on the element found by ``selector``.</doc>
<status status="PASS" starttime="20210623 10:56:27.257" endtime="20210623 10:56:27.296"/>
</kw>
<status status="PASS" starttime="20210623 10:56:27.256" endtime="20210623 10:56:27.296"/>
</kw>
<kw name="Verify All Checkbox Check">
<kw name="Take Screenshot" library="Browser">
<tag>PageContent</tag>
<doc>Takes a screenshot of the current window and saves it.</doc>
<msg timestamp="20210623 10:56:27.426" level="INFO" html="true">&lt;/td&gt;&lt;/tr&gt;&lt;tr&gt;&lt;td colspan="3"&gt;&lt;a href="browser/screenshot/robotframework-browser-screenshot-3.png"&gt;&lt;img src="browser/screenshot/robotframework-browser-screenshot-3.png" width="800px"&gt;&lt;/a&gt;</msg>
<status status="PASS" starttime="20210623 10:56:27.298" endtime="20210623 10:56:27.426"/>
</kw>
<for flavor="IN RANGE">
<var>${number}</var>
<value>1</value>
<value>5</value>
<iter>
<var name="${number}">1</var>
<kw name="Replace Variables" library="BuiltIn">
<var>${checkbox_number}</var>
<arg>${checkbox}</arg>
<doc>Replaces variables in the given text with their current values.</doc>
<msg timestamp="20210623 10:56:27.427" level="INFO">${checkbox_number} = //input[@class='cb1-element'][following-sibling::text()='Option 1']</msg>
<status status="PASS" starttime="20210623 10:56:27.427" endtime="20210623 10:56:27.427"/>
</kw>
<kw name="Get Checkbox State" library="Browser">
<arg>${checkbox_number}</arg>
<arg>expected_state=checked</arg>
<tag>Assertion</tag>
<tag>Getter</tag>
<tag>PageContent</tag>
<doc>Returns the state of the checkbox found by ``selector``.</doc>
<msg timestamp="20210623 10:56:27.454" level="INFO">Retrieved dom property for element //input[@class='cb1-element'][following-sibling::text()='Option 1'] containing true</msg>
<msg timestamp="20210623 10:56:27.455" level="INFO">Checkbox is checked</msg>
<status status="PASS" starttime="20210623 10:56:27.428" endtime="20210623 10:56:27.455"/>
</kw>
<status status="PASS" starttime="20210623 10:56:27.426" endtime="20210623 10:56:27.455"/>
</iter>
<iter>
<var name="${number}">2</var>
<kw name="Replace Variables" library="BuiltIn">
<var>${checkbox_number}</var>
<arg>${checkbox}</arg>
<doc>Replaces variables in the given text with their current values.</doc>
<msg timestamp="20210623 10:56:27.457" level="INFO">${checkbox_number} = //input[@class='cb1-element'][following-sibling::text()='Option 2']</msg>
<status status="PASS" starttime="20210623 10:56:27.456" endtime="20210623 10:56:27.457"/>
</kw>
<kw name="Get Checkbox State" library="Browser">
<arg>${checkbox_number}</arg>
<arg>expected_state=checked</arg>
<tag>Assertion</tag>
<tag>Getter</tag>
<tag>PageContent</tag>
<doc>Returns the state of the checkbox found by ``selector``.</doc>
<msg timestamp="20210623 10:56:27.479" level="INFO">Retrieved dom property for element //input[@class='cb1-element'][following-sibling::text()='Option 2'] containing true</msg>
<msg timestamp="20210623 10:56:27.479" level="INFO">Checkbox is checked</msg>
<status status="PASS" starttime="20210623 10:56:27.457" endtime="20210623 10:56:27.479"/>
</kw>
<status status="PASS" starttime="20210623 10:56:27.455" endtime="20210623 10:56:27.479"/>
</iter>
<iter>
<var name="${number}">3</var>
<kw name="Replace Variables" library="BuiltIn">
<var>${checkbox_number}</var>
<arg>${checkbox}</arg>
<doc>Replaces variables in the given text with their current values.</doc>
<msg timestamp="20210623 10:56:27.480" level="INFO">${checkbox_number} = //input[@class='cb1-element'][following-sibling::text()='Option 3']</msg>
<status status="PASS" starttime="20210623 10:56:27.480" endtime="20210623 10:56:27.480"/>
</kw>
<kw name="Get Checkbox State" library="Browser">
<arg>${checkbox_number}</arg>
<arg>expected_state=checked</arg>
<tag>Assertion</tag>
<tag>Getter</tag>
<tag>PageContent</tag>
<doc>Returns the state of the checkbox found by ``selector``.</doc>
<msg timestamp="20210623 10:56:27.502" level="INFO">Retrieved dom property for element //input[@class='cb1-element'][following-sibling::text()='Option 3'] containing true</msg>
<msg timestamp="20210623 10:56:27.502" level="INFO">Checkbox is checked</msg>
<status status="PASS" starttime="20210623 10:56:27.480" endtime="20210623 10:56:27.503"/>
</kw>
<status status="PASS" starttime="20210623 10:56:27.480" endtime="20210623 10:56:27.503"/>
</iter>
<iter>
<var name="${number}">4</var>
<kw name="Replace Variables" library="BuiltIn">
<var>${checkbox_number}</var>
<arg>${checkbox}</arg>
<doc>Replaces variables in the given text with their current values.</doc>
<msg timestamp="20210623 10:56:27.503" level="INFO">${checkbox_number} = //input[@class='cb1-element'][following-sibling::text()='Option 4']</msg>
<status status="PASS" starttime="20210623 10:56:27.503" endtime="20210623 10:56:27.503"/>
</kw>
<kw name="Get Checkbox State" library="Browser">
<arg>${checkbox_number}</arg>
<arg>expected_state=checked</arg>
<tag>Assertion</tag>
<tag>Getter</tag>
<tag>PageContent</tag>
<doc>Returns the state of the checkbox found by ``selector``.</doc>
<msg timestamp="20210623 10:56:27.525" level="INFO">Retrieved dom property for element //input[@class='cb1-element'][following-sibling::text()='Option 4'] containing true</msg>
<msg timestamp="20210623 10:56:27.525" level="INFO">Checkbox is checked</msg>
<status status="PASS" starttime="20210623 10:56:27.504" endtime="20210623 10:56:27.525"/>
</kw>
<status status="PASS" starttime="20210623 10:56:27.503" endtime="20210623 10:56:27.525"/>
</iter>
<status status="PASS" starttime="20210623 10:56:27.426" endtime="20210623 10:56:27.525"/>
</for>
<status status="PASS" starttime="20210623 10:56:27.297" endtime="20210623 10:56:27.526"/>
</kw>
<kw name="Click Uncheck All">
<kw name="Click" library="Browser">
<arg>${check_button}</arg>
<tag>PageContent</tag>
<tag>Setter</tag>
<doc>Simulates mouse click on the element found by ``selector``.</doc>
<status status="PASS" starttime="20210623 10:56:27.527" endtime="20210623 10:56:27.580"/>
</kw>
<status status="PASS" starttime="20210623 10:56:27.526" endtime="20210623 10:56:27.580"/>
</kw>
<kw name="Verify All Checkbox Uncheck">
<kw name="Take Screenshot" library="Browser">
<tag>PageContent</tag>
<doc>Takes a screenshot of the current window and saves it.</doc>
<msg timestamp="20210623 10:56:27.704" level="INFO" html="true">&lt;/td&gt;&lt;/tr&gt;&lt;tr&gt;&lt;td colspan="3"&gt;&lt;a href="browser/screenshot/robotframework-browser-screenshot-4.png"&gt;&lt;img src="browser/screenshot/robotframework-browser-screenshot-4.png" width="800px"&gt;&lt;/a&gt;</msg>
<status status="PASS" starttime="20210623 10:56:27.582" endtime="20210623 10:56:27.705"/>
</kw>
<for flavor="IN RANGE">
<var>${number}</var>
<value>1</value>
<value>5</value>
<iter>
<var name="${number}">1</var>
<kw name="Replace Variables" library="BuiltIn">
<var>${checkbox_number}</var>
<arg>${checkbox}</arg>
<doc>Replaces variables in the given text with their current values.</doc>
<msg timestamp="20210623 10:56:27.706" level="INFO">${checkbox_number} = //input[@class='cb1-element'][following-sibling::text()='Option 1']</msg>
<status status="PASS" starttime="20210623 10:56:27.705" endtime="20210623 10:56:27.706"/>
</kw>
<kw name="Get Checkbox State" library="Browser">
<arg>${checkbox_number}</arg>
<arg>expected_state=unchecked</arg>
<tag>Assertion</tag>
<tag>Getter</tag>
<tag>PageContent</tag>
<doc>Returns the state of the checkbox found by ``selector``.</doc>
<msg timestamp="20210623 10:56:27.734" level="INFO">Retrieved dom property for element //input[@class='cb1-element'][following-sibling::text()='Option 1'] containing false</msg>
<msg timestamp="20210623 10:56:27.734" level="INFO">Checkbox is unchecked</msg>
<status status="PASS" starttime="20210623 10:56:27.706" endtime="20210623 10:56:27.734"/>
</kw>
<status status="PASS" starttime="20210623 10:56:27.705" endtime="20210623 10:56:27.734"/>
</iter>
<iter>
<var name="${number}">2</var>
<kw name="Replace Variables" library="BuiltIn">
<var>${checkbox_number}</var>
<arg>${checkbox}</arg>
<doc>Replaces variables in the given text with their current values.</doc>
<msg timestamp="20210623 10:56:27.735" level="INFO">${checkbox_number} = //input[@class='cb1-element'][following-sibling::text()='Option 2']</msg>
<status status="PASS" starttime="20210623 10:56:27.735" endtime="20210623 10:56:27.735"/>
</kw>
<kw name="Get Checkbox State" library="Browser">
<arg>${checkbox_number}</arg>
<arg>expected_state=unchecked</arg>
<tag>Assertion</tag>
<tag>Getter</tag>
<tag>PageContent</tag>
<doc>Returns the state of the checkbox found by ``selector``.</doc>
<msg timestamp="20210623 10:56:27.757" level="INFO">Retrieved dom property for element //input[@class='cb1-element'][following-sibling::text()='Option 2'] containing false</msg>
<msg timestamp="20210623 10:56:27.757" level="INFO">Checkbox is unchecked</msg>
<status status="PASS" starttime="20210623 10:56:27.735" endtime="20210623 10:56:27.757"/>
</kw>
<status status="PASS" starttime="20210623 10:56:27.734" endtime="20210623 10:56:27.757"/>
</iter>
<iter>
<var name="${number}">3</var>
<kw name="Replace Variables" library="BuiltIn">
<var>${checkbox_number}</var>
<arg>${checkbox}</arg>
<doc>Replaces variables in the given text with their current values.</doc>
<msg timestamp="20210623 10:56:27.757" level="INFO">${checkbox_number} = //input[@class='cb1-element'][following-sibling::text()='Option 3']</msg>
<status status="PASS" starttime="20210623 10:56:27.757" endtime="20210623 10:56:27.758"/>
</kw>
<kw name="Get Checkbox State" library="Browser">
<arg>${checkbox_number}</arg>
<arg>expected_state=unchecked</arg>
<tag>Assertion</tag>
<tag>Getter</tag>
<tag>PageContent</tag>
<doc>Returns the state of the checkbox found by ``selector``.</doc>
<msg timestamp="20210623 10:56:27.779" level="INFO">Retrieved dom property for element //input[@class='cb1-element'][following-sibling::text()='Option 3'] containing false</msg>
<msg timestamp="20210623 10:56:27.779" level="INFO">Checkbox is unchecked</msg>
<status status="PASS" starttime="20210623 10:56:27.758" endtime="20210623 10:56:27.779"/>
</kw>
<status status="PASS" starttime="20210623 10:56:27.757" endtime="20210623 10:56:27.779"/>
</iter>
<iter>
<var name="${number}">4</var>
<kw name="Replace Variables" library="BuiltIn">
<var>${checkbox_number}</var>
<arg>${checkbox}</arg>
<doc>Replaces variables in the given text with their current values.</doc>
<msg timestamp="20210623 10:56:27.781" level="INFO">${checkbox_number} = //input[@class='cb1-element'][following-sibling::text()='Option 4']</msg>
<status status="PASS" starttime="20210623 10:56:27.780" endtime="20210623 10:56:27.781"/>
</kw>
<kw name="Get Checkbox State" library="Browser">
<arg>${checkbox_number}</arg>
<arg>expected_state=unchecked</arg>
<tag>Assertion</tag>
<tag>Getter</tag>
<tag>PageContent</tag>
<doc>Returns the state of the checkbox found by ``selector``.</doc>
<msg timestamp="20210623 10:56:27.800" level="INFO">Retrieved dom property for element //input[@class='cb1-element'][following-sibling::text()='Option 4'] containing false</msg>
<msg timestamp="20210623 10:56:27.800" level="INFO">Checkbox is unchecked</msg>
<status status="PASS" starttime="20210623 10:56:27.781" endtime="20210623 10:56:27.800"/>
</kw>
<status status="PASS" starttime="20210623 10:56:27.780" endtime="20210623 10:56:27.800"/>
</iter>
<status status="PASS" starttime="20210623 10:56:27.705" endtime="20210623 10:56:27.800"/>
</for>
<status status="PASS" starttime="20210623 10:56:27.581" endtime="20210623 10:56:27.800"/>
</kw>
<doc>This test randomly marks 1 of the 4 checkboxes on the page and checks whether it is actually
checked. After that, the functionality of the "check all" button is tested.</doc>
<tag>Browser</tag>
<tag>Web</tag>
<status status="PASS" starttime="20210623 10:56:26.430" endtime="20210623 10:56:27.800"/>
</test>
<kw name="Close Browser" library="Browser" type="TEARDOWN">
<tag>BrowserControl</tag>
<tag>Setter</tag>
<doc>Closes the current browser. Activated browser is set to first active browser.
Closes all context and pages belonging to this browser.
See `Browser, Context and Page` for more information about Browser and related concepts.</doc>
<msg timestamp="20210623 10:56:28.615" level="INFO">Closed browser</msg>
<status status="PASS" starttime="20210623 10:56:27.806" endtime="20210623 10:56:28.616"/>
</kw>
<doc>Simple test using Browser library, imported variables and keywords from python.</doc>
<status status="PASS" starttime="20210623 10:56:17.416" endtime="20210623 10:56:28.616"/>
</suite>
<suite id="s1-s1-s2" name="Web Selenium Lib" source="C:\Altran\Repo\Robot_Framework_Examples\Tests\Web\web_selenium_lib.robot">
<kw name="Open Page and Close Pop Up" type="SETUP">
<kw name="Open Web Page">
<kw name="Open Browser" library="SeleniumLibrary">
<arg>${url}</arg>
<arg>${browser}</arg>
<doc>Opens a new browser instance to the optional ``url``.</doc>
<msg timestamp="20210623 10:56:29.214" level="INFO">Opening browser 'chrome' to base url 'https://www.seleniumeasy.com/test/'.</msg>
<status status="PASS" starttime="20210623 10:56:29.213" endtime="20210623 10:56:34.593"/>
</kw>
<kw name="Maximize Browser Window" library="SeleniumLibrary">
<doc>Maximizes current browser window.</doc>
<status status="PASS" starttime="20210623 10:56:34.594" endtime="20210623 10:56:34.735"/>
</kw>
<status status="PASS" starttime="20210623 10:56:29.212" endtime="20210623 10:56:34.736"/>
</kw>
<kw name="Close the Pop Up">
<kw name="Wait Until Element Is Visible" library="SeleniumLibrary">
<arg>${pop_up_no_button}</arg>
<doc>Waits until the element ``locator`` is visible.</doc>
<status status="PASS" starttime="20210623 10:56:34.736" endtime="20210623 10:56:35.491"/>
</kw>
<kw name="Click Element" library="SeleniumLibrary">
<arg>${pop_up_no_button}</arg>
<doc>Click the element identified by ``locator``.</doc>
<msg timestamp="20210623 10:56:35.492" level="INFO">Clicking element '//div//a[@class='at-cv-button at-cv-lightbox-yesno at-cm-no-button']'.</msg>
<status status="PASS" starttime="20210623 10:56:35.492" endtime="20210623 10:56:35.574"/>
</kw>
<status status="PASS" starttime="20210623 10:56:34.736" endtime="20210623 10:56:35.574"/>
</kw>
<status status="PASS" starttime="20210623 10:56:29.211" endtime="20210623 10:56:35.574"/>
</kw>
<test id="s1-s1-s2-t1" name="Verify Checkbox">
<kw name="Open Checkbox Menu">
<kw name="Click Element" library="SeleniumLibrary">
<arg>${input_forms}</arg>
<doc>Click the element identified by ``locator``.</doc>
<msg timestamp="20210623 10:56:35.577" level="INFO">Clicking element '//li[@class='tree-branch']//a[text()='Input Forms']'.</msg>
<status status="PASS" starttime="20210623 10:56:35.577" endtime="20210623 10:56:35.653"/>
</kw>
<kw name="Click Element" library="SeleniumLibrary">
<arg>${checkbox_demo}</arg>
<doc>Click the element identified by ``locator``.</doc>
<msg timestamp="20210623 10:56:35.653" level="INFO">Clicking element '//li[@class='tree-branch']//a[text()='Checkbox Demo']'.</msg>
<status status="PASS" starttime="20210623 10:56:35.653" endtime="20210623 10:56:35.972"/>
</kw>
<kw name="Scroll Element Into View" library="SeleniumLibrary">
<arg>${check_button}</arg>
<doc>Scrolls the element identified by ``locator`` into view.</doc>
<status status="PASS" starttime="20210623 10:56:35.972" endtime="20210623 10:56:36.266"/>
</kw>
<kw name="Capture Page Screenshot" library="SeleniumLibrary">
<doc>Takes a screenshot of the current page and embeds it into a log file.</doc>
<msg timestamp="20210623 10:56:36.379" level="INFO" html="true">&lt;/td&gt;&lt;/tr&gt;&lt;tr&gt;&lt;td colspan="3"&gt;&lt;a href="selenium-screenshot-1.png"&gt;&lt;img src="selenium-screenshot-1.png" width="800px"&gt;&lt;/a&gt;</msg>
<status status="PASS" starttime="20210623 10:56:36.267" endtime="20210623 10:56:36.379"/>
</kw>
<status status="PASS" starttime="20210623 10:56:35.577" endtime="20210623 10:56:36.380"/>
</kw>
<kw name="Click Random Checkbox">
<kw name="Generate Random Number" library="Keywords">
<var>${number}</var>
<arg>1</arg>
<arg>4</arg>
<msg timestamp="20210623 10:56:36.383" level="INFO">generated the number: 1</msg>
<msg timestamp="20210623 10:56:36.383" level="INFO">${number} = 1</msg>
<status status="PASS" starttime="20210623 10:56:36.383" endtime="20210623 10:56:36.383"/>
</kw>
<kw name="Replace Variables" library="BuiltIn">
<var>${checkbox_number}</var>
<arg>${checkbox}</arg>
<doc>Replaces variables in the given text with their current values.</doc>
<msg timestamp="20210623 10:56:36.384" level="INFO">${checkbox_number} = //input[@class='cb1-element'][following-sibling::text()='Option 1']</msg>
<status status="PASS" starttime="20210623 10:56:36.383" endtime="20210623 10:56:36.384"/>
</kw>
<kw name="Select Checkbox" library="SeleniumLibrary">
<arg>${checkbox_number}</arg>
<doc>Selects the checkbox identified by ``locator``.</doc>
<msg timestamp="20210623 10:56:36.385" level="INFO">Selecting checkbox '//input[@class='cb1-element'][following-sibling::text()='Option 1']'.</msg>
<status status="PASS" starttime="20210623 10:56:36.384" endtime="20210623 10:56:36.477"/>
</kw>
<kw name="Capture Page Screenshot" library="SeleniumLibrary">
<doc>Takes a screenshot of the current page and embeds it into a log file.</doc>
<msg timestamp="20210623 10:56:36.618" level="INFO" html="true">&lt;/td&gt;&lt;/tr&gt;&lt;tr&gt;&lt;td colspan="3"&gt;&lt;a href="selenium-screenshot-2.png"&gt;&lt;img src="selenium-screenshot-2.png" width="800px"&gt;&lt;/a&gt;</msg>
<status status="PASS" starttime="20210623 10:56:36.478" endtime="20210623 10:56:36.618"/>
</kw>
<kw name="Checkbox Should Be Selected" library="SeleniumLibrary">
<arg>${checkbox_number}</arg>
<doc>Verifies checkbox ``locator`` is selected/checked.</doc>
<msg timestamp="20210623 10:56:36.619" level="INFO">Verifying checkbox '//input[@class='cb1-element'][following-sibling::text()='Option 1']' is selected.</msg>
<status status="PASS" starttime="20210623 10:56:36.619" endtime="20210623 10:56:36.654"/>
</kw>
<status status="PASS" starttime="20210623 10:56:36.382" endtime="20210623 10:56:36.654"/>
</kw>
<kw name="Click Check All">
<kw name="Click Button" library="SeleniumLibrary">
<arg>${check_button}</arg>
<doc>Clicks the button identified by ``locator``.</doc>
<msg timestamp="20210623 10:56:36.655" level="INFO">Clicking button 'id=check1'.</msg>
<status status="PASS" starttime="20210623 10:56:36.654" endtime="20210623 10:56:36.718"/>
</kw>
<status status="PASS" starttime="20210623 10:56:36.654" endtime="20210623 10:56:36.718"/>
</kw>
<kw name="Verify All Checkbox Check">
<kw name="Capture Page Screenshot" library="SeleniumLibrary">
<doc>Takes a screenshot of the current page and embeds it into a log file.</doc>
<msg timestamp="20210623 10:56:36.850" level="INFO" html="true">&lt;/td&gt;&lt;/tr&gt;&lt;tr&gt;&lt;td colspan="3"&gt;&lt;a href="selenium-screenshot-3.png"&gt;&lt;img src="selenium-screenshot-3.png" width="800px"&gt;&lt;/a&gt;</msg>
<status status="PASS" starttime="20210623 10:56:36.720" endtime="20210623 10:56:36.850"/>
</kw>
<for flavor="IN RANGE">
<var>${number}</var>
<value>1</value>
<value>5</value>
<iter>
<var name="${number}">1</var>
<kw name="Replace Variables" library="BuiltIn">
<var>${checkbox_number}</var>
<arg>${checkbox}</arg>
<doc>Replaces variables in the given text with their current values.</doc>
<msg timestamp="20210623 10:56:36.851" level="INFO">${checkbox_number} = //input[@class='cb1-element'][following-sibling::text()='Option 1']</msg>
<status status="PASS" starttime="20210623 10:56:36.850" endtime="20210623 10:56:36.851"/>
</kw>
<kw name="Checkbox Should Be Selected" library="SeleniumLibrary">
<arg>${checkbox_number}</arg>
<doc>Verifies checkbox ``locator`` is selected/checked.</doc>
<msg timestamp="20210623 10:56:36.852" level="INFO">Verifying checkbox '//input[@class='cb1-element'][following-sibling::text()='Option 1']' is selected.</msg>
<status status="PASS" starttime="20210623 10:56:36.851" endtime="20210623 10:56:36.882"/>
</kw>
<status status="PASS" starttime="20210623 10:56:36.850" endtime="20210623 10:56:36.882"/>
</iter>
<iter>
<var name="${number}">2</var>
<kw name="Replace Variables" library="BuiltIn">
<var>${checkbox_number}</var>
<arg>${checkbox}</arg>
<doc>Replaces variables in the given text with their current values.</doc>
<msg timestamp="20210623 10:56:36.883" level="INFO">${checkbox_number} = //input[@class='cb1-element'][following-sibling::text()='Option 2']</msg>
<status status="PASS" starttime="20210623 10:56:36.882" endtime="20210623 10:56:36.883"/>
</kw>
<kw name="Checkbox Should Be Selected" library="SeleniumLibrary">
<arg>${checkbox_number}</arg>
<doc>Verifies checkbox ``locator`` is selected/checked.</doc>
<msg timestamp="20210623 10:56:36.884" level="INFO">Verifying checkbox '//input[@class='cb1-element'][following-sibling::text()='Option 2']' is selected.</msg>
<status status="PASS" starttime="20210623 10:56:36.884" endtime="20210623 10:56:36.921"/>
</kw>
<status status="PASS" starttime="20210623 10:56:36.882" endtime="20210623 10:56:36.921"/>
</iter>
<iter>
<var name="${number}">3</var>
<kw name="Replace Variables" library="BuiltIn">
<var>${checkbox_number}</var>
<arg>${checkbox}</arg>
<doc>Replaces variables in the given text with their current values.</doc>
<msg timestamp="20210623 10:56:36.922" level="INFO">${checkbox_number} = //input[@class='cb1-element'][following-sibling::text()='Option 3']</msg>
<status status="PASS" starttime="20210623 10:56:36.921" endtime="20210623 10:56:36.922"/>
</kw>
<kw name="Checkbox Should Be Selected" library="SeleniumLibrary">
<arg>${checkbox_number}</arg>
<doc>Verifies checkbox ``locator`` is selected/checked.</doc>
<msg timestamp="20210623 10:56:36.922" level="INFO">Verifying checkbox '//input[@class='cb1-element'][following-sibling::text()='Option 3']' is selected.</msg>
<status status="PASS" starttime="20210623 10:56:36.922" endtime="20210623 10:56:36.960"/>
</kw>
<status status="PASS" starttime="20210623 10:56:36.921" endtime="20210623 10:56:36.960"/>
</iter>
<iter>
<var name="${number}">4</var>
<kw name="Replace Variables" library="BuiltIn">
<var>${checkbox_number}</var>
<arg>${checkbox}</arg>
<doc>Replaces variables in the given text with their current values.</doc>
<msg timestamp="20210623 10:56:36.961" level="INFO">${checkbox_number} = //input[@class='cb1-element'][following-sibling::text()='Option 4']</msg>
<status status="PASS" starttime="20210623 10:56:36.961" endtime="20210623 10:56:36.961"/>
</kw>
<kw name="Checkbox Should Be Selected" library="SeleniumLibrary">
<arg>${checkbox_number}</arg>
<doc>Verifies checkbox ``locator`` is selected/checked.</doc>
<msg timestamp="20210623 10:56:36.962" level="INFO">Verifying checkbox '//input[@class='cb1-element'][following-sibling::text()='Option 4']' is selected.</msg>
<status status="PASS" starttime="20210623 10:56:36.962" endtime="20210623 10:56:37.006"/>
</kw>
<status status="PASS" starttime="20210623 10:56:36.960" endtime="20210623 10:56:37.007"/>
</iter>
<status status="PASS" starttime="20210623 10:56:36.850" endtime="20210623 10:56:37.007"/>
</for>
<status status="PASS" starttime="20210623 10:56:36.719" endtime="20210623 10:56:37.007"/>
</kw>
<kw name="Click Uncheck All">
<kw name="Click Button" library="SeleniumLibrary">
<arg>${check_button}</arg>
<doc>Clicks the button identified by ``locator``.</doc>
<msg timestamp="20210623 10:56:37.008" level="INFO">Clicking button 'id=check1'.</msg>
<status status="PASS" starttime="20210623 10:56:37.008" endtime="20210623 10:56:37.064"/>
</kw>
<status status="PASS" starttime="20210623 10:56:37.007" endtime="20210623 10:56:37.064"/>
</kw>
<kw name="Verify All Checkbox Uncheck">
<kw name="Capture Page Screenshot" library="SeleniumLibrary">
<doc>Takes a screenshot of the current page and embeds it into a log file.</doc>
<msg timestamp="20210623 10:56:37.190" level="INFO" html="true">&lt;/td&gt;&lt;/tr&gt;&lt;tr&gt;&lt;td colspan="3"&gt;&lt;a href="selenium-screenshot-4.png"&gt;&lt;img src="selenium-screenshot-4.png" width="800px"&gt;&lt;/a&gt;</msg>
<status status="PASS" starttime="20210623 10:56:37.065" endtime="20210623 10:56:37.191"/>
</kw>
<for flavor="IN RANGE">
<var>${number}</var>
<value>1</value>
<value>5</value>
<iter>
<var name="${number}">1</var>
<kw name="Replace Variables" library="BuiltIn">
<var>${checkbox_number}</var>
<arg>${checkbox}</arg>
<doc>Replaces variables in the given text with their current values.</doc>
<msg timestamp="20210623 10:56:37.192" level="INFO">${checkbox_number} = //input[@class='cb1-element'][following-sibling::text()='Option 1']</msg>
<status status="PASS" starttime="20210623 10:56:37.191" endtime="20210623 10:56:37.192"/>
</kw>
<kw name="Checkbox Should Not Be Selected" library="SeleniumLibrary">
<arg>${checkbox_number}</arg>
<doc>Verifies checkbox ``locator`` is not selected/checked.</doc>
<msg timestamp="20210623 10:56:37.192" level="INFO">Verifying checkbox '//input[@class='cb1-element'][following-sibling::text()='Option 1']' is not selected.</msg>
<status status="PASS" starttime="20210623 10:56:37.192" endtime="20210623 10:56:37.224"/>
</kw>
<status status="PASS" starttime="20210623 10:56:37.191" endtime="20210623 10:56:37.224"/>
</iter>
<iter>
<var name="${number}">2</var>
<kw name="Replace Variables" library="BuiltIn">
<var>${checkbox_number}</var>
<arg>${checkbox}</arg>
<doc>Replaces variables in the given text with their current values.</doc>
<msg timestamp="20210623 10:56:37.225" level="INFO">${checkbox_number} = //input[@class='cb1-element'][following-sibling::text()='Option 2']</msg>
<status status="PASS" starttime="20210623 10:56:37.225" endtime="20210623 10:56:37.225"/>
</kw>
<kw name="Checkbox Should Not Be Selected" library="SeleniumLibrary">
<arg>${checkbox_number}</arg>
<doc>Verifies checkbox ``locator`` is not selected/checked.</doc>
<msg timestamp="20210623 10:56:37.226" level="INFO">Verifying checkbox '//input[@class='cb1-element'][following-sibling::text()='Option 2']' is not selected.</msg>
<status status="PASS" starttime="20210623 10:56:37.225" endtime="20210623 10:56:37.254"/>
</kw>
<status status="PASS" starttime="20210623 10:56:37.225" endtime="20210623 10:56:37.254"/>
</iter>
<iter>
<var name="${number}">3</var>
<kw name="Replace Variables" library="BuiltIn">
<var>${checkbox_number}</var>
<arg>${checkbox}</arg>
<doc>Replaces variables in the given text with their current values.</doc>
<msg timestamp="20210623 10:56:37.255" level="INFO">${checkbox_number} = //input[@class='cb1-element'][following-sibling::text()='Option 3']</msg>
<status status="PASS" starttime="20210623 10:56:37.254" endtime="20210623 10:56:37.255"/>
</kw>
<kw name="Checkbox Should Not Be Selected" library="SeleniumLibrary">
<arg>${checkbox_number}</arg>
<doc>Verifies checkbox ``locator`` is not selected/checked.</doc>
<msg timestamp="20210623 10:56:37.255" level="INFO">Verifying checkbox '//input[@class='cb1-element'][following-sibling::text()='Option 3']' is not selected.</msg>
<status status="PASS" starttime="20210623 10:56:37.255" endtime="20210623 10:56:37.284"/>
</kw>
<status status="PASS" starttime="20210623 10:56:37.254" endtime="20210623 10:56:37.284"/>
</iter>
<iter>
<var name="${number}">4</var>
<kw name="Replace Variables" library="BuiltIn">
<var>${checkbox_number}</var>
<arg>${checkbox}</arg>
<doc>Replaces variables in the given text with their current values.</doc>
<msg timestamp="20210623 10:56:37.284" level="INFO">${checkbox_number} = //input[@class='cb1-element'][following-sibling::text()='Option 4']</msg>
<status status="PASS" starttime="20210623 10:56:37.284" endtime="20210623 10:56:37.284"/>
</kw>
<kw name="Checkbox Should Not Be Selected" library="SeleniumLibrary">
<arg>${checkbox_number}</arg>
<doc>Verifies checkbox ``locator`` is not selected/checked.</doc>
<msg timestamp="20210623 10:56:37.285" level="INFO">Verifying checkbox '//input[@class='cb1-element'][following-sibling::text()='Option 4']' is not selected.</msg>
<status status="PASS" starttime="20210623 10:56:37.285" endtime="20210623 10:56:37.313"/>
</kw>
<status status="PASS" starttime="20210623 10:56:37.284" endtime="20210623 10:56:37.313"/>
</iter>
<status status="PASS" starttime="20210623 10:56:37.191" endtime="20210623 10:56:37.313"/>
</for>
<status status="PASS" starttime="20210623 10:56:37.065" endtime="20210623 10:56:37.313"/>
</kw>
<doc>This test randomly marks 1 of the 4 checkboxes on the page and checks whether it is actually
checked. After that, the functionality of the "check all" button is tested.</doc>
<tag>Selenium</tag>
<tag>Web</tag>
<status status="PASS" starttime="20210623 10:56:35.575" endtime="20210623 10:56:37.314"/>
</test>
<kw name="Close Browser" library="SeleniumLibrary" type="TEARDOWN">
<doc>Closes the current browser.</doc>
<status status="PASS" starttime="20210623 10:56:37.316" endtime="20210623 10:56:40.858"/>
</kw>
<doc>Simple test using Selenium, imported variables and keywords from python.</doc>
<status status="PASS" starttime="20210623 10:56:28.623" endtime="20210623 10:56:40.859"/>
</suite>
<status status="PASS" starttime="20210623 10:56:17.409" endtime="20210623 10:56:40.863"/>
</suite>
<suite id="s1-s2" name="Webservices" source="C:\Altran\Repo\Robot_Framework_Examples\Tests\Webservices">
<suite id="s1-s2-s1" name="REST" source="C:\Altran\Repo\Robot_Framework_Examples\Tests\Webservices\REST.robot">
<test id="s1-s2-s1-t1" name="Open Weather">
<kw name="Get OpenWeather API data">
<kw name="GET" library="RequestsLibrary">
<var>${response}</var>
<arg>${weather_url}</arg>
<arg>expected_status=200</arg>
<arg>params=&amp;{params}</arg>
<doc>Sends a GET request.</doc>
<msg timestamp="20210623 10:56:41.625" level="INFO">GET Request : url=http://api.openweathermap.org/data/2.5/weather?id=2739187&amp;appid=921689f02b330ad351a53b601daf96bc&amp;units=metric 
 path_url=/data/2.5/weather?id=2739187&amp;appid=921689f02b330ad351a53b601daf96bc&amp;units=metric 
 headers={'User-Agent': 'python-requests/2.25.1', 'Accept-Encoding': 'gzip, deflate', 'Accept': '*/*', 'Connection': 'keep-alive'} 
 body=None 
 </msg>
<msg timestamp="20210623 10:56:41.625" level="INFO">GET Response : url=http://api.openweathermap.org/data/2.5/weather?id=2739187&amp;appid=921689f02b330ad351a53b601daf96bc&amp;units=metric 
 status=200, reason=OK 
 headers={'Server': 'openresty', 'Date': 'Wed, 23 Jun 2021 09:56:41 GMT', 'Content-Type': 'application/json; charset=utf-8', 'Content-Length': '512', 'Connection': 'keep-alive', 'X-Cache-Key': '/data/2.5/weather?id=2739187&amp;units=metric', 'Access-Control-Allow-Origin': '*', 'Access-Control-Allow-Credentials': 'true', 'Access-Control-Allow-Methods': 'GET, POST'} 
 body={"coord":{"lon":-7.5014,"lat":40.1403},"weather":[{"id":800,"main":"Clear","description":"clear sky","icon":"01d"}],"base":"stations","main":{"temp":21.24,"feels_like":20.65,"temp_min":19.13,"temp_max":22.86,"pressure":1019,"humidity":47,"sea_level":1019,"grnd_level":964},"visibility":10000,"wind":{"speed":4.54,"deg":32,"gust":5.22},"clouds":{"all":3},"dt":1624441622,"sys":{"type":2,"id":2032854,"country":"PT","sunrise":1624424482,"sunset":1624478581},"timezone":3600,"id":2739187,"name":"Fundão","cod":200} 
 </msg>
<msg timestamp="20210623 10:56:41.625" level="INFO">${response} = &lt;Response [200]&gt;</msg>
<status status="PASS" starttime="20210623 10:56:41.516" endtime="20210623 10:56:41.625"/>
</kw>
<kw name="Set Variable" library="BuiltIn">
<var>${response_json}</var>
<arg>${response.json()}</arg>
<doc>Returns the given values which can then be assigned to a variables.</doc>
<msg timestamp="20210623 10:56:41.626" level="INFO">${response_json} = {'coord': {'lon': -7.5014, 'lat': 40.1403}, 'weather': [{'id': 800, 'main': 'Clear', 'description': 'clear sky', 'icon': '01d'}], 'base': 'stations', 'main': {'temp': 21.24, 'feels_like': 20.65, 'temp...</msg>
<status status="PASS" starttime="20210623 10:56:41.625" endtime="20210623 10:56:41.626"/>
</kw>
<kw name="Comment" library="BuiltIn">
<arg>Complete response as pretty print JSON</arg>
<doc>Displays the given messages in the log file as keyword arguments.</doc>
<status status="PASS" starttime="20210623 10:56:41.626" endtime="20210623 10:56:41.627"/>
</kw>
<kw name="Log" library="BuiltIn">
<arg>${response_json}</arg>
<arg>repr=True</arg>
<doc>Logs the given message with the given level.</doc>
<msg timestamp="20210623 10:56:41.627" level="INFO">{'base': 'stations',
 'clouds': {'all': 3},
 'cod': 200,
 'coord': {'lat': 40.1403, 'lon': -7.5014},
 'dt': 1624441622,
 'id': 2739187,
 'main': {'feels_like': 20.65,
          'grnd_level': 964,
          'humidity': 47,
          'pressure': 1019,
          'sea_level': 1019,
          'temp': 21.24,
          'temp_max': 22.86,
          'temp_min': 19.13},
 'name': 'Fundão',
 'sys': {'country': 'PT',
         'id': 2032854,
         'sunrise': 1624424482,
         'sunset': 1624478581,
         'type': 2},
 'timezone': 3600,
 'visibility': 10000,
 'weather': [{'description': 'clear sky',
              'icon': '01d',
              'id': 800,
              'main': 'Clear'}],
 'wind': {'deg': 32, 'gust': 5.22, 'speed': 4.54}}</msg>
<status status="PASS" starttime="20210623 10:56:41.627" endtime="20210623 10:56:41.627"/>
</kw>
<kw name="Set Test Variable" library="BuiltIn">
<arg>${response_json}</arg>
<doc>Makes a variable available everywhere within the scope of the current test.</doc>
<msg timestamp="20210623 10:56:41.628" level="INFO">${response_json} = {'coord': {'lon': -7.5014, 'lat': 40.1403}, 'weather': [{'id': 800, 'main': 'Clear', 'description': 'clear sky', 'icon': '01d'}], 'base': 'stations', 'main': {'temp': 21.24, 'feels_like': 20.65, 'temp...</msg>
<status status="PASS" starttime="20210623 10:56:41.628" endtime="20210623 10:56:41.628"/>
</kw>
<status status="PASS" starttime="20210623 10:56:41.515" endtime="20210623 10:56:41.629"/>
</kw>
<kw name="Show City &quot;country&quot; Information" sourcename="Show City &quot;${data}&quot; Information">
<doc>Getting information generically through JSONPATH (The city is on {'id': '2739187', 'appid': '921689f02b330ad351a53b601daf96bc', 'units': 'metric'} 'id')</doc>
<kw name="Get Value From Json" library="JSONLibrary">
<var>${info}</var>
<arg>${response_json}</arg>
<arg>$..${data}</arg>
<doc>Get Value From JSON using JSONPath</doc>
<msg timestamp="20210623 10:56:41.663" level="INFO">${info} = ['PT']</msg>
<status status="PASS" starttime="20210623 10:56:41.630" endtime="20210623 10:56:41.663"/>
</kw>
<kw name="Log" library="BuiltIn">
<arg>${data}: ${info[0]}</arg>
<doc>Logs the given message with the given level.</doc>
<msg timestamp="20210623 10:56:41.664" level="INFO">country: PT</msg>
<status status="PASS" starttime="20210623 10:56:41.663" endtime="20210623 10:56:41.664"/>
</kw>
<status status="PASS" starttime="20210623 10:56:41.629" endtime="20210623 10:56:41.664"/>
</kw>
<kw name="Show City &quot;name&quot; Information" sourcename="Show City &quot;${data}&quot; Information">
<doc>Getting information generically through JSONPATH (The city is on {'id': '2739187', 'appid': '921689f02b330ad351a53b601daf96bc', 'units': 'metric'} 'id')</doc>
<kw name="Get Value From Json" library="JSONLibrary">
<var>${info}</var>
<arg>${response_json}</arg>
<arg>$..${data}</arg>
<doc>Get Value From JSON using JSONPath</doc>
<msg timestamp="20210623 10:56:41.697" level="INFO">${info} = ['Fundão']</msg>
<status status="PASS" starttime="20210623 10:56:41.665" endtime="20210623 10:56:41.697"/>
</kw>
<kw name="Log" library="BuiltIn">
<arg>${data}: ${info[0]}</arg>
<doc>Logs the given message with the given level.</doc>
<msg timestamp="20210623 10:56:41.699" level="INFO">name: Fundão</msg>
<status status="PASS" starttime="20210623 10:56:41.697" endtime="20210623 10:56:41.699"/>
</kw>
<status status="PASS" starttime="20210623 10:56:41.665" endtime="20210623 10:56:41.699"/>
</kw>
<kw name="Show City &quot;temp_max&quot; Information" sourcename="Show City &quot;${data}&quot; Information">
<doc>Getting information generically through JSONPATH (The city is on {'id': '2739187', 'appid': '921689f02b330ad351a53b601daf96bc', 'units': 'metric'} 'id')</doc>
<kw name="Get Value From Json" library="JSONLibrary">
<var>${info}</var>
<arg>${response_json}</arg>
<arg>$..${data}</arg>
<doc>Get Value From JSON using JSONPath</doc>
<msg timestamp="20210623 10:56:41.731" level="INFO">${info} = [22.86]</msg>
<status status="PASS" starttime="20210623 10:56:41.700" endtime="20210623 10:56:41.731"/>
</kw>
<kw name="Log" library="BuiltIn">
<arg>${data}: ${info[0]}</arg>
<doc>Logs the given message with the given level.</doc>
<msg timestamp="20210623 10:56:41.732" level="INFO">temp_max: 22.86</msg>
<status status="PASS" starttime="20210623 10:56:41.731" endtime="20210623 10:56:41.732"/>
</kw>
<status status="PASS" starttime="20210623 10:56:41.700" endtime="20210623 10:56:41.732"/>
</kw>
<kw name="Show City &quot;temp_min&quot; Information" sourcename="Show City &quot;${data}&quot; Information">
<doc>Getting information generically through JSONPATH (The city is on {'id': '2739187', 'appid': '921689f02b330ad351a53b601daf96bc', 'units': 'metric'} 'id')</doc>
<kw name="Get Value From Json" library="JSONLibrary">
<var>${info}</var>
<arg>${response_json}</arg>
<arg>$..${data}</arg>
<doc>Get Value From JSON using JSONPath</doc>
<msg timestamp="20210623 10:56:41.760" level="INFO">${info} = [19.13]</msg>
<status status="PASS" starttime="20210623 10:56:41.734" endtime="20210623 10:56:41.760"/>
</kw>
<kw name="Log" library="BuiltIn">
<arg>${data}: ${info[0]}</arg>
<doc>Logs the given message with the given level.</doc>
<msg timestamp="20210623 10:56:41.760" level="INFO">temp_min: 19.13</msg>
<status status="PASS" starttime="20210623 10:56:41.760" endtime="20210623 10:56:41.761"/>
</kw>
<status status="PASS" starttime="20210623 10:56:41.733" endtime="20210623 10:56:41.761"/>
</kw>
<doc>Call to Open Weather REST API passing parameters.</doc>
<tag>REST</tag>
<tag>Webservice</tag>
<status status="PASS" starttime="20210623 10:56:41.514" endtime="20210623 10:56:41.761"/>
</test>
<test id="s1-s2-s1-t2" name="Show Github User Data">
<kw name="Get Github user &quot;samuelpcabral&quot; API data" sourcename="Get Github user &quot;${user}&quot; API data">
<kw name="GET" library="RequestsLibrary">
<var>${response}</var>
<arg>${github_url}${user}</arg>
<arg>expected_status=200</arg>
<doc>Sends a GET request.</doc>
<msg timestamp="20210623 10:56:42.216" level="INFO">GET Request : url=http://api.github.com/users/samuelpcabral (redirected) 
 path_url=/users/samuelpcabral 
 headers={'User-Agent': 'python-requests/2.25.1', 'Accept-Encoding': 'gzip, deflate', 'Accept': '*/*', 'Connection': 'keep-alive'} 
 body=None 
 </msg>
<msg timestamp="20210623 10:56:42.216" level="INFO">GET Response : url=https://api.github.com/users/samuelpcabral 
 status=200, reason=OK 
 headers={'Server': 'GitHub.com', 'Date': 'Wed, 23 Jun 2021 09:56:42 GMT', 'Content-Type': 'application/json; charset=utf-8', 'Cache-Control': 'public, max-age=60, s-maxage=60', 'Vary': 'Accept, Accept-Encoding, Accept, X-Requested-With', 'ETag': 'W/"dffdc9231d1f55c9c549d2c64a44dfa7820c2185820f4b93b84d59626d56120d"', 'Last-Modified': 'Wed, 31 Mar 2021 13:02:54 GMT', 'X-GitHub-Media-Type': 'github.v3; format=json', 'Access-Control-Expose-Headers': 'ETag, Link, Location, Retry-After, X-GitHub-OTP, X-RateLimit-Limit, X-RateLimit-Remaining, X-RateLimit-Used, X-RateLimit-Resource, X-RateLimit-Reset, X-OAuth-Scopes, X-Accepted-OAuth-Scopes, X-Poll-Interval, X-GitHub-Media-Type, Deprecation, Sunset', 'Access-Control-Allow-Origin': '*', 'Strict-Transport-Security': 'max-age=31536000; includeSubdomains; preload', 'X-Frame-Options': 'deny', 'X-Content-Type-Options': 'nosniff', 'X-XSS-Protection': '0', 'Referrer-Policy': 'origin-when-cross-origin, strict-origin-when-cross-origin', 'Content-Security-Policy': "default-src 'none'", 'Content-Encoding': 'gzip', 'X-RateLimit-Limit': '60', 'X-RateLimit-Remaining': '52', 'X-RateLimit-Reset': '1624444069', 'X-RateLimit-Resource': 'core', 'X-RateLimit-Used': '8', 'Accept-Ranges': 'bytes', 'Content-Length': '541', 'X-GitHub-Request-Id': 'EDFF:5532:19CAE07:1A95674:60D3055A'} 
 body={"login":"samuelpcabral","id":37876961,"node_id":"MDQ6VXNlcjM3ODc2OTYx","avatar_url":"https://avatars.githubusercontent.com/u/37876961?v=4","gravatar_id":"","url":"https://api.github.com/users/samuelpcabral","html_url":"https://github.com/samuelpcabral","followers_url":"https://api.github.com/users/samuelpcabral/followers","following_url":"https://api.github.com/users/samuelpcabral/following{/other_user}","gists_url":"https://api.github.com/users/samuelpcabral/gists{/gist_id}","starred_url":"https://api.github.com/users/samuelpcabral/starred{/owner}{/repo}","subscriptions_url":"https://api.github.com/users/samuelpcabral/subscriptions","organizations_url":"https://api.github.com/users/samuelpcabral/orgs","repos_url":"https://api.github.com/users/samuelpcabral/repos","events_url":"https://api.github.com/users/samuelpcabral/events{/privacy}","received_events_url":"https://api.github.com/users/samuelpcabral/received_events","type":"User","site_admin":false,"name":"Samuel Pierri Cabral","company":"Altran","blog":"","location":"Portugal","email":null,"hireable":null,"bio":"Passionate about test automation, especially with Robot Framework and Python","twitter_username":"samuel_cabral","public_repos":1,"public_gists":0,"followers":9,"following":8,"created_at":"2018-03-28T15:57:56Z","updated_at":"2021-03-31T13:02:54Z"} 
 </msg>
<msg timestamp="20210623 10:56:42.216" level="INFO">${response} = &lt;Response [200]&gt;</msg>
<status status="PASS" starttime="20210623 10:56:41.765" endtime="20210623 10:56:42.216"/>
</kw>
<kw name="Set Variable" library="BuiltIn">
<var>${response_json}</var>
<arg>${response.json()}</arg>
<doc>Returns the given values which can then be assigned to a variables.</doc>
<msg timestamp="20210623 10:56:42.217" level="INFO">${response_json} = {'login': 'samuelpcabral', 'id': 37876961, 'node_id': 'MDQ6VXNlcjM3ODc2OTYx', 'avatar_url': 'https://avatars.githubusercontent.com/u/37876961?v=4', 'gravatar_id': '', 'url': 'https://api.github.com/us...</msg>
<status status="PASS" starttime="20210623 10:56:42.216" endtime="20210623 10:56:42.217"/>
</kw>
<kw name="Comment" library="BuiltIn">
<arg>Complete response as pretty print JSON</arg>
<doc>Displays the given messages in the log file as keyword arguments.</doc>
<status status="PASS" starttime="20210623 10:56:42.217" endtime="20210623 10:56:42.217"/>
</kw>
<kw name="Log" library="BuiltIn">
<arg>${response_json}</arg>
<arg>repr=True</arg>
<doc>Logs the given message with the given level.</doc>
<msg timestamp="20210623 10:56:42.218" level="INFO">{'avatar_url': 'https://avatars.githubusercontent.com/u/37876961?v=4',
 'bio': 'Passionate about test automation, especially with Robot Framework and Python',
 'blog': '',
 'company': 'Altran',
 'created_at': '2018-03-28T15:57:56Z',
 'email': None,
 'events_url': 'https://api.github.com/users/samuelpcabral/events{/privacy}',
 'followers': 9,
 'followers_url': 'https://api.github.com/users/samuelpcabral/followers',
 'following': 8,
 'following_url': 'https://api.github.com/users/samuelpcabral/following{/other_user}',
 'gists_url': 'https://api.github.com/users/samuelpcabral/gists{/gist_id}',
 'gravatar_id': '',
 'hireable': None,
 'html_url': 'https://github.com/samuelpcabral',
 'id': 37876961,
 'location': 'Portugal',
 'login': 'samuelpcabral',
 'name': 'Samuel Pierri Cabral',
 'node_id': 'MDQ6VXNlcjM3ODc2OTYx',
 'organizations_url': 'https://api.github.com/users/samuelpcabral/orgs',
 'public_gists': 0,
 'public_repos': 1,
 'received_events_url': 'https://api.github.com/users/samuelpcabral/received_events',
 'repos_url': 'https://api.github.com/users/samuelpcabral/repos',
 'site_admin': False,
 'starred_url': 'https://api.github.com/users/samuelpcabral/starred{/owner}{/repo}',
 'subscriptions_url': 'https://api.github.com/users/samuelpcabral/subscriptions',
 'twitter_username': 'samuel_cabral',
 'type': 'User',
 'updated_at': '2021-03-31T13:02:54Z',
 'url': 'https://api.github.com/users/samuelpcabral'}</msg>
<status status="PASS" starttime="20210623 10:56:42.217" endtime="20210623 10:56:42.218"/>
</kw>
<kw name="Set Test Variable" library="BuiltIn">
<arg>${response_json}</arg>
<doc>Makes a variable available everywhere within the scope of the current test.</doc>
<msg timestamp="20210623 10:56:42.219" level="INFO">${response_json} = {'login': 'samuelpcabral', 'id': 37876961, 'node_id': 'MDQ6VXNlcjM3ODc2OTYx', 'avatar_url': 'https://avatars.githubusercontent.com/u/37876961?v=4', 'gravatar_id': '', 'url': 'https://api.github.com/us...</msg>
<status status="PASS" starttime="20210623 10:56:42.218" endtime="20210623 10:56:42.219"/>
</kw>
<status status="PASS" starttime="20210623 10:56:41.765" endtime="20210623 10:56:42.219"/>
</kw>
<kw name="Show user &quot;name&quot; Information" sourcename="Show user &quot;${data}&quot; Information">
<doc>Getting information generically through python dict</doc>
<kw name="Log" library="BuiltIn">
<arg>${data}: ${response_json["${data}"]}</arg>
<doc>Logs the given message with the given level.</doc>
<msg timestamp="20210623 10:56:42.220" level="INFO">name: Samuel Pierri Cabral</msg>
<status status="PASS" starttime="20210623 10:56:42.220" endtime="20210623 10:56:42.221"/>
</kw>
<status status="PASS" starttime="20210623 10:56:42.219" endtime="20210623 10:56:42.221"/>
</kw>
<kw name="Show user &quot;location&quot; Information" sourcename="Show user &quot;${data}&quot; Information">
<doc>Getting information generically through python dict</doc>
<kw name="Log" library="BuiltIn">
<arg>${data}: ${response_json["${data}"]}</arg>
<doc>Logs the given message with the given level.</doc>
<msg timestamp="20210623 10:56:42.222" level="INFO">location: Portugal</msg>
<status status="PASS" starttime="20210623 10:56:42.222" endtime="20210623 10:56:42.222"/>
</kw>
<status status="PASS" starttime="20210623 10:56:42.221" endtime="20210623 10:56:42.223"/>
</kw>
<kw name="Show user &quot;company&quot; Information" sourcename="Show user &quot;${data}&quot; Information">
<doc>Getting information generically through python dict</doc>
<kw name="Log" library="BuiltIn">
<arg>${data}: ${response_json["${data}"]}</arg>
<doc>Logs the given message with the given level.</doc>
<msg timestamp="20210623 10:56:42.224" level="INFO">company: Altran</msg>
<status status="PASS" starttime="20210623 10:56:42.224" endtime="20210623 10:56:42.224"/>
</kw>
<status status="PASS" starttime="20210623 10:56:42.223" endtime="20210623 10:56:42.224"/>
</kw>
<kw name="Get Github user &quot;john&quot; API data" sourcename="Get Github user &quot;${user}&quot; API data">
<kw name="GET" library="RequestsLibrary">
<var>${response}</var>
<arg>${github_url}${user}</arg>
<arg>expected_status=200</arg>
<doc>Sends a GET request.</doc>
<msg timestamp="20210623 10:56:42.625" level="INFO">GET Request : url=http://api.github.com/users/john (redirected) 
 path_url=/users/john 
 headers={'User-Agent': 'python-requests/2.25.1', 'Accept-Encoding': 'gzip, deflate', 'Accept': '*/*', 'Connection': 'keep-alive'} 
 body=None 
 </msg>
<msg timestamp="20210623 10:56:42.625" level="INFO">GET Response : url=https://api.github.com/users/john 
 status=200, reason=OK 
 headers={'Server': 'GitHub.com', 'Date': 'Wed, 23 Jun 2021 09:56:42 GMT', 'Content-Type': 'application/json; charset=utf-8', 'Cache-Control': 'public, max-age=60, s-maxage=60', 'Vary': 'Accept, Accept-Encoding, Accept, X-Requested-With', 'ETag': 'W/"9c6aab7896996446287d38433affd6aad3d2204b1dfc74701ac9b3f8ca1d54b9"', 'Last-Modified': 'Mon, 21 Jun 2021 05:33:59 GMT', 'X-GitHub-Media-Type': 'github.v3; format=json', 'Access-Control-Expose-Headers': 'ETag, Link, Location, Retry-After, X-GitHub-OTP, X-RateLimit-Limit, X-RateLimit-Remaining, X-RateLimit-Used, X-RateLimit-Resource, X-RateLimit-Reset, X-OAuth-Scopes, X-Accepted-OAuth-Scopes, X-Poll-Interval, X-GitHub-Media-Type, Deprecation, Sunset', 'Access-Control-Allow-Origin': '*', 'Strict-Transport-Security': 'max-age=31536000; includeSubdomains; preload', 'X-Frame-Options': 'deny', 'X-Content-Type-Options': 'nosniff', 'X-XSS-Protection': '0', 'Referrer-Policy': 'origin-when-cross-origin, strict-origin-when-cross-origin', 'Content-Security-Policy': "default-src 'none'", 'Content-Encoding': 'gzip', 'X-RateLimit-Limit': '60', 'X-RateLimit-Remaining': '51', 'X-RateLimit-Reset': '1624444069', 'X-RateLimit-Resource': 'core', 'X-RateLimit-Used': '9', 'Accept-Ranges': 'bytes', 'Content-Length': '593', 'X-GitHub-Request-Id': 'EE01:D1E7:32510:41558:60D3055A'} 
 body={"login":"john","id":1668,"node_id":"MDQ6VXNlcjE2Njg=","avatar_url":"https://avatars.githubusercontent.com/u/1668?v=4","gravatar_id":"","url":"https://api.github.com/users/john","html_url":"https://github.com/john","followers_url":"https://api.github.com/users/john/followers","following_url":"https://api.github.com/users/john/following{/other_user}","gists_url":"https://api.github.com/users/john/gists{/gist_id}","starred_url":"https://api.github.com/users/john/starred{/owner}{/repo}","subscriptions_url":"https://api.github.com/users/john/subscriptions","organizations_url":"https://api.github.com/users/john/orgs","repos_url":"https://api.github.com/users/john/repos","events_url":"https://api.github.com/users/john/events{/privacy}","received_events_url":"https://api.github.com/users/john/received_events","type":"User","site_admin":false,"name":"John McGrath","company":"Amazon AWS","blog":"https://twitter.com/wordie","location":"San Francisco, CA","email":null,"hireable":true,"bio":"I'm on the sustainability team at AWS, and prior to that co-founded Entelo. Interested in renewable energy, journalism, startups, and democracy.","twitter_username":null,"public_repos":55,"public_gists":1,"followers":118,"following":48,"created_at":"2008-02-28T23:17:13Z","updated_at":"2021-06-21T05:33:59Z"} 
 </msg>
<msg timestamp="20210623 10:56:42.625" level="INFO">${response} = &lt;Response [200]&gt;</msg>
<status status="PASS" starttime="20210623 10:56:42.225" endtime="20210623 10:56:42.625"/>
</kw>
<kw name="Set Variable" library="BuiltIn">
<var>${response_json}</var>
<arg>${response.json()}</arg>
<doc>Returns the given values which can then be assigned to a variables.</doc>
<msg timestamp="20210623 10:56:42.626" level="INFO">${response_json} = {'login': 'john', 'id': 1668, 'node_id': 'MDQ6VXNlcjE2Njg=', 'avatar_url': 'https://avatars.githubusercontent.com/u/1668?v=4', 'gravatar_id': '', 'url': 'https://api.github.com/users/john', 'html_url'...</msg>
<status status="PASS" starttime="20210623 10:56:42.625" endtime="20210623 10:56:42.626"/>
</kw>
<kw name="Comment" library="BuiltIn">
<arg>Complete response as pretty print JSON</arg>
<doc>Displays the given messages in the log file as keyword arguments.</doc>
<status status="PASS" starttime="20210623 10:56:42.626" endtime="20210623 10:56:42.628"/>
</kw>
<kw name="Log" library="BuiltIn">
<arg>${response_json}</arg>
<arg>repr=True</arg>
<doc>Logs the given message with the given level.</doc>
<msg timestamp="20210623 10:56:42.630" level="INFO">{'avatar_url': 'https://avatars.githubusercontent.com/u/1668?v=4',
 'bio': "I'm on the sustainability team at AWS, and prior to that co-founded Entelo. Interested in renewable energy, journalism, startups, and democracy.",
 'blog': 'https://twitter.com/wordie',
 'company': 'Amazon AWS',
 'created_at': '2008-02-28T23:17:13Z',
 'email': None,
 'events_url': 'https://api.github.com/users/john/events{/privacy}',
 'followers': 118,
 'followers_url': 'https://api.github.com/users/john/followers',
 'following': 48,
 'following_url': 'https://api.github.com/users/john/following{/other_user}',
 'gists_url': 'https://api.github.com/users/john/gists{/gist_id}',
 'gravatar_id': '',
 'hireable': True,
 'html_url': 'https://github.com/john',
 'id': 1668,
 'location': 'San Francisco, CA',
 'login': 'john',
 'name': 'John McGrath',
 'node_id': 'MDQ6VXNlcjE2Njg=',
 'organizations_url': 'https://api.github.com/users/john/orgs',
 'public_gists': 1,
 'public_repos': 55,
 'received_events_url': 'https://api.github.com/users/john/received_events',
 'repos_url': 'https://api.github.com/users/john/repos',
 'site_admin': False,
 'starred_url': 'https://api.github.com/users/john/starred{/owner}{/repo}',
 'subscriptions_url': 'https://api.github.com/users/john/subscriptions',
 'twitter_username': None,
 'type': 'User',
 'updated_at': '2021-06-21T05:33:59Z',
 'url': 'https://api.github.com/users/john'}</msg>
<status status="PASS" starttime="20210623 10:56:42.628" endtime="20210623 10:56:42.631"/>
</kw>
<kw name="Set Test Variable" library="BuiltIn">
<arg>${response_json}</arg>
<doc>Makes a variable available everywhere within the scope of the current test.</doc>
<msg timestamp="20210623 10:56:42.633" level="INFO">${response_json} = {'login': 'john', 'id': 1668, 'node_id': 'MDQ6VXNlcjE2Njg=', 'avatar_url': 'https://avatars.githubusercontent.com/u/1668?v=4', 'gravatar_id': '', 'url': 'https://api.github.com/users/john', 'html_url'...</msg>
<status status="PASS" starttime="20210623 10:56:42.631" endtime="20210623 10:56:42.633"/>
</kw>
<status status="PASS" starttime="20210623 10:56:42.225" endtime="20210623 10:56:42.633"/>
</kw>
<kw name="Show user &quot;name&quot; Information" sourcename="Show user &quot;${data}&quot; Information">
<doc>Getting information generically through python dict</doc>
<kw name="Log" library="BuiltIn">
<arg>${data}: ${response_json["${data}"]}</arg>
<doc>Logs the given message with the given level.</doc>
<msg timestamp="20210623 10:56:42.634" level="INFO">name: John McGrath</msg>
<status status="PASS" starttime="20210623 10:56:42.634" endtime="20210623 10:56:42.634"/>
</kw>
<status status="PASS" starttime="20210623 10:56:42.634" endtime="20210623 10:56:42.634"/>
</kw>
<kw name="Show user &quot;followers&quot; Information" sourcename="Show user &quot;${data}&quot; Information">
<doc>Getting information generically through python dict</doc>
<kw name="Log" library="BuiltIn">
<arg>${data}: ${response_json["${data}"]}</arg>
<doc>Logs the given message with the given level.</doc>
<msg timestamp="20210623 10:56:42.637" level="INFO">followers: 118</msg>
<status status="PASS" starttime="20210623 10:56:42.635" endtime="20210623 10:56:42.637"/>
</kw>
<status status="PASS" starttime="20210623 10:56:42.635" endtime="20210623 10:56:42.637"/>
</kw>
<kw name="Show user &quot;following&quot; Information" sourcename="Show user &quot;${data}&quot; Information">
<doc>Getting information generically through python dict</doc>
<kw name="Log" library="BuiltIn">
<arg>${data}: ${response_json["${data}"]}</arg>
<doc>Logs the given message with the given level.</doc>
<msg timestamp="20210623 10:56:42.639" level="INFO">following: 48</msg>
<status status="PASS" starttime="20210623 10:56:42.638" endtime="20210623 10:56:42.639"/>
</kw>
<status status="PASS" starttime="20210623 10:56:42.638" endtime="20210623 10:56:42.639"/>
</kw>
<doc>Retrive information about an user in github API.</doc>
<tag>REST</tag>
<tag>Webservice</tag>
<status status="PASS" starttime="20210623 10:56:41.765" endtime="20210623 10:56:42.639"/>
</test>
<status status="PASS" starttime="20210623 10:56:40.869" endtime="20210623 10:56:42.642"/>
</suite>
<suite id="s1-s2-s2" name="SOAP" source="C:\Altran\Repo\Robot_Framework_Examples\Tests\Webservices\SOAP.robot">
<test id="s1-s2-s2-t1" name="ipGeo getData">
<kw name="Connect ipGeo API">
<kw name="Create SOAP Client" library="SoapLibrary">
<arg>${wsdl_ip_geo}</arg>
<doc>Loads a WSDL from the given URL and creates a Zeep client.
List all Available operations/methods with INFO log level.</doc>
<msg timestamp="20210623 10:56:43.253" level="INFO">Connected to: http://ws.cdyne.com/ip2geo/ip2geo.asmx?wsdl</msg>
<msg timestamp="20210623 10:56:43.253" level="INFO">Available operations: dict_keys(['ResolveIP'])</msg>
<status status="PASS" starttime="20210623 10:56:42.825" endtime="20210623 10:56:43.253"/>
</kw>
<status status="PASS" starttime="20210623 10:56:42.824" endtime="20210623 10:56:43.254"/>
</kw>
<kw name="List ipGeo Info">
<kw name="Comment" library="BuiltIn">
<arg>Since the request always needs only two arguments, they can be passed in the correct sequence as keyword arguments.</arg>
<doc>Displays the given messages in the log file as keyword arguments.</doc>
<status status="PASS" starttime="20210623 10:56:43.255" endtime="20210623 10:56:43.255"/>
</kw>
<kw name="Call SOAP Method" library="SoapLibrary">
<var>${response}</var>
<arg>ResolveIP</arg>
<arg>${br_ip_address}[ws:ipAddress]</arg>
<arg>0</arg>
<doc>If the webservice have simple SOAP operation/method with few arguments, you can call the method with the given
`name` and `args`.</doc>
<msg timestamp="20210623 10:56:43.372" level="INFO">${response} = {
    'City': None,
    'StateProvince': None,
    'Country': 'Brazil',
    'Organization': None,
    'Latitude': -22.83051,
    'Longitude': -43.21919,
    'AreaCode': '0',
    'TimeZone': None,
    ...</msg>
<status status="PASS" starttime="20210623 10:56:43.255" endtime="20210623 10:56:43.372"/>
</kw>
<kw name="Log" library="BuiltIn">
<arg>${response}</arg>
<doc>Logs the given message with the given level.</doc>
<msg timestamp="20210623 10:56:43.372" level="INFO">{
    'City': None,
    'StateProvince': None,
    'Country': 'Brazil',
    'Organization': None,
    'Latitude': -22.83051,
    'Longitude': -43.21919,
    'AreaCode': '0',
    'TimeZone': None,
    'HasDaylightSavings': False,
    'Certainty': 90,
    'RegionName': None,
    'CountryCode': 'BR'
}</msg>
<status status="PASS" starttime="20210623 10:56:43.372" endtime="20210623 10:56:43.372"/>
</kw>
<kw name="Get From Dictionary" library="Collections">
<var>${country}</var>
<arg>${response}</arg>
<arg>Country</arg>
<doc>Returns a value from the given ``dictionary`` based on the given ``key``.</doc>
<msg timestamp="20210623 10:56:43.373" level="INFO">${country} = Brazil</msg>
<status status="PASS" starttime="20210623 10:56:43.372" endtime="20210623 10:56:43.373"/>
</kw>
<kw name="Get From Dictionary" library="Collections">
<var>${latitude}</var>
<arg>${response}</arg>
<arg>Latitude</arg>
<doc>Returns a value from the given ``dictionary`` based on the given ``key``.</doc>
<msg timestamp="20210623 10:56:43.374" level="INFO">${latitude} = -22.83051</msg>
<status status="PASS" starttime="20210623 10:56:43.373" endtime="20210623 10:56:43.374"/>
</kw>
<kw name="Get From Dictionary" library="Collections">
<var>${longitude}</var>
<arg>${response}</arg>
<arg>Longitude</arg>
<doc>Returns a value from the given ``dictionary`` based on the given ``key``.</doc>
<msg timestamp="20210623 10:56:43.374" level="INFO">${longitude} = -43.21919</msg>
<status status="PASS" starttime="20210623 10:56:43.374" endtime="20210623 10:56:43.374"/>
</kw>
<kw name="Log" library="BuiltIn">
<arg>The ip address ${br_ip_address}[ws:ipAddress] belongs to ${country} at lat: ${latitude} long: ${longitude}</arg>
<doc>Logs the given message with the given level.</doc>
<msg timestamp="20210623 10:56:43.375" level="INFO">The ip address 150.162.2.1 belongs to Brazil at lat: -22.83051 long: -43.21919</msg>
<status status="PASS" starttime="20210623 10:56:43.374" endtime="20210623 10:56:43.375"/>
</kw>
<status status="PASS" starttime="20210623 10:56:43.254" endtime="20210623 10:56:43.376"/>
</kw>
<doc>Simple request to SOAP webservice and get response by tags</doc>
<tag>SOAP</tag>
<tag>Webservice</tag>
<status status="PASS" starttime="20210623 10:56:42.823" endtime="20210623 10:56:43.376"/>
</test>
<test id="s1-s2-s2-t2" name="ipGeo getData with XML">
<kw name="Fill XML ip template">
<kw name="Edit XML Request" library="SoapLibrary">
<arg>C:\\Altran\\Repo\\Robot_Framework_Examples\\Tests\\Webservices/ip_address_template.xml</arg>
<arg>${br_ip_address}</arg>
<arg>new_ip_address</arg>
<doc>Changes a field on the given XML to a new given value, the values must be in a dictionary.
xml_filepath must be a "template" of the request to the webservice.
new_values_dict must be a dictionary with the keys and values to change.
request_name will be the name of the new XMl file generated with the changed request.</doc>
<status status="PASS" starttime="20210623 10:56:43.380" endtime="20210623 10:56:43.382"/>
</kw>
<status status="PASS" starttime="20210623 10:56:43.380" endtime="20210623 10:56:43.383"/>
</kw>
<kw name="Connect ipGeo API">
<kw name="Create SOAP Client" library="SoapLibrary">
<arg>${wsdl_ip_geo}</arg>
<doc>Loads a WSDL from the given URL and creates a Zeep client.
List all Available operations/methods with INFO log level.</doc>
<msg timestamp="20210623 10:56:43.631" level="INFO">Connected to: http://ws.cdyne.com/ip2geo/ip2geo.asmx?wsdl</msg>
<msg timestamp="20210623 10:56:43.631" level="INFO">Available operations: dict_keys(['ResolveIP'])</msg>
<status status="PASS" starttime="20210623 10:56:43.384" endtime="20210623 10:56:43.631"/>
</kw>
<status status="PASS" starttime="20210623 10:56:43.383" endtime="20210623 10:56:43.631"/>
</kw>
<kw name="List ipGeo Info with XML">
<kw name="Call SOAP Method With XML" library="SoapLibrary">
<var>${response}</var>
<arg>C:\\Altran\\Repo\\Robot_Framework_Examples\\Tests\\Webservices/new_ip_address.xml</arg>
<doc>Send an XML file as a request to the SOAP client. The path to the Request XML file is required as argument,
the SOAP method is inside the XML file.</doc>
<msg timestamp="20210623 10:56:43.752" level="INFO">${response} = &lt;Element {http://schemas.xmlsoap.org/soap/envelope/}Envelope at 0x1efad44e340&gt;</msg>
<status status="PASS" starttime="20210623 10:56:43.632" endtime="20210623 10:56:43.752"/>
</kw>
<kw name="Convert XML Response to Dictionary" library="SoapLibrary">
<var>${dict_response}</var>
<arg>${response}</arg>
<doc>Convert the webservice response into a dictionary.</doc>
<msg timestamp="20210623 10:56:43.753" level="INFO">${dict_response} = {'Body': {'ResolveIPResponse': {'ResolveIPResult': {'Country': 'Brazil', 'Organization': {}, 'Latitude': '-22.83051', 'Longitude': '-43.21919', 'AreaCode': '0', 'TimeZone': {}, 'HasDaylightSavings': '...</msg>
<status status="PASS" starttime="20210623 10:56:43.752" endtime="20210623 10:56:43.753"/>
</kw>
<kw name="Log" library="BuiltIn">
<arg>${dict_response}</arg>
<doc>Logs the given message with the given level.</doc>
<msg timestamp="20210623 10:56:43.753" level="INFO">{'Body': {'ResolveIPResponse': {'ResolveIPResult': {'Country': 'Brazil', 'Organization': {}, 'Latitude': '-22.83051', 'Longitude': '-43.21919', 'AreaCode': '0', 'TimeZone': {}, 'HasDaylightSavings': 'false', 'Certainty': '90', 'RegionName': {}, 'CountryCode': 'BR'}}}}</msg>
<status status="PASS" starttime="20210623 10:56:43.753" endtime="20210623 10:56:43.753"/>
</kw>
<kw name="Get From Dictionary" library="Collections">
<var>${body}</var>
<arg>${dict_response}</arg>
<arg>Body</arg>
<doc>Returns a value from the given ``dictionary`` based on the given ``key``.</doc>
<msg timestamp="20210623 10:56:43.754" level="INFO">${body} = {'ResolveIPResponse': {'ResolveIPResult': {'Country': 'Brazil', 'Organization': {}, 'Latitude': '-22.83051', 'Longitude': '-43.21919', 'AreaCode': '0', 'TimeZone': {}, 'HasDaylightSavings': 'false', '...</msg>
<status status="PASS" starttime="20210623 10:56:43.753" endtime="20210623 10:56:43.754"/>
</kw>
<kw name="Get From Dictionary" library="Collections">
<var>${resolveipresponse}</var>
<arg>${body}</arg>
<arg>ResolveIPResponse</arg>
<doc>Returns a value from the given ``dictionary`` based on the given ``key``.</doc>
<msg timestamp="20210623 10:56:43.754" level="INFO">${resolveipresponse} = {'ResolveIPResult': {'Country': 'Brazil', 'Organization': {}, 'Latitude': '-22.83051', 'Longitude': '-43.21919', 'AreaCode': '0', 'TimeZone': {}, 'HasDaylightSavings': 'false', 'Certainty': '90', 'Reg...</msg>
<status status="PASS" starttime="20210623 10:56:43.754" endtime="20210623 10:56:43.754"/>
</kw>
<kw name="Get From Dictionary" library="Collections">
<var>${resolveipresult}</var>
<arg>${ResolveIPResponse}</arg>
<arg>ResolveIPResult</arg>
<doc>Returns a value from the given ``dictionary`` based on the given ``key``.</doc>
<msg timestamp="20210623 10:56:43.754" level="INFO">${resolveipresult} = {'Country': 'Brazil', 'Organization': {}, 'Latitude': '-22.83051', 'Longitude': '-43.21919', 'AreaCode': '0', 'TimeZone': {}, 'HasDaylightSavings': 'false', 'Certainty': '90', 'RegionName': {}, 'Count...</msg>
<status status="PASS" starttime="20210623 10:56:43.754" endtime="20210623 10:56:43.754"/>
</kw>
<kw name="Get From Dictionary" library="Collections">
<var>${country}</var>
<arg>${ResolveIPResult}</arg>
<arg>Country</arg>
<doc>Returns a value from the given ``dictionary`` based on the given ``key``.</doc>
<msg timestamp="20210623 10:56:43.755" level="INFO">${country} = Brazil</msg>
<status status="PASS" starttime="20210623 10:56:43.755" endtime="20210623 10:56:43.755"/>
</kw>
<kw name="Get From Dictionary" library="Collections">
<var>${latitude}</var>
<arg>${ResolveIPResult}</arg>
<arg>Latitude</arg>
<doc>Returns a value from the given ``dictionary`` based on the given ``key``.</doc>
<msg timestamp="20210623 10:56:43.755" level="INFO">${latitude} = -22.83051</msg>
<status status="PASS" starttime="20210623 10:56:43.755" endtime="20210623 10:56:43.755"/>
</kw>
<kw name="Get From Dictionary" library="Collections">
<var>${longitude}</var>
<arg>${ResolveIPResult}</arg>
<arg>Longitude</arg>
<doc>Returns a value from the given ``dictionary`` based on the given ``key``.</doc>
<msg timestamp="20210623 10:56:43.756" level="INFO">${longitude} = -43.21919</msg>
<status status="PASS" starttime="20210623 10:56:43.755" endtime="20210623 10:56:43.756"/>
</kw>
<kw name="Log" library="BuiltIn">
<arg>The ip address ${br_ip_address}[ws:ipAddress] belongs to ${country} at lat: ${latitude} long: ${longitude}</arg>
<doc>Logs the given message with the given level.</doc>
<msg timestamp="20210623 10:56:43.756" level="INFO">The ip address 150.162.2.1 belongs to Brazil at lat: -22.83051 long: -43.21919</msg>
<status status="PASS" starttime="20210623 10:56:43.756" endtime="20210623 10:56:43.756"/>
</kw>
<status status="PASS" starttime="20210623 10:56:43.632" endtime="20210623 10:56:43.756"/>
</kw>
<doc>Request to SOAP webservice passing XML in body and response converted to dictionary</doc>
<tag>SOAP</tag>
<tag>Webservice</tag>
<status status="PASS" starttime="20210623 10:56:43.378" endtime="20210623 10:56:43.757"/>
</test>
<test id="s1-s2-s2-t3" name="PostOffice_GetAddress">
<kw name="Fill XML po template">
<kw name="Edit XML Request" library="SoapLibrary">
<arg>C:\\Altran\\Repo\\Robot_Framework_Examples\\Tests\\Webservices/postal_code_template.xml</arg>
<arg>${br_postal_code}</arg>
<arg>new_postal_code</arg>
<doc>Changes a field on the given XML to a new given value, the values must be in a dictionary.
xml_filepath must be a "template" of the request to the webservice.
new_values_dict must be a dictionary with the keys and values to change.
request_name will be the name of the new XMl file generated with the changed request.</doc>
<status status="PASS" starttime="20210623 10:56:43.760" endtime="20210623 10:56:43.763"/>
</kw>
<status status="PASS" starttime="20210623 10:56:43.760" endtime="20210623 10:56:43.763"/>
</kw>
<kw name="Connect Post Office API">
<kw name="Create SOAP Client" library="SoapLibrary">
<arg>${wsdl_correios}</arg>
<doc>Loads a WSDL from the given URL and creates a Zeep client.
List all Available operations/methods with INFO log level.</doc>
<msg timestamp="20210623 10:56:46.494" level="INFO">Connected to: https://apps.correios.com.br/SigepMasterJPA/AtendeClienteService/AtendeCliente?wsdl</msg>
<msg timestamp="20210623 10:56:46.494" level="INFO">Available operations: dict_keys(['buscaServicosAdicionaisAtivos', 'fechaPlp', 'validaPlp', 'calculaTarifaServico', 'VerificaSeTodosObjetosCancelados', 'cancelarObjeto', 'pesquisarParametrosPorDescricao', 'atualizaPagamentoNaEntrega', 'obterClienteAtualizacao', 'verificaDisponibilidadeServico', 'fechaPlpVariosServicos', 'geraDigitoVerificadorEtiquetas', 'obterEmbalagemLRS', 'validaEtiquetaPLP', 'buscaServicosValorDeclarado', 'consultaCEP', 'integrarUsuarioScol', 'pesquisarDimensoesServico', 'pesquisarEmbalagensPorServico', 'atualizaRemessaAgrupada', 'solicitaPLP', 'getStatusCartaoPostagem', 'verificaModalTransporte', 'buscaDataAtual', 'buscaTarifaVale', 'validarPostagemSimultanea', 'getStatusPLP', 'pesquisarServicosAdicionais', 'buscaServicosXServicosAdicionais', 'cancelarPedidoScol', 'bloquearObjeto', 'buscaContrato', 'solicitaEtiquetas', 'solicitaXmlPlp', 'validarPostagemReversa', 'buscaCliente', 'buscaPagamentoEntrega', 'solicitarPostagemScol', 'buscaServicos', 'obterMensagemParametrizada', 'buscaOpcoes'])</msg>
<status status="PASS" starttime="20210623 10:56:43.764" endtime="20210623 10:56:46.494"/>
</kw>
<status status="PASS" starttime="20210623 10:56:43.763" endtime="20210623 10:56:46.494"/>
</kw>
<kw name="List address information">
<kw name="Call SOAP Method With XML" library="SoapLibrary">
<var>${response}</var>
<arg>C:\\Altran\\Repo\\Robot_Framework_Examples\\Tests\\Webservices/new_postal_code.xml</arg>
<doc>Send an XML file as a request to the SOAP client. The path to the Request XML file is required as argument,
the SOAP method is inside the XML file.</doc>
<msg timestamp="20210623 10:56:46.864" level="INFO">${response} = &lt;Element {http://schemas.xmlsoap.org/soap/envelope/}Envelope at 0x1efad571a80&gt;</msg>
<status status="PASS" starttime="20210623 10:56:46.496" endtime="20210623 10:56:46.864"/>
</kw>
<kw name="Comment" library="BuiltIn">
<arg>This response below is a XML object, so we can use the keyword 'Get Data From XML By Tag'</arg>
<doc>Displays the given messages in the log file as keyword arguments.</doc>
<status status="PASS" starttime="20210623 10:56:46.864" endtime="20210623 10:56:46.864"/>
</kw>
<kw name="Log" library="BuiltIn">
<arg>${response}</arg>
<doc>Logs the given message with the given level.</doc>
<msg timestamp="20210623 10:56:46.865" level="INFO">&lt;Element {http://schemas.xmlsoap.org/soap/envelope/}Envelope at 0x1efad571a80&gt;</msg>
<status status="PASS" starttime="20210623 10:56:46.864" endtime="20210623 10:56:46.865"/>
</kw>
<kw name="Get Data From XML By Tag" library="SoapLibrary">
<var>${postal_code}</var>
<arg>${response}</arg>
<arg>cep</arg>
<doc>Gets data from XML using a given tag. If the tag returns zero or more than one result, it will show a warning.
The xml argument must be an etree object, can be used with the return of the keyword `Call SOAP Method With XML`.</doc>
<msg timestamp="20210623 10:56:46.865" level="INFO">${postal_code} = 01305901</msg>
<status status="PASS" starttime="20210623 10:56:46.865" endtime="20210623 10:56:46.865"/>
</kw>
<kw name="Get Data From XML By Tag" library="SoapLibrary">
<var>${city}</var>
<arg>${response}</arg>
<arg>cidade</arg>
<doc>Gets data from XML using a given tag. If the tag returns zero or more than one result, it will show a warning.
[...]
<doc>Catenates the given items together and returns the resulted string.</doc>
<msg timestamp="20210623 10:56:50.201" level="INFO">${table} = &lt;!DOCTYPE html&gt;&lt;html&gt;&lt;head&gt;&lt;/head&gt;&lt;body&gt;&lt;table border="1"&gt; &lt;caption&gt;&lt;h1&gt;Feriados Lisboa 2022&lt;/h1&gt;&lt;/caption&gt; &lt;tr&gt;&lt;th&gt;Data&lt;/th&gt; &lt;th&gt;Nome&lt;/th&gt; &lt;th&gt;Tipo&lt;/th&gt;&lt;th&gt;Descrição&lt;/th&gt;&lt;/tr&gt; &lt;tr&gt;&lt;td&gt;1/1/2022&lt;/td&gt; &lt;...</msg>
<status status="PASS" starttime="20210623 10:56:50.198" endtime="20210623 10:56:50.201"/>
</kw>
<kw name="Catenate" library="BuiltIn">
<var>${table}</var>
<arg>${table}</arg>
<arg>&lt;td&gt;${response[${index}]['Name']}&lt;/td&gt;</arg>
<doc>Catenates the given items together and returns the resulted string.</doc>
<msg timestamp="20210623 10:56:50.202" level="INFO">${table} = &lt;!DOCTYPE html&gt;&lt;html&gt;&lt;head&gt;&lt;/head&gt;&lt;body&gt;&lt;table border="1"&gt; &lt;caption&gt;&lt;h1&gt;Feriados Lisboa 2022&lt;/h1&gt;&lt;/caption&gt; &lt;tr&gt;&lt;th&gt;Data&lt;/th&gt; &lt;th&gt;Nome&lt;/th&gt; &lt;th&gt;Tipo&lt;/th&gt;&lt;th&gt;Descrição&lt;/th&gt;&lt;/tr&gt; &lt;tr&gt;&lt;td&gt;1/1/2022&lt;/td&gt; &lt;...</msg>
<status status="PASS" starttime="20210623 10:56:50.201" endtime="20210623 10:56:50.202"/>
</kw>
<kw name="Catenate" library="BuiltIn">
<var>${table}</var>
<arg>${table}</arg>
<arg>&lt;td&gt;${response[${index}]['Type']}&lt;/td&gt;</arg>
<doc>Catenates the given items together and returns the resulted string.</doc>
<msg timestamp="20210623 10:56:50.203" level="INFO">${table} = &lt;!DOCTYPE html&gt;&lt;html&gt;&lt;head&gt;&lt;/head&gt;&lt;body&gt;&lt;table border="1"&gt; &lt;caption&gt;&lt;h1&gt;Feriados Lisboa 2022&lt;/h1&gt;&lt;/caption&gt; &lt;tr&gt;&lt;th&gt;Data&lt;/th&gt; &lt;th&gt;Nome&lt;/th&gt; &lt;th&gt;Tipo&lt;/th&gt;&lt;th&gt;Descrição&lt;/th&gt;&lt;/tr&gt; &lt;tr&gt;&lt;td&gt;1/1/2022&lt;/td&gt; &lt;...</msg>
<status status="PASS" starttime="20210623 10:56:50.202" endtime="20210623 10:56:50.204"/>
</kw>
<kw name="Catenate" library="BuiltIn">
<var>${table}</var>
<arg>${table}</arg>
<arg>&lt;td&gt;${response[${index}]['Description']}&lt;/td&gt;&lt;/tr&gt;</arg>
<doc>Catenates the given items together and returns the resulted string.</doc>
<msg timestamp="20210623 10:56:50.205" level="INFO">${table} = &lt;!DOCTYPE html&gt;&lt;html&gt;&lt;head&gt;&lt;/head&gt;&lt;body&gt;&lt;table border="1"&gt; &lt;caption&gt;&lt;h1&gt;Feriados Lisboa 2022&lt;/h1&gt;&lt;/caption&gt; &lt;tr&gt;&lt;th&gt;Data&lt;/th&gt; &lt;th&gt;Nome&lt;/th&gt; &lt;th&gt;Tipo&lt;/th&gt;&lt;th&gt;Descrição&lt;/th&gt;&lt;/tr&gt; &lt;tr&gt;&lt;td&gt;1/1/2022&lt;/td&gt; &lt;...</msg>
<status status="PASS" starttime="20210623 10:56:50.204" endtime="20210623 10:56:50.205"/>
</kw>
<status status="PASS" starttime="20210623 10:56:50.196" endtime="20210623 10:56:50.205"/>
</iter>
<iter>
<var name="${index}">13</var>
<kw name="Set Variable" library="BuiltIn">
<var>${get_date}</var>
<arg>${response[${index}]['Date']}</arg>
<doc>Returns the given values which can then be assigned to a variables.</doc>
<msg timestamp="20210623 10:56:50.206" level="INFO">${get_date} = 2022-12-08 00:00:00</msg>
<status status="PASS" starttime="20210623 10:56:50.205" endtime="20210623 10:56:50.206"/>
</kw>
<kw name="Convert Date" library="DateTime">
<var>${date}</var>
<arg>${get_date}</arg>
<arg>result_format=datetime</arg>
<doc>Converts between supported `date formats`.</doc>
<msg timestamp="20210623 10:56:50.207" level="INFO">${date} = 2022-12-08 00:00:00</msg>
<status status="PASS" starttime="20210623 10:56:50.207" endtime="20210623 10:56:50.207"/>
</kw>
<kw name="Catenate" library="BuiltIn">
<var>${table}</var>
<arg>${table}</arg>
<arg>&lt;tr&gt;&lt;td&gt;${date.day}/${date.month}/${date.year}&lt;/td&gt;</arg>
<doc>Catenates the given items together and returns the resulted string.</doc>
<msg timestamp="20210623 10:56:50.209" level="INFO">${table} = &lt;!DOCTYPE html&gt;&lt;html&gt;&lt;head&gt;&lt;/head&gt;&lt;body&gt;&lt;table border="1"&gt; &lt;caption&gt;&lt;h1&gt;Feriados Lisboa 2022&lt;/h1&gt;&lt;/caption&gt; &lt;tr&gt;&lt;th&gt;Data&lt;/th&gt; &lt;th&gt;Nome&lt;/th&gt; &lt;th&gt;Tipo&lt;/th&gt;&lt;th&gt;Descrição&lt;/th&gt;&lt;/tr&gt; &lt;tr&gt;&lt;td&gt;1/1/2022&lt;/td&gt; &lt;...</msg>
<status status="PASS" starttime="20210623 10:56:50.208" endtime="20210623 10:56:50.210"/>
</kw>
<kw name="Catenate" library="BuiltIn">
<var>${table}</var>
<arg>${table}</arg>
<arg>&lt;td&gt;${response[${index}]['Name']}&lt;/td&gt;</arg>
<doc>Catenates the given items together and returns the resulted string.</doc>
<msg timestamp="20210623 10:56:50.211" level="INFO">${table} = &lt;!DOCTYPE html&gt;&lt;html&gt;&lt;head&gt;&lt;/head&gt;&lt;body&gt;&lt;table border="1"&gt; &lt;caption&gt;&lt;h1&gt;Feriados Lisboa 2022&lt;/h1&gt;&lt;/caption&gt; &lt;tr&gt;&lt;th&gt;Data&lt;/th&gt; &lt;th&gt;Nome&lt;/th&gt; &lt;th&gt;Tipo&lt;/th&gt;&lt;th&gt;Descrição&lt;/th&gt;&lt;/tr&gt; &lt;tr&gt;&lt;td&gt;1/1/2022&lt;/td&gt; &lt;...</msg>
<status status="PASS" starttime="20210623 10:56:50.210" endtime="20210623 10:56:50.211"/>
</kw>
<kw name="Catenate" library="BuiltIn">
<var>${table}</var>
<arg>${table}</arg>
<arg>&lt;td&gt;${response[${index}]['Type']}&lt;/td&gt;</arg>
<doc>Catenates the given items together and returns the resulted string.</doc>
<msg timestamp="20210623 10:56:50.213" level="INFO">${table} = &lt;!DOCTYPE html&gt;&lt;html&gt;&lt;head&gt;&lt;/head&gt;&lt;body&gt;&lt;table border="1"&gt; &lt;caption&gt;&lt;h1&gt;Feriados Lisboa 2022&lt;/h1&gt;&lt;/caption&gt; &lt;tr&gt;&lt;th&gt;Data&lt;/th&gt; &lt;th&gt;Nome&lt;/th&gt; &lt;th&gt;Tipo&lt;/th&gt;&lt;th&gt;Descrição&lt;/th&gt;&lt;/tr&gt; &lt;tr&gt;&lt;td&gt;1/1/2022&lt;/td&gt; &lt;...</msg>
<status status="PASS" starttime="20210623 10:56:50.212" endtime="20210623 10:56:50.213"/>
</kw>
<kw name="Catenate" library="BuiltIn">
<var>${table}</var>
<arg>${table}</arg>
<arg>&lt;td&gt;${response[${index}]['Description']}&lt;/td&gt;&lt;/tr&gt;</arg>
<doc>Catenates the given items together and returns the resulted string.</doc>
<msg timestamp="20210623 10:56:50.214" level="INFO">${table} = &lt;!DOCTYPE html&gt;&lt;html&gt;&lt;head&gt;&lt;/head&gt;&lt;body&gt;&lt;table border="1"&gt; &lt;caption&gt;&lt;h1&gt;Feriados Lisboa 2022&lt;/h1&gt;&lt;/caption&gt; &lt;tr&gt;&lt;th&gt;Data&lt;/th&gt; &lt;th&gt;Nome&lt;/th&gt; &lt;th&gt;Tipo&lt;/th&gt;&lt;th&gt;Descrição&lt;/th&gt;&lt;/tr&gt; &lt;tr&gt;&lt;td&gt;1/1/2022&lt;/td&gt; &lt;...</msg>
<status status="PASS" starttime="20210623 10:56:50.213" endtime="20210623 10:56:50.214"/>
</kw>
<status status="PASS" starttime="20210623 10:56:50.205" endtime="20210623 10:56:50.214"/>
</iter>
<iter>
<var name="${index}">14</var>
<kw name="Set Variable" library="BuiltIn">
<var>${get_date}</var>
<arg>${response[${index}]['Date']}</arg>
<doc>Returns the given values which can then be assigned to a variables.</doc>
<msg timestamp="20210623 10:56:50.216" level="INFO">${get_date} = 2022-12-25 00:00:00</msg>
<status status="PASS" starttime="20210623 10:56:50.215" endtime="20210623 10:56:50.216"/>
</kw>
<kw name="Convert Date" library="DateTime">
<var>${date}</var>
<arg>${get_date}</arg>
<arg>result_format=datetime</arg>
<doc>Converts between supported `date formats`.</doc>
<msg timestamp="20210623 10:56:50.217" level="INFO">${date} = 2022-12-25 00:00:00</msg>
<status status="PASS" starttime="20210623 10:56:50.216" endtime="20210623 10:56:50.217"/>
</kw>
<kw name="Catenate" library="BuiltIn">
<var>${table}</var>
<arg>${table}</arg>
<arg>&lt;tr&gt;&lt;td&gt;${date.day}/${date.month}/${date.year}&lt;/td&gt;</arg>
<doc>Catenates the given items together and returns the resulted string.</doc>
<msg timestamp="20210623 10:56:50.218" level="INFO">${table} = &lt;!DOCTYPE html&gt;&lt;html&gt;&lt;head&gt;&lt;/head&gt;&lt;body&gt;&lt;table border="1"&gt; &lt;caption&gt;&lt;h1&gt;Feriados Lisboa 2022&lt;/h1&gt;&lt;/caption&gt; &lt;tr&gt;&lt;th&gt;Data&lt;/th&gt; &lt;th&gt;Nome&lt;/th&gt; &lt;th&gt;Tipo&lt;/th&gt;&lt;th&gt;Descrição&lt;/th&gt;&lt;/tr&gt; &lt;tr&gt;&lt;td&gt;1/1/2022&lt;/td&gt; &lt;...</msg>
<status status="PASS" starttime="20210623 10:56:50.217" endtime="20210623 10:56:50.218"/>
</kw>
<kw name="Catenate" library="BuiltIn">
<var>${table}</var>
<arg>${table}</arg>
<arg>&lt;td&gt;${response[${index}]['Name']}&lt;/td&gt;</arg>
<doc>Catenates the given items together and returns the resulted string.</doc>
<msg timestamp="20210623 10:56:50.219" level="INFO">${table} = &lt;!DOCTYPE html&gt;&lt;html&gt;&lt;head&gt;&lt;/head&gt;&lt;body&gt;&lt;table border="1"&gt; &lt;caption&gt;&lt;h1&gt;Feriados Lisboa 2022&lt;/h1&gt;&lt;/caption&gt; &lt;tr&gt;&lt;th&gt;Data&lt;/th&gt; &lt;th&gt;Nome&lt;/th&gt; &lt;th&gt;Tipo&lt;/th&gt;&lt;th&gt;Descrição&lt;/th&gt;&lt;/tr&gt; &lt;tr&gt;&lt;td&gt;1/1/2022&lt;/td&gt; &lt;...</msg>
<status status="PASS" starttime="20210623 10:56:50.219" endtime="20210623 10:56:50.219"/>
</kw>
<kw name="Catenate" library="BuiltIn">
<var>${table}</var>
<arg>${table}</arg>
<arg>&lt;td&gt;${response[${index}]['Type']}&lt;/td&gt;</arg>
<doc>Catenates the given items together and returns the resulted string.</doc>
<msg timestamp="20210623 10:56:50.220" level="INFO">${table} = &lt;!DOCTYPE html&gt;&lt;html&gt;&lt;head&gt;&lt;/head&gt;&lt;body&gt;&lt;table border="1"&gt; &lt;caption&gt;&lt;h1&gt;Feriados Lisboa 2022&lt;/h1&gt;&lt;/caption&gt; &lt;tr&gt;&lt;th&gt;Data&lt;/th&gt; &lt;th&gt;Nome&lt;/th&gt; &lt;th&gt;Tipo&lt;/th&gt;&lt;th&gt;Descrição&lt;/th&gt;&lt;/tr&gt; &lt;tr&gt;&lt;td&gt;1/1/2022&lt;/td&gt; &lt;...</msg>
<status status="PASS" starttime="20210623 10:56:50.220" endtime="20210623 10:56:50.220"/>
</kw>
<kw name="Catenate" library="BuiltIn">
<var>${table}</var>
<arg>${table}</arg>
<arg>&lt;td&gt;${response[${index}]['Description']}&lt;/td&gt;&lt;/tr&gt;</arg>
<doc>Catenates the given items together and returns the resulted string.</doc>
<msg timestamp="20210623 10:56:50.221" level="INFO">${table} = &lt;!DOCTYPE html&gt;&lt;html&gt;&lt;head&gt;&lt;/head&gt;&lt;body&gt;&lt;table border="1"&gt; &lt;caption&gt;&lt;h1&gt;Feriados Lisboa 2022&lt;/h1&gt;&lt;/caption&gt; &lt;tr&gt;&lt;th&gt;Data&lt;/th&gt; &lt;th&gt;Nome&lt;/th&gt; &lt;th&gt;Tipo&lt;/th&gt;&lt;th&gt;Descrição&lt;/th&gt;&lt;/tr&gt; &lt;tr&gt;&lt;td&gt;1/1/2022&lt;/td&gt; &lt;...</msg>
<status status="PASS" starttime="20210623 10:56:50.220" endtime="20210623 10:56:50.222"/>
</kw>
<status status="PASS" starttime="20210623 10:56:50.214" endtime="20210623 10:56:50.222"/>
</iter>
<status status="PASS" starttime="20210623 10:56:50.102" endtime="20210623 10:56:50.222"/>
</for>
<kw name="Catenate" library="BuiltIn">
<var>${table}</var>
<arg>${table}</arg>
<arg>&lt;/table&gt;&lt;/body&gt;&lt;/html&gt;</arg>
<doc>Catenates the given items together and returns the resulted string.</doc>
<msg timestamp="20210623 10:56:50.222" level="INFO">${table} = &lt;!DOCTYPE html&gt;&lt;html&gt;&lt;head&gt;&lt;/head&gt;&lt;body&gt;&lt;table border="1"&gt; &lt;caption&gt;&lt;h1&gt;Feriados Lisboa 2022&lt;/h1&gt;&lt;/caption&gt; &lt;tr&gt;&lt;th&gt;Data&lt;/th&gt; &lt;th&gt;Nome&lt;/th&gt; &lt;th&gt;Tipo&lt;/th&gt;&lt;th&gt;Descrição&lt;/th&gt;&lt;/tr&gt; &lt;tr&gt;&lt;td&gt;1/1/2022&lt;/td&gt; &lt;...</msg>
<status status="PASS" starttime="20210623 10:56:50.222" endtime="20210623 10:56:50.222"/>
</kw>
<kw name="Log" library="BuiltIn">
<arg>${table}</arg>
<arg>html=True</arg>
<doc>Logs the given message with the given level.</doc>
<msg timestamp="20210623 10:56:50.222" level="INFO" html="true">&lt;!DOCTYPE html&gt;&lt;html&gt;&lt;head&gt;&lt;/head&gt;&lt;body&gt;&lt;table border="1"&gt; &lt;caption&gt;&lt;h1&gt;Feriados Lisboa 2022&lt;/h1&gt;&lt;/caption&gt; &lt;tr&gt;&lt;th&gt;Data&lt;/th&gt; &lt;th&gt;Nome&lt;/th&gt; &lt;th&gt;Tipo&lt;/th&gt;&lt;th&gt;Descrição&lt;/th&gt;&lt;/tr&gt; &lt;tr&gt;&lt;td&gt;1/1/2022&lt;/td&gt; &lt;td&gt;Ano Novo&lt;/td&gt; &lt;td&gt;National&lt;/td&gt; &lt;td&gt;O Ano-Novo é um evento que acontece quando uma cultura celebra o fim de um ano e o começo do próximo. Todas culturas que têm calendários anuais celebram o "Ano-Novo". A celebração do evento é também chamada réveillon, termo oriundo do verbo réveiller, que em francês significa "despertar".&lt;/td&gt;&lt;/tr&gt; &lt;tr&gt;&lt;td&gt;1/3/2022&lt;/td&gt; &lt;td&gt;Carnaval&lt;/td&gt; &lt;td&gt;Optional&lt;/td&gt; &lt;td&gt;Feriado facultativo, sendo rara a sua não utilização na prática. A data tem origem na tradição pagã de celebrar o final do inverno e foi depois adaptada pela Igreja Católica marcando agora o período de 40 dias antes da Semana Santa (Quaresma), ou 47 dias antes da Páscoa, sendo conhecido também por Entrudo&lt;/td&gt;&lt;/tr&gt; &lt;tr&gt;&lt;td&gt;15/4/2022&lt;/td&gt; &lt;td&gt;Sexta-Feira Santa&lt;/td&gt; &lt;td&gt;National&lt;/td&gt; &lt;td&gt;A Sexta-feira Santa é a Sexta-feira antes do Domingo de Páscoa. Em algumas localidades este feriado pode ser celebrado noutra data na época da Páscoa de acordo com a tradição local. É a data em que os cristãos lembram o julgamento, paixão, crucificação, morte e sepultura de Jesus Cristo, através de diversos ritos religiosos&lt;/td&gt;&lt;/tr&gt; &lt;tr&gt;&lt;td&gt;17/4/2022&lt;/td&gt; &lt;td&gt;Páscoa&lt;/td&gt; &lt;td&gt;Religious&lt;/td&gt; &lt;td&gt;Primeiro Domingo após a primeira lua cheia que se verificar a partir de 21 de Março. Sendo celebrado a um Domingo não é classificado como feriado oficial. A Páscoa (do hebraico Pessach, significando passagem) é um evento religioso cristão, normalmente considerado pelas igrejas ligadas a esta corrente religiosa como a maior e a mais importante festa da cristandade. Na Páscoa os cristãos celebram a Ressurreição de Jesus Cristo (Vitória sobre a morte) depois da sua morte por crucificação (ver Sexta-Feira Santa) que teria ocorrido nesta altura do ano em 30 ou 33 d.C.&lt;/td&gt;&lt;/tr&gt; &lt;tr&gt;&lt;td&gt;25/4/2022&lt;/td&gt; &lt;td&gt;Dia da Liberdade&lt;/td&gt; &lt;td&gt;National&lt;/td&gt; &lt;td&gt;O golpe de estado militar do dia 25 de Abril de 1974 derrubou, num só dia, o regime político que vigorava em Portugal desde 1926, sem grande resistência das forças leais ao governo, que cederam perante a revolta das forças armadas. Este levantamento é conhecido por Dia D, 25 de Abril ou Revolução dos Cravos&lt;/td&gt;&lt;/tr&gt; &lt;tr&gt;&lt;td&gt;1/5/2022&lt;/td&gt; &lt;td&gt;Dia do Trabalhador&lt;/td&gt; &lt;td&gt;National&lt;/td&gt; &lt;td&gt;O Dia do Trabalhador é celebrado anualmente no dia 1 de Maio em numerosos países do mundo, sendo feriado nacional em muitos deles. Em Portugal, só a partir de Maio de 1974 (o ano da revolução do 25 de Abril) é que se voltou a comemorar espontaneamente o Primeiro de Maio.&lt;/td&gt;&lt;/tr&gt; &lt;tr&gt;&lt;td&gt;10/6/2022&lt;/td&gt; &lt;td&gt;Dia de Camões, de Portugal e das Comunidades Portuguesas&lt;/td&gt; &lt;td&gt;National&lt;/td&gt; &lt;td&gt;O Dia de Portugal; Dia de Camões, de Portugal e das Comunidades Portuguesas, é o dia em que se assinala a morte de Luís Vaz de Camões a 10 de Junho de 1580, e é também o Dia Nacional de Portugal.&lt;/td&gt;&lt;/tr&gt; &lt;tr&gt;&lt;td&gt;13/6/2022&lt;/td&gt; &lt;td&gt;Feriado Municipal&lt;/td&gt; &lt;td&gt;Municipal&lt;/td&gt; &lt;td&gt;Dia de Santo António&lt;/td&gt;&lt;/tr&gt; &lt;tr&gt;&lt;td&gt;16/6/2022&lt;/td&gt; &lt;td&gt;Corpo de Deus&lt;/td&gt; &lt;td&gt;National&lt;/td&gt; &lt;td&gt;Corpus Christi (latim para Corpo de Cristo) é uma festa móvel da Igreja Católica que celebra a presença de Cristo na Eucaristia. É realizada na quinta-feira seguinte ao domingo da Santíssima Trindade. É uma festa de 'preceito', isto é, para os católicos é de comparecimento obrigatório assistir à Missa neste dia, na forma estabelecida pela Conferência Episcopal do país respectivo&lt;/td&gt;&lt;/tr&gt; &lt;tr&gt;&lt;td&gt;15/8/2022&lt;/td&gt; &lt;td&gt;Assunção de Nossa Senhora&lt;/td&gt; &lt;td&gt;National&lt;/td&gt; &lt;td&gt;É a solenidade da Igreja Católica referente à elevação de Maria em corpo e alma à eternidade, para junto de Deus, de forma definitiva.&lt;/td&gt;&lt;/tr&gt; &lt;tr&gt;&lt;td&gt;5/10/2022&lt;/td&gt; &lt;td&gt;Implantação da República&lt;/td&gt; &lt;td&gt;National&lt;/td&gt; &lt;td&gt;A Proclamação da República Portuguesa foi o resultado da Revolução de 5 de Outubro de 1910 que naquela data pôs termo à monarquia em Portugal.&lt;/td&gt;&lt;/tr&gt; &lt;tr&gt;&lt;td&gt;1/11/2022&lt;/td&gt; &lt;td&gt;Dia de Todos os Santos&lt;/td&gt; &lt;td&gt;National&lt;/td&gt; &lt;td&gt;Tradicionalmente utilizado para recordar entes falecidos. O Dia dos Fiéis Defuntos é a 2 de Novembro mas, por questões de ordem prática, passou-se a usar o 1 de Novembro para visitar e recordar os falecidos.&lt;/td&gt;&lt;/tr&gt; &lt;tr&gt;&lt;td&gt;1/12/2022&lt;/td&gt; &lt;td&gt;Restauração da Independência&lt;/td&gt; &lt;td&gt;National&lt;/td&gt; &lt;td&gt;A Restauração da Independência é a instauração da casa de Bragança face à dinastia filipina em 1 de dezembro de 1640, que durante 60 anos regeu o país. É comemorada anualmente em Portugal por um feriado no dia 1 de Dezembro.&lt;/td&gt;&lt;/tr&gt; &lt;tr&gt;&lt;td&gt;8/12/2022&lt;/td&gt; &lt;td&gt;Imaculada Conceição&lt;/td&gt; &lt;td&gt;National&lt;/td&gt; &lt;td&gt;Padroeira do Reino de Portugal desde 1646. A Imaculada Conceição é um dogma da Igreja Católica Romana. Definido no século XIX, sua festa litúrgica é celebrada em 8 de Dezembro. Segundo esse dogma, a Virgem Maria foi preservada do pecado original desde o primeiro instante de sua existência. Nascida há dois mil anos atrás, na zona da Palestina.&lt;/td&gt;&lt;/tr&gt; &lt;tr&gt;&lt;td&gt;25/12/2022&lt;/td&gt; &lt;td&gt;Natal&lt;/td&gt; &lt;td&gt;National&lt;/td&gt; &lt;td&gt;A noite de 24 para 25, conhecida como Consoada, é marcada com uma reunião familiar, com um jantar que varia de região para região, embora o bacalhau com batatas se tenha tornado cada vez mais popular. No final da refeição, é servido o Bolo Rei, incluído entre muitos doces e sobremesas típicas destas festas. No final do jantar ou após a meia-noite do dia 25, trocam-se presentes.&lt;/td&gt;&lt;/tr&gt; &lt;/table&gt;&lt;/body&gt;&lt;/html&gt;</msg>
<status status="PASS" starttime="20210623 10:56:50.222" endtime="20210623 10:56:50.223"/>
</kw>
<status status="PASS" starttime="20210623 10:56:49.572" endtime="20210623 10:56:50.223"/>
</kw>
<doc>Request to SOAP webservice and using dynamic keywords, also using log as an html table</doc>
<tag>SOAP</tag>
<tag>Webservice</tag>
<status status="PASS" starttime="20210623 10:56:46.871" endtime="20210623 10:56:50.223"/>
</test>
<status status="PASS" starttime="20210623 10:56:42.645" endtime="20210623 10:56:50.225"/>
</suite>
<status status="PASS" starttime="20210623 10:56:40.866" endtime="20210623 10:56:50.230"/>
</suite>
<status status="PASS" starttime="20210623 10:56:17.340" endtime="20210623 10:56:50.233"/>
</suite>
<statistics>
<total>
<stat pass="8" fail="0" skip="0">All Tests</stat>
</total>
<tag>
<stat pass="1" fail="0" skip="0">Browser</stat>
<stat pass="2" fail="0" skip="0">REST</stat>
<stat pass="1" fail="0" skip="0">Selenium</stat>
<stat pass="4" fail="0" skip="0">SOAP</stat>
<stat pass="2" fail="0" skip="0">Web</stat>
<stat pass="6" fail="0" skip="0">Webservice</stat>
</tag>
<suite>
<stat pass="8" fail="0" skip="0" id="s1" name="Tests">Tests</stat>
<stat pass="2" fail="0" skip="0" id="s1-s1" name="Web">Tests.Web</stat>
<stat pass="1" fail="0" skip="0" id="s1-s1-s1" name="Web Browser Lib">Tests.Web.Web Browser Lib</stat>
<stat pass="1" fail="0" skip="0" id="s1-s1-s2" name="Web Selenium Lib">Tests.Web.Web Selenium Lib</stat>
<stat pass="6" fail="0" skip="0" id="s1-s2" name="Webservices">Tests.Webservices</stat>
<stat pass="2" fail="0" skip="0" id="s1-s2-s1" name="REST">Tests.Webservices.REST</stat>
<stat pass="4" fail="0" skip="0" id="s1-s2-s2" name="SOAP">Tests.Webservices.SOAP</stat>
</suite>
</statistics>
<errors>
</errors>
</robot>
